c:\coding\vs\suitesparse\build\suitesparse\spqr\spqr.dir\debug\vc141.pdb
c:\coding\vs\suitesparse\build\suitesparse\spqr\spqr.dir\debug\spqr_rcount.obj
c:\coding\vs\suitesparse\build\suitesparse\spqr\spqr.dir\debug\spqr_rconvert.obj
c:\coding\vs\suitesparse\build\suitesparse\spqr\spqr.dir\debug\spqr_maxcolnorm.obj
c:\coding\vs\suitesparse\build\suitesparse\spqr\spqr.dir\debug\spqr_fsize.obj
c:\coding\vs\suitesparse\build\suitesparse\spqr\spqr.dir\debug\spqr_freefac.obj
c:\coding\vs\suitesparse\build\suitesparse\spqr\spqr.dir\debug\spqr_freesym.obj
c:\coding\vs\suitesparse\build\suitesparse\spqr\spqr.dir\debug\spqr_freenum.obj
c:\coding\vs\suitesparse\build\suitesparse\spqr\spqr.dir\debug\spqr_factorize.obj
c:\coding\vs\suitesparse\build\suitesparse\spqr\spqr.dir\debug\spqr_front.obj
c:\coding\vs\suitesparse\build\suitesparse\spqr\spqr.dir\debug\spqr_debug.obj
c:\coding\vs\suitesparse\build\suitesparse\spqr\spqr.dir\debug\spqr_fcsize.obj
c:\coding\vs\suitesparse\build\suitesparse\spqr\spqr.dir\debug\spqr_csize.obj
c:\coding\vs\suitesparse\build\suitesparse\spqr\spqr.dir\debug\spqr_cpack.obj
c:\coding\vs\suitesparse\build\suitesparse\spqr\spqr.dir\debug\spqr_assemble.obj
c:\coding\vs\suitesparse\build\suitesparse\spqr\spqr.dir\debug\spqr_analyze.obj
c:\coding\vs\suitesparse\build\suitesparse\spqr\spqr.dir\debug\spqr_kernel.obj
c:\coding\vs\suitesparse\build\suitesparse\spqr\spqr.dir\debug\spqr_parallel.obj
c:\coding\vs\suitesparse\build\suitesparse\spqr\spqr.dir\debug\suitesparseqr_expert.obj
c:\coding\vs\suitesparse\build\suitesparse\spqr\spqr.dir\debug\suitesparseqr_c.obj
c:\coding\vs\suitesparse\build\suitesparse\spqr\spqr.dir\debug\spqr_rmap.obj
c:\coding\vs\suitesparse\build\suitesparse\spqr\spqr.dir\debug\spqr_tol.obj
c:\coding\vs\suitesparse\build\suitesparse\spqr\spqr.dir\debug\spqr_type.obj
c:\coding\vs\suitesparse\build\suitesparse\spqr\spqr.dir\debug\spqr_append.obj
c:\coding\vs\suitesparse\build\suitesparse\spqr\spqr.dir\debug\spqr_larftb.obj
c:\coding\vs\suitesparse\build\suitesparse\spqr\spqr.dir\debug\spqr_trapezoidal.obj
c:\coding\vs\suitesparse\build\suitesparse\spqr\spqr.dir\debug\suitesparseqr_qmult.obj
c:\coding\vs\suitesparse\build\suitesparse\spqr\spqr.dir\debug\spqr_happly_work.obj
c:\coding\vs\suitesparse\build\suitesparse\spqr\spqr.dir\debug\spqr_panel.obj
c:\coding\vs\suitesparse\build\suitesparse\spqr\spqr.dir\debug\spqr_happly.obj
c:\coding\vs\suitesparse\build\suitesparse\spqr\spqr.dir\debug\spqr_shift.obj
c:\coding\vs\suitesparse\build\suitesparse\spqr\spqr.dir\debug\spqr_cumsum.obj
c:\coding\vs\suitesparse\build\suitesparse\spqr\spqr.dir\debug\spqr_1factor.obj
c:\coding\vs\suitesparse\build\suitesparse\spqr\spqr.dir\debug\suitesparseqr.obj
c:\coding\vs\suitesparse\build\suitesparse\spqr\spqr.dir\debug\spqr_1colamd.obj
c:\coding\vs\suitesparse\build\suitesparse\spqr\spqr.dir\debug\spqr_1fixed.obj
c:\coding\vs\suitesparse\build\suitesparse\spqr\spqr.dir\debug\spqr_hpinv.obj
c:\coding\vs\suitesparse\build\suitesparse\spqr\spqr.dir\debug\spqr_stranspose2.obj
c:\coding\vs\suitesparse\build\suitesparse\spqr\spqr.dir\debug\spqr_stranspose1.obj
c:\coding\vs\suitesparse\build\suitesparse\spqr\spqr.dir\debug\spqr_rsolve.obj
c:\coding\vs\suitesparse\build\suitesparse\spqr\spqr.dir\debug\spqr_rhpack.obj
c:\coding\vs\suitesparse\build\suitesparse\spqr\cmakefiles\generate.stamp
c:\coding\vs\suitesparse\build\lib\debug\libspqrd.ilk
c:\coding\vs\suitesparse\build\lib\debug\libspqrd.dll
c:\coding\vs\suitesparse\build\lib\debug\libspqrd.pdb
c:\coding\vs\suitesparse\build\lib\debug\libspqrd.lib
c:\coding\vs\suitesparse\build\lib\debug\libspqrd.exp
c:\coding\vs\suitesparse\build\suitesparse\spqr\spqr.dir\debug\spqr.tlog\cl.command.1.tlog
c:\coding\vs\suitesparse\build\suitesparse\spqr\spqr.dir\debug\spqr.tlog\cl.read.1.tlog
c:\coding\vs\suitesparse\build\suitesparse\spqr\spqr.dir\debug\spqr.tlog\cl.write.1.tlog
c:\coding\vs\suitesparse\build\suitesparse\spqr\spqr.dir\debug\spqr.tlog\custombuild.command.1.tlog
c:\coding\vs\suitesparse\build\suitesparse\spqr\spqr.dir\debug\spqr.tlog\custombuild.read.1.tlog
c:\coding\vs\suitesparse\build\suitesparse\spqr\spqr.dir\debug\spqr.tlog\custombuild.write.1.tlog
c:\coding\vs\suitesparse\build\suitesparse\spqr\spqr.dir\debug\spqr.tlog\link.command.1.tlog
c:\coding\vs\suitesparse\build\suitesparse\spqr\spqr.dir\debug\spqr.tlog\link.read.1.tlog
c:\coding\vs\suitesparse\build\suitesparse\spqr\spqr.dir\debug\spqr.tlog\link.write.1.tlog
c:\coding\vs\suitesparse\build\suitesparse\spqr\spqr.dir\debug\spqr.tlog\spqr.write.1u.tlog
