  Building Custom Rule C:/Coding/VS/suitesparse/SuiteSparse/UMFPACK/CMakeLists.txt
  CMake does not need to re-run because C:/Coding/VS/suitesparse/build/SuiteSparse/UMFPACK/CMakeFiles/generate.stamp is up-to-date.
  umf_di_assemble.o.c
c:\coding\vs\suitesparse\suitesparse\umfpack\source\umf_assemble.c(115): warning C4068: unknown pragma
c:\coding\vs\suitesparse\suitesparse\umfpack\source\umf_assemble.c(135): warning C4068: unknown pragma
c:\coding\vs\suitesparse\suitesparse\umfpack\source\umf_assemble.c(160): warning C4244: '=': conversion from '__int64' to 'int', possible loss of data
c:\coding\vs\suitesparse\suitesparse\umfpack\source\umf_assemble.c(266): warning C4068: unknown pragma
c:\coding\vs\suitesparse\suitesparse\umfpack\source\umf_assemble.c(282): warning C4068: unknown pragma
c:\coding\vs\suitesparse\suitesparse\umfpack\source\umf_assemble.c(303): warning C4244: '=': conversion from '__int64' to 'int', possible loss of data
c:\coding\vs\suitesparse\suitesparse\umfpack\source\umf_assemble.c(535): warning C4244: '=': conversion from '__int64' to 'int', possible loss of data
c:\coding\vs\suitesparse\suitesparse\umfpack\source\umf_assemble.c(596): warning C4244: '=': conversion from '__int64' to 'int', possible loss of data
c:\coding\vs\suitesparse\suitesparse\umfpack\source\umf_assemble.c(642): warning C4068: unknown pragma
c:\coding\vs\suitesparse\suitesparse\umfpack\source\umf_assemble.c(663): warning C4068: unknown pragma
c:\coding\vs\suitesparse\suitesparse\umfpack\source\umf_assemble.c(689): warning C4068: unknown pragma
c:\coding\vs\suitesparse\suitesparse\umfpack\source\umf_assemble.c(736): warning C4068: unknown pragma
c:\coding\vs\suitesparse\suitesparse\umfpack\source\umf_assemble.c(761): warning C4068: unknown pragma
c:\coding\vs\suitesparse\suitesparse\umfpack\source\umf_assemble.c(820): warning C4068: unknown pragma
c:\coding\vs\suitesparse\suitesparse\umfpack\source\umf_assemble.c(838): warning C4068: unknown pragma
c:\coding\vs\suitesparse\suitesparse\umfpack\source\umf_assemble.c(884): warning C4068: unknown pragma
c:\coding\vs\suitesparse\suitesparse\umfpack\source\umf_assemble.c(968): warning C4068: unknown pragma
c:\coding\vs\suitesparse\suitesparse\umfpack\source\umf_assemble.c(995): warning C4068: unknown pragma
  umf_di_assemble_fixq.o.c
c:\coding\vs\suitesparse\suitesparse\umfpack\source\umf_assemble.c(115): warning C4068: unknown pragma
c:\coding\vs\suitesparse\suitesparse\umfpack\source\umf_assemble.c(135): warning C4068: unknown pragma
c:\coding\vs\suitesparse\suitesparse\umfpack\source\umf_assemble.c(160): warning C4244: '=': conversion from '__int64' to 'int', possible loss of data
c:\coding\vs\suitesparse\suitesparse\umfpack\source\umf_assemble.c(266): warning C4068: unknown pragma
c:\coding\vs\suitesparse\suitesparse\umfpack\source\umf_assemble.c(282): warning C4068: unknown pragma
c:\coding\vs\suitesparse\suitesparse\umfpack\source\umf_assemble.c(303): warning C4244: '=': conversion from '__int64' to 'int', possible loss of data
c:\coding\vs\suitesparse\suitesparse\umfpack\source\umf_assemble.c(535): warning C4244: '=': conversion from '__int64' to 'int', possible loss of data
c:\coding\vs\suitesparse\suitesparse\umfpack\source\umf_assemble.c(596): warning C4244: '=': conversion from '__int64' to 'int', possible loss of data
c:\coding\vs\suitesparse\suitesparse\umfpack\source\umf_assemble.c(642): warning C4068: unknown pragma
c:\coding\vs\suitesparse\suitesparse\umfpack\source\umf_assemble.c(663): warning C4068: unknown pragma
c:\coding\vs\suitesparse\suitesparse\umfpack\source\umf_assemble.c(689): warning C4068: unknown pragma
c:\coding\vs\suitesparse\suitesparse\umfpack\source\umf_assemble.c(736): warning C4068: unknown pragma
c:\coding\vs\suitesparse\suitesparse\umfpack\source\umf_assemble.c(761): warning C4068: unknown pragma
c:\coding\vs\suitesparse\suitesparse\umfpack\source\umf_assemble.c(820): warning C4068: unknown pragma
c:\coding\vs\suitesparse\suitesparse\umfpack\source\umf_assemble.c(838): warning C4068: unknown pragma
c:\coding\vs\suitesparse\suitesparse\umfpack\source\umf_assemble.c(884): warning C4068: unknown pragma
c:\coding\vs\suitesparse\suitesparse\umfpack\source\umf_assemble.c(968): warning C4068: unknown pragma
c:\coding\vs\suitesparse\suitesparse\umfpack\source\umf_assemble.c(995): warning C4068: unknown pragma
  umf_di_blas3_update.o.c
c:\coding\vs\suitesparse\suitesparse\umfpack\source\umf_blas3_update.c(80): warning C4068: unknown pragma
c:\coding\vs\suitesparse\suitesparse\umfpack\source\umf_blas3_update.c(116): warning C4068: unknown pragma
c:\coding\vs\suitesparse\suitesparse\umfpack\source\umf_blas3_update.c(151): warning C4068: unknown pragma
  umf_di_build_tuples.o.c
  umf_di_create_element.o.c
c:\coding\vs\suitesparse\suitesparse\umfpack\source\umf_create_element.c(30): warning C4068: unknown pragma
c:\coding\vs\suitesparse\suitesparse\umfpack\source\umf_create_element.c(99): warning C4068: unknown pragma
c:\coding\vs\suitesparse\suitesparse\umfpack\source\umf_create_element.c(112): warning C4068: unknown pragma
c:\coding\vs\suitesparse\suitesparse\umfpack\source\umf_create_element.c(136): warning C4068: unknown pragma
c:\coding\vs\suitesparse\suitesparse\umfpack\source\umf_create_element.c(157): warning C4068: unknown pragma
c:\coding\vs\suitesparse\suitesparse\umfpack\source\umf_create_element.c(175): warning C4068: unknown pragma
c:\coding\vs\suitesparse\suitesparse\umfpack\source\umf_create_element.c(184): warning C4068: unknown pragma
c:\coding\vs\suitesparse\suitesparse\umfpack\source\umf_create_element.c(286): warning C4068: unknown pragma
c:\coding\vs\suitesparse\suitesparse\umfpack\source\umf_create_element.c(291): warning C4068: unknown pragma
c:\coding\vs\suitesparse\suitesparse\umfpack\source\umf_create_element.c(402): warning C4244: '=': conversion from '__int64' to 'int', possible loss of data
c:\coding\vs\suitesparse\suitesparse\umfpack\source\umf_create_element.c(505): warning C4244: '=': conversion from '__int64' to 'int', possible loss of data
  umf_di_dump.o.c
  umf_di_extend_front.o.c
c:\coding\vs\suitesparse\suitesparse\umfpack\source\umf_extend_front.c(34): warning C4068: unknown pragma
c:\coding\vs\suitesparse\suitesparse\umfpack\source\umf_extend_front.c(48): warning C4068: unknown pragma
c:\coding\vs\suitesparse\suitesparse\umfpack\source\umf_extend_front.c(62): warning C4068: unknown pragma
c:\coding\vs\suitesparse\suitesparse\umfpack\source\umf_extend_front.c(76): warning C4068: unknown pragma
c:\coding\vs\suitesparse\suitesparse\umfpack\source\umf_extend_front.c(129): warning C4244: '=': conversion from 'double' to 'int', possible loss of data
c:\coding\vs\suitesparse\suitesparse\umfpack\source\umf_extend_front.c(130): warning C4244: '=': conversion from 'double' to 'int', possible loss of data
  umf_di_garbage_collection.o.c
c:\coding\vs\suitesparse\suitesparse\umfpack\source\umf_garbage_collection.c(464): warning C4244: '=': conversion from '__int64' to 'int', possible loss of data
c:\coding\vs\suitesparse\suitesparse\umfpack\source\umf_garbage_collection.c(637): warning C4244: '=': conversion from '__int64' to 'int', possible loss of data
c:\coding\vs\suitesparse\suitesparse\umfpack\source\umf_garbage_collection.c(676): warning C4244: '=': conversion from '__int64' to 'int', possible loss of data
  umf_di_get_memory.o.c
  umf_di_grow_front.o.c
c:\coding\vs\suitesparse\suitesparse\umfpack\source\umf_grow_front.c(116): warning C4244: '=': conversion from 'double' to 'int', possible loss of data
c:\coding\vs\suitesparse\suitesparse\umfpack\source\umf_grow_front.c(117): warning C4244: '=': conversion from 'double' to 'int', possible loss of data
c:\coding\vs\suitesparse\suitesparse\umfpack\source\umf_grow_front.c(189): warning C4244: '=': conversion from 'double' to 'int', possible loss of data
c:\coding\vs\suitesparse\suitesparse\umfpack\source\umf_grow_front.c(190): warning C4244: '=': conversion from 'double' to 'int', possible loss of data
  umf_di_init_front.o.c
c:\coding\vs\suitesparse\suitesparse\umfpack\source\umf_init_front.c(67): warning C4244: '=': conversion from 'double' to 'int', possible loss of data
c:\coding\vs\suitesparse\suitesparse\umfpack\source\umf_init_front.c(68): warning C4244: '=': conversion from 'double' to 'int', possible loss of data
  umf_di_kernel.o.c
  umf_di_kernel_init.o.c
  umf_di_kernel_wrapup.o.c
  umf_di_lhsolve.o.c
  umf_di_local_search.o.c
c:\coding\vs\suitesparse\suitesparse\umfpack\source\umf_local_search.c(487): warning C4068: unknown pragma
c:\coding\vs\suitesparse\suitesparse\umfpack\source\umf_local_search.c(668): warning C4244: '=': conversion from '__int64' to 'int', possible loss of data
c:\coding\vs\suitesparse\suitesparse\umfpack\source\umf_local_search.c(1065): warning C4244: '=': conversion from '__int64' to 'int', possible loss of data
  umf_di_lsolve.o.c
  umf_di_ltsolve.o.c
  umf_di_mem_alloc_element.o.c
  umf_di_mem_alloc_head_block.o.c
  Generating Code...
  Compiling...
  umf_di_mem_alloc_tail_block.o.c
c:\coding\vs\suitesparse\suitesparse\umfpack\source\umf_mem_alloc_tail_block.c(132): warning C4244: 'return': conversion from '__int64' to 'int', possible loss of data
  umf_di_mem_free_tail_block.o.c
c:\coding\vs\suitesparse\suitesparse\umfpack\source\umf_mem_free_tail_block.c(109): warning C4244: '=': conversion from '__int64' to 'int', possible loss of data
c:\coding\vs\suitesparse\suitesparse\umfpack\source\umf_mem_free_tail_block.c(124): warning C4244: '=': conversion from '__int64' to 'int', possible loss of data
c:\coding\vs\suitesparse\suitesparse\umfpack\source\umf_mem_free_tail_block.c(131): warning C4244: '=': conversion from '__int64' to 'int', possible loss of data
  umf_di_mem_init_memoryspace.o.c
  umf_di_report_vector.o.c
  umf_di_row_search.o.c
c:\coding\vs\suitesparse\suitesparse\umfpack\source\umf_row_search.c(667): warning C4244: '=': conversion from '__int64' to 'int', possible loss of data
c:\coding\vs\suitesparse\suitesparse\umfpack\source\umf_row_search.c(797): warning C4244: '=': conversion from '__int64' to 'int', possible loss of data
  umf_di_scale.o.c
  umf_di_scale_column.o.c
c:\coding\vs\suitesparse\suitesparse\umfpack\source\umf_scale_column.c(33): warning C4068: unknown pragma
c:\coding\vs\suitesparse\suitesparse\umfpack\source\umf_scale_column.c(160): warning C4068: unknown pragma
c:\coding\vs\suitesparse\suitesparse\umfpack\source\umf_scale_column.c(175): warning C4068: unknown pragma
c:\coding\vs\suitesparse\suitesparse\umfpack\source\umf_scale_column.c(235): warning C4068: unknown pragma
c:\coding\vs\suitesparse\suitesparse\umfpack\source\umf_scale_column.c(249): warning C4068: unknown pragma
c:\coding\vs\suitesparse\suitesparse\umfpack\source\umf_scale_column.c(261): warning C4068: unknown pragma
c:\coding\vs\suitesparse\suitesparse\umfpack\source\umf_scale_column.c(304): warning C4068: unknown pragma
c:\coding\vs\suitesparse\suitesparse\umfpack\source\umf_scale_column.c(318): warning C4068: unknown pragma
  umf_di_set_stats.o.c
  umf_di_solve.o.c
  umf_di_start_front.o.c
c:\coding\vs\suitesparse\suitesparse\umfpack\source\umf_start_front.c(161): warning C4244: '=': conversion from 'double' to 'int', possible loss of data
c:\coding\vs\suitesparse\suitesparse\umfpack\source\umf_start_front.c(173): warning C4244: '=': conversion from 'double' to 'int', possible loss of data
  umf_di_store_lu.o.c
  umf_di_store_lu_drop.o.c
  umf_di_symbolic_usage.o.c
  umf_di_transpose.o.c
  umf_di_triplet_map_nox.o.c
  umf_di_triplet_map_x.o.c
  umf_di_triplet_nomap_nox.o.c
  umf_di_triplet_nomap_x.o.c
  umf_di_tuple_lengths.o.c
  umf_di_uhsolve.o.c
  Generating Code...
  Compiling...
  umf_di_usolve.o.c
  umf_di_utsolve.o.c
  umf_di_valid_numeric.o.c
  umf_di_valid_symbolic.o.c
  umf_dl_assemble.o.c
c:\coding\vs\suitesparse\suitesparse\umfpack\source\umf_assemble.c(115): warning C4068: unknown pragma
c:\coding\vs\suitesparse\suitesparse\umfpack\source\umf_assemble.c(135): warning C4068: unknown pragma
c:\coding\vs\suitesparse\suitesparse\umfpack\source\umf_assemble.c(266): warning C4068: unknown pragma
c:\coding\vs\suitesparse\suitesparse\umfpack\source\umf_assemble.c(282): warning C4068: unknown pragma
c:\coding\vs\suitesparse\suitesparse\umfpack\source\umf_assemble.c(642): warning C4068: unknown pragma
c:\coding\vs\suitesparse\suitesparse\umfpack\source\umf_assemble.c(663): warning C4068: unknown pragma
c:\coding\vs\suitesparse\suitesparse\umfpack\source\umf_assemble.c(689): warning C4068: unknown pragma
c:\coding\vs\suitesparse\suitesparse\umfpack\source\umf_assemble.c(736): warning C4068: unknown pragma
c:\coding\vs\suitesparse\suitesparse\umfpack\source\umf_assemble.c(761): warning C4068: unknown pragma
c:\coding\vs\suitesparse\suitesparse\umfpack\source\umf_assemble.c(820): warning C4068: unknown pragma
c:\coding\vs\suitesparse\suitesparse\umfpack\source\umf_assemble.c(838): warning C4068: unknown pragma
c:\coding\vs\suitesparse\suitesparse\umfpack\source\umf_assemble.c(884): warning C4068: unknown pragma
c:\coding\vs\suitesparse\suitesparse\umfpack\source\umf_assemble.c(968): warning C4068: unknown pragma
c:\coding\vs\suitesparse\suitesparse\umfpack\source\umf_assemble.c(995): warning C4068: unknown pragma
  umf_dl_assemble_fixq.o.c
c:\coding\vs\suitesparse\suitesparse\umfpack\source\umf_assemble.c(115): warning C4068: unknown pragma
c:\coding\vs\suitesparse\suitesparse\umfpack\source\umf_assemble.c(135): warning C4068: unknown pragma
c:\coding\vs\suitesparse\suitesparse\umfpack\source\umf_assemble.c(266): warning C4068: unknown pragma
c:\coding\vs\suitesparse\suitesparse\umfpack\source\umf_assemble.c(282): warning C4068: unknown pragma
c:\coding\vs\suitesparse\suitesparse\umfpack\source\umf_assemble.c(642): warning C4068: unknown pragma
c:\coding\vs\suitesparse\suitesparse\umfpack\source\umf_assemble.c(663): warning C4068: unknown pragma
c:\coding\vs\suitesparse\suitesparse\umfpack\source\umf_assemble.c(689): warning C4068: unknown pragma
c:\coding\vs\suitesparse\suitesparse\umfpack\source\umf_assemble.c(736): warning C4068: unknown pragma
c:\coding\vs\suitesparse\suitesparse\umfpack\source\umf_assemble.c(761): warning C4068: unknown pragma
c:\coding\vs\suitesparse\suitesparse\umfpack\source\umf_assemble.c(820): warning C4068: unknown pragma
c:\coding\vs\suitesparse\suitesparse\umfpack\source\umf_assemble.c(838): warning C4068: unknown pragma
c:\coding\vs\suitesparse\suitesparse\umfpack\source\umf_assemble.c(884): warning C4068: unknown pragma
c:\coding\vs\suitesparse\suitesparse\umfpack\source\umf_assemble.c(968): warning C4068: unknown pragma
c:\coding\vs\suitesparse\suitesparse\umfpack\source\umf_assemble.c(995): warning C4068: unknown pragma
  umf_dl_blas3_update.o.c
c:\coding\vs\suitesparse\suitesparse\umfpack\source\umf_blas3_update.c(80): warning C4068: unknown pragma
c:\coding\vs\suitesparse\suitesparse\umfpack\source\umf_blas3_update.c(116): warning C4068: unknown pragma
c:\coding\vs\suitesparse\suitesparse\umfpack\source\umf_blas3_update.c(151): warning C4068: unknown pragma
c:\coding\vs\suitesparse\suitesparse\umfpack\source\umf_blas3_update.c(66): warning C4244: 'initializing': conversion from '__int64' to 'int', possible loss of data
c:\coding\vs\suitesparse\suitesparse\umfpack\source\umf_blas3_update.c(99): warning C4244: 'initializing': conversion from '__int64' to 'int', possible loss of data
c:\coding\vs\suitesparse\suitesparse\umfpack\source\umf_blas3_update.c(133): warning C4244: 'initializing': conversion from '__int64' to 'int', possible loss of data
  umf_dl_build_tuples.o.c
  umf_dl_create_element.o.c
c:\coding\vs\suitesparse\suitesparse\umfpack\source\umf_create_element.c(30): warning C4068: unknown pragma
c:\coding\vs\suitesparse\suitesparse\umfpack\source\umf_create_element.c(99): warning C4068: unknown pragma
c:\coding\vs\suitesparse\suitesparse\umfpack\source\umf_create_element.c(112): warning C4068: unknown pragma
c:\coding\vs\suitesparse\suitesparse\umfpack\source\umf_create_element.c(136): warning C4068: unknown pragma
c:\coding\vs\suitesparse\suitesparse\umfpack\source\umf_create_element.c(157): warning C4068: unknown pragma
c:\coding\vs\suitesparse\suitesparse\umfpack\source\umf_create_element.c(175): warning C4068: unknown pragma
c:\coding\vs\suitesparse\suitesparse\umfpack\source\umf_create_element.c(184): warning C4068: unknown pragma
c:\coding\vs\suitesparse\suitesparse\umfpack\source\umf_create_element.c(286): warning C4068: unknown pragma
c:\coding\vs\suitesparse\suitesparse\umfpack\source\umf_create_element.c(291): warning C4068: unknown pragma
  umf_dl_dump.o.c
  umf_dl_extend_front.o.c
c:\coding\vs\suitesparse\suitesparse\umfpack\source\umf_extend_front.c(34): warning C4068: unknown pragma
c:\coding\vs\suitesparse\suitesparse\umfpack\source\umf_extend_front.c(48): warning C4068: unknown pragma
c:\coding\vs\suitesparse\suitesparse\umfpack\source\umf_extend_front.c(62): warning C4068: unknown pragma
c:\coding\vs\suitesparse\suitesparse\umfpack\source\umf_extend_front.c(76): warning C4068: unknown pragma
c:\coding\vs\suitesparse\suitesparse\umfpack\source\umf_extend_front.c(129): warning C4244: '=': conversion from 'double' to '__int64', possible loss of data
c:\coding\vs\suitesparse\suitesparse\umfpack\source\umf_extend_front.c(130): warning C4244: '=': conversion from 'double' to '__int64', possible loss of data
  umf_dl_garbage_collection.o.c
  umf_dl_get_memory.o.c
  umf_dl_grow_front.o.c
c:\coding\vs\suitesparse\suitesparse\umfpack\source\umf_grow_front.c(116): warning C4244: '=': conversion from 'double' to '__int64', possible loss of data
c:\coding\vs\suitesparse\suitesparse\umfpack\source\umf_grow_front.c(117): warning C4244: '=': conversion from 'double' to '__int64', possible loss of data
c:\coding\vs\suitesparse\suitesparse\umfpack\source\umf_grow_front.c(189): warning C4244: '=': conversion from 'double' to '__int64', possible loss of data
c:\coding\vs\suitesparse\suitesparse\umfpack\source\umf_grow_front.c(190): warning C4244: '=': conversion from 'double' to '__int64', possible loss of data
  umf_dl_init_front.o.c
c:\coding\vs\suitesparse\suitesparse\umfpack\source\umf_init_front.c(67): warning C4244: '=': conversion from 'double' to '__int64', possible loss of data
c:\coding\vs\suitesparse\suitesparse\umfpack\source\umf_init_front.c(68): warning C4244: '=': conversion from 'double' to '__int64', possible loss of data
  umf_dl_kernel.o.c
  umf_dl_kernel_init.o.c
  umf_dl_kernel_wrapup.o.c
  umf_dl_lhsolve.o.c
  umf_dl_local_search.o.c
c:\coding\vs\suitesparse\suitesparse\umfpack\source\umf_local_search.c(487): warning C4068: unknown pragma
c:\coding\vs\suitesparse\suitesparse\umfpack\source\umf_local_search.c(478): warning C4244: 'initializing': conversion from '__int64' to 'int', possible loss of data
c:\coding\vs\suitesparse\suitesparse\umfpack\source\umf_local_search.c(533): warning C4244: 'initializing': conversion from '__int64' to 'int', possible loss of data
  Generating Code...
  Compiling...
  umf_dl_lsolve.o.c
  umf_dl_ltsolve.o.c
  umf_dl_mem_alloc_element.o.c
  umf_dl_mem_alloc_head_block.o.c
  umf_dl_mem_alloc_tail_block.o.c
  umf_dl_mem_free_tail_block.o.c
  umf_dl_mem_init_memoryspace.o.c
  umf_dl_report_vector.o.c
  umf_dl_row_search.o.c
  umf_dl_scale.o.c
  umf_dl_scale_column.o.c
c:\coding\vs\suitesparse\suitesparse\umfpack\source\umf_scale_column.c(33): warning C4068: unknown pragma
c:\coding\vs\suitesparse\suitesparse\umfpack\source\umf_scale_column.c(160): warning C4068: unknown pragma
c:\coding\vs\suitesparse\suitesparse\umfpack\source\umf_scale_column.c(175): warning C4068: unknown pragma
c:\coding\vs\suitesparse\suitesparse\umfpack\source\umf_scale_column.c(235): warning C4068: unknown pragma
c:\coding\vs\suitesparse\suitesparse\umfpack\source\umf_scale_column.c(249): warning C4068: unknown pragma
c:\coding\vs\suitesparse\suitesparse\umfpack\source\umf_scale_column.c(261): warning C4068: unknown pragma
c:\coding\vs\suitesparse\suitesparse\umfpack\source\umf_scale_column.c(304): warning C4068: unknown pragma
c:\coding\vs\suitesparse\suitesparse\umfpack\source\umf_scale_column.c(318): warning C4068: unknown pragma
  umf_dl_set_stats.o.c
c:\coding\vs\suitesparse\suitesparse\umfpack\source\umf_set_stats.c(45): warning C4244: '=': conversion from '__int64' to 'double', possible loss of data
c:\coding\vs\suitesparse\suitesparse\umfpack\source\umf_set_stats.c(46): warning C4244: '=': conversion from '__int64' to 'double', possible loss of data
c:\coding\vs\suitesparse\suitesparse\umfpack\source\umf_set_stats.c(47): warning C4244: '=': conversion from '__int64' to 'double', possible loss of data
  umf_dl_solve.o.c
c:\coding\vs\suitesparse\suitesparse\umfpack\source\umf_solve.c(205): warning C4244: '=': conversion from '__int64' to 'double', possible loss of data
c:\coding\vs\suitesparse\suitesparse\umfpack\source\umf_solve.c(481): warning C4244: '=': conversion from '__int64' to 'double', possible loss of data
c:\coding\vs\suitesparse\suitesparse\umfpack\source\umf_solve.c(754): warning C4244: '=': conversion from '__int64' to 'double', possible loss of data
c:\coding\vs\suitesparse\suitesparse\umfpack\source\umf_solve.c(1335): warning C4244: '=': conversion from '__int64' to 'double', possible loss of data
c:\coding\vs\suitesparse\suitesparse\umfpack\source\umf_solve.c(1336): warning C4244: '=': conversion from '__int64' to 'double', possible loss of data
c:\coding\vs\suitesparse\suitesparse\umfpack\source\umf_solve.c(1373): warning C4244: '=': conversion from '__int64' to 'double', possible loss of data
  umf_dl_start_front.o.c
c:\coding\vs\suitesparse\suitesparse\umfpack\source\umf_start_front.c(161): warning C4244: '=': conversion from 'double' to '__int64', possible loss of data
c:\coding\vs\suitesparse\suitesparse\umfpack\source\umf_start_front.c(173): warning C4244: '=': conversion from 'double' to '__int64', possible loss of data
  umf_dl_store_lu.o.c
  umf_dl_store_lu_drop.o.c
  umf_dl_symbolic_usage.o.c
  umf_dl_transpose.o.c
  umf_dl_triplet_map_nox.o.c
  umf_dl_triplet_map_x.o.c
  Generating Code...
  Compiling...
  umf_dl_triplet_nomap_nox.o.c
  umf_dl_triplet_nomap_x.o.c
  umf_dl_tuple_lengths.o.c
  umf_dl_uhsolve.o.c
  umf_dl_usolve.o.c
  umf_dl_utsolve.o.c
  umf_dl_valid_numeric.o.c
  umf_dl_valid_symbolic.o.c
  umf_i_analyze.o.c
c:\coding\vs\suitesparse\suitesparse\umfpack\source\umf_analyze.c(93): warning C4068: unknown pragma
c:\coding\vs\suitesparse\suitesparse\umfpack\source\umf_analyze.c(580): warning C4068: unknown pragma
  umf_i_apply_order.o.c
  umf_i_cholmod.o.c
  umf_i_colamd.o.c
  umf_i_free.o.c
  umf_i_fsize.o.c
  umf_i_is_permutation.o.c
  umf_i_malloc.o.c
c:\coding\vs\suitesparse\suitesparse\umfpack\source\umf_malloc.c(46): warning C4101: 'size': unreferenced local variable
  umf_i_realloc.o.c
  umf_i_report_perm.o.c
  umf_i_singletons.o.c
  umf_l_analyze.o.c
c:\coding\vs\suitesparse\suitesparse\umfpack\source\umf_analyze.c(93): warning C4068: unknown pragma
c:\coding\vs\suitesparse\suitesparse\umfpack\source\umf_analyze.c(580): warning C4068: unknown pragma
  Generating Code...
  Compiling...
  umf_l_apply_order.o.c
  umf_l_cholmod.o.c
c:\coding\vs\suitesparse\suitesparse\umfpack\source\umf_cholmod.c(83): warning C4244: '=': conversion from '__int64' to 'int', possible loss of data
c:\coding\vs\suitesparse\suitesparse\umfpack\source\umf_cholmod.c(212): warning C4244: '=': conversion from '__int64' to 'double', possible loss of data
  umf_l_colamd.o.c
  umf_l_free.o.c
  umf_l_fsize.o.c
  umf_l_is_permutation.o.c
  umf_l_malloc.o.c
c:\coding\vs\suitesparse\suitesparse\umfpack\source\umf_malloc.c(46): warning C4101: 'size': unreferenced local variable
  umf_l_realloc.o.c
  umf_l_report_perm.o.c
  umf_l_singletons.o.c
c:\coding\vs\suitesparse\suitesparse\umfpack\source\umf_singletons.c(312): warning C4244: 'return': conversion from '__int64' to 'int', possible loss of data
  umf_zi_assemble.o.c
c:\coding\vs\suitesparse\suitesparse\umfpack\source\umf_assemble.c(115): warning C4068: unknown pragma
c:\coding\vs\suitesparse\suitesparse\umfpack\source\umf_assemble.c(135): warning C4068: unknown pragma
c:\coding\vs\suitesparse\suitesparse\umfpack\source\umf_assemble.c(160): warning C4244: '=': conversion from '__int64' to 'int', possible loss of data
c:\coding\vs\suitesparse\suitesparse\umfpack\source\umf_assemble.c(266): warning C4068: unknown pragma
c:\coding\vs\suitesparse\suitesparse\umfpack\source\umf_assemble.c(282): warning C4068: unknown pragma
c:\coding\vs\suitesparse\suitesparse\umfpack\source\umf_assemble.c(303): warning C4244: '=': conversion from '__int64' to 'int', possible loss of data
c:\coding\vs\suitesparse\suitesparse\umfpack\source\umf_assemble.c(535): warning C4244: '=': conversion from '__int64' to 'int', possible loss of data
c:\coding\vs\suitesparse\suitesparse\umfpack\source\umf_assemble.c(596): warning C4244: '=': conversion from '__int64' to 'int', possible loss of data
c:\coding\vs\suitesparse\suitesparse\umfpack\source\umf_assemble.c(642): warning C4068: unknown pragma
c:\coding\vs\suitesparse\suitesparse\umfpack\source\umf_assemble.c(663): warning C4068: unknown pragma
c:\coding\vs\suitesparse\suitesparse\umfpack\source\umf_assemble.c(689): warning C4068: unknown pragma
c:\coding\vs\suitesparse\suitesparse\umfpack\source\umf_assemble.c(736): warning C4068: unknown pragma
c:\coding\vs\suitesparse\suitesparse\umfpack\source\umf_assemble.c(761): warning C4068: unknown pragma
c:\coding\vs\suitesparse\suitesparse\umfpack\source\umf_assemble.c(820): warning C4068: unknown pragma
c:\coding\vs\suitesparse\suitesparse\umfpack\source\umf_assemble.c(838): warning C4068: unknown pragma
c:\coding\vs\suitesparse\suitesparse\umfpack\source\umf_assemble.c(884): warning C4068: unknown pragma
c:\coding\vs\suitesparse\suitesparse\umfpack\source\umf_assemble.c(968): warning C4068: unknown pragma
c:\coding\vs\suitesparse\suitesparse\umfpack\source\umf_assemble.c(995): warning C4068: unknown pragma
  umf_zi_assemble_fixq.o.c
c:\coding\vs\suitesparse\suitesparse\umfpack\source\umf_assemble.c(115): warning C4068: unknown pragma
c:\coding\vs\suitesparse\suitesparse\umfpack\source\umf_assemble.c(135): warning C4068: unknown pragma
c:\coding\vs\suitesparse\suitesparse\umfpack\source\umf_assemble.c(160): warning C4244: '=': conversion from '__int64' to 'int', possible loss of data
c:\coding\vs\suitesparse\suitesparse\umfpack\source\umf_assemble.c(266): warning C4068: unknown pragma
c:\coding\vs\suitesparse\suitesparse\umfpack\source\umf_assemble.c(282): warning C4068: unknown pragma
c:\coding\vs\suitesparse\suitesparse\umfpack\source\umf_assemble.c(303): warning C4244: '=': conversion from '__int64' to 'int', possible loss of data
c:\coding\vs\suitesparse\suitesparse\umfpack\source\umf_assemble.c(535): warning C4244: '=': conversion from '__int64' to 'int', possible loss of data
c:\coding\vs\suitesparse\suitesparse\umfpack\source\umf_assemble.c(596): warning C4244: '=': conversion from '__int64' to 'int', possible loss of data
c:\coding\vs\suitesparse\suitesparse\umfpack\source\umf_assemble.c(642): warning C4068: unknown pragma
c:\coding\vs\suitesparse\suitesparse\umfpack\source\umf_assemble.c(663): warning C4068: unknown pragma
c:\coding\vs\suitesparse\suitesparse\umfpack\source\umf_assemble.c(689): warning C4068: unknown pragma
c:\coding\vs\suitesparse\suitesparse\umfpack\source\umf_assemble.c(736): warning C4068: unknown pragma
c:\coding\vs\suitesparse\suitesparse\umfpack\source\umf_assemble.c(761): warning C4068: unknown pragma
c:\coding\vs\suitesparse\suitesparse\umfpack\source\umf_assemble.c(820): warning C4068: unknown pragma
c:\coding\vs\suitesparse\suitesparse\umfpack\source\umf_assemble.c(838): warning C4068: unknown pragma
c:\coding\vs\suitesparse\suitesparse\umfpack\source\umf_assemble.c(884): warning C4068: unknown pragma
c:\coding\vs\suitesparse\suitesparse\umfpack\source\umf_assemble.c(968): warning C4068: unknown pragma
c:\coding\vs\suitesparse\suitesparse\umfpack\source\umf_assemble.c(995): warning C4068: unknown pragma
  umf_zi_blas3_update.o.c
c:\coding\vs\suitesparse\suitesparse\umfpack\source\umf_blas3_update.c(80): warning C4068: unknown pragma
c:\coding\vs\suitesparse\suitesparse\umfpack\source\umf_blas3_update.c(116): warning C4068: unknown pragma
c:\coding\vs\suitesparse\suitesparse\umfpack\source\umf_blas3_update.c(151): warning C4068: unknown pragma
  umf_zi_build_tuples.o.c
  umf_zi_create_element.o.c
c:\coding\vs\suitesparse\suitesparse\umfpack\source\umf_create_element.c(30): warning C4068: unknown pragma
c:\coding\vs\suitesparse\suitesparse\umfpack\source\umf_create_element.c(99): warning C4068: unknown pragma
c:\coding\vs\suitesparse\suitesparse\umfpack\source\umf_create_element.c(112): warning C4068: unknown pragma
c:\coding\vs\suitesparse\suitesparse\umfpack\source\umf_create_element.c(136): warning C4068: unknown pragma
c:\coding\vs\suitesparse\suitesparse\umfpack\source\umf_create_element.c(157): warning C4068: unknown pragma
c:\coding\vs\suitesparse\suitesparse\umfpack\source\umf_create_element.c(175): warning C4068: unknown pragma
c:\coding\vs\suitesparse\suitesparse\umfpack\source\umf_create_element.c(184): warning C4068: unknown pragma
c:\coding\vs\suitesparse\suitesparse\umfpack\source\umf_create_element.c(286): warning C4068: unknown pragma
c:\coding\vs\suitesparse\suitesparse\umfpack\source\umf_create_element.c(291): warning C4068: unknown pragma
c:\coding\vs\suitesparse\suitesparse\umfpack\source\umf_create_element.c(402): warning C4244: '=': conversion from '__int64' to 'int', possible loss of data
c:\coding\vs\suitesparse\suitesparse\umfpack\source\umf_create_element.c(505): warning C4244: '=': conversion from '__int64' to 'int', possible loss of data
  umf_zi_dump.o.c
  umf_zi_extend_front.o.c
c:\coding\vs\suitesparse\suitesparse\umfpack\source\umf_extend_front.c(34): warning C4068: unknown pragma
c:\coding\vs\suitesparse\suitesparse\umfpack\source\umf_extend_front.c(48): warning C4068: unknown pragma
c:\coding\vs\suitesparse\suitesparse\umfpack\source\umf_extend_front.c(62): warning C4068: unknown pragma
c:\coding\vs\suitesparse\suitesparse\umfpack\source\umf_extend_front.c(76): warning C4068: unknown pragma
c:\coding\vs\suitesparse\suitesparse\umfpack\source\umf_extend_front.c(129): warning C4244: '=': conversion from 'double' to 'int', possible loss of data
c:\coding\vs\suitesparse\suitesparse\umfpack\source\umf_extend_front.c(130): warning C4244: '=': conversion from 'double' to 'int', possible loss of data
  umf_zi_garbage_collection.o.c
c:\coding\vs\suitesparse\suitesparse\umfpack\source\umf_garbage_collection.c(464): warning C4244: '=': conversion from '__int64' to 'int', possible loss of data
c:\coding\vs\suitesparse\suitesparse\umfpack\source\umf_garbage_collection.c(637): warning C4244: '=': conversion from '__int64' to 'int', possible loss of data
c:\coding\vs\suitesparse\suitesparse\umfpack\source\umf_garbage_collection.c(676): warning C4244: '=': conversion from '__int64' to 'int', possible loss of data
  umf_zi_get_memory.o.c
  umf_zi_grow_front.o.c
c:\coding\vs\suitesparse\suitesparse\umfpack\source\umf_grow_front.c(116): warning C4244: '=': conversion from 'double' to 'int', possible loss of data
c:\coding\vs\suitesparse\suitesparse\umfpack\source\umf_grow_front.c(117): warning C4244: '=': conversion from 'double' to 'int', possible loss of data
c:\coding\vs\suitesparse\suitesparse\umfpack\source\umf_grow_front.c(189): warning C4244: '=': conversion from 'double' to 'int', possible loss of data
c:\coding\vs\suitesparse\suitesparse\umfpack\source\umf_grow_front.c(190): warning C4244: '=': conversion from 'double' to 'int', possible loss of data
  Generating Code...
  Compiling...
  umf_zi_init_front.o.c
c:\coding\vs\suitesparse\suitesparse\umfpack\source\umf_init_front.c(67): warning C4244: '=': conversion from 'double' to 'int', possible loss of data
c:\coding\vs\suitesparse\suitesparse\umfpack\source\umf_init_front.c(68): warning C4244: '=': conversion from 'double' to 'int', possible loss of data
  umf_zi_kernel.o.c
  umf_zi_kernel_init.o.c
  umf_zi_kernel_wrapup.o.c
  umf_zi_lhsolve.o.c
  umf_zi_local_search.o.c
c:\coding\vs\suitesparse\suitesparse\umfpack\source\umf_local_search.c(487): warning C4068: unknown pragma
c:\coding\vs\suitesparse\suitesparse\umfpack\source\umf_local_search.c(668): warning C4244: '=': conversion from '__int64' to 'int', possible loss of data
c:\coding\vs\suitesparse\suitesparse\umfpack\source\umf_local_search.c(1065): warning C4244: '=': conversion from '__int64' to 'int', possible loss of data
  umf_zi_lsolve.o.c
  umf_zi_ltsolve.o.c
  umf_zi_mem_alloc_element.o.c
  umf_zi_mem_alloc_head_block.o.c
  umf_zi_mem_alloc_tail_block.o.c
c:\coding\vs\suitesparse\suitesparse\umfpack\source\umf_mem_alloc_tail_block.c(132): warning C4244: 'return': conversion from '__int64' to 'int', possible loss of data
  umf_zi_mem_free_tail_block.o.c
c:\coding\vs\suitesparse\suitesparse\umfpack\source\umf_mem_free_tail_block.c(109): warning C4244: '=': conversion from '__int64' to 'int', possible loss of data
c:\coding\vs\suitesparse\suitesparse\umfpack\source\umf_mem_free_tail_block.c(124): warning C4244: '=': conversion from '__int64' to 'int', possible loss of data
c:\coding\vs\suitesparse\suitesparse\umfpack\source\umf_mem_free_tail_block.c(131): warning C4244: '=': conversion from '__int64' to 'int', possible loss of data
  umf_zi_mem_init_memoryspace.o.c
  umf_zi_report_vector.o.c
  umf_zi_row_search.o.c
c:\coding\vs\suitesparse\suitesparse\umfpack\source\umf_row_search.c(667): warning C4244: '=': conversion from '__int64' to 'int', possible loss of data
c:\coding\vs\suitesparse\suitesparse\umfpack\source\umf_row_search.c(797): warning C4244: '=': conversion from '__int64' to 'int', possible loss of data
  umf_zi_scale.o.c
  umf_zi_scale_column.o.c
c:\coding\vs\suitesparse\suitesparse\umfpack\source\umf_scale_column.c(33): warning C4068: unknown pragma
c:\coding\vs\suitesparse\suitesparse\umfpack\source\umf_scale_column.c(160): warning C4068: unknown pragma
c:\coding\vs\suitesparse\suitesparse\umfpack\source\umf_scale_column.c(175): warning C4068: unknown pragma
c:\coding\vs\suitesparse\suitesparse\umfpack\source\umf_scale_column.c(235): warning C4068: unknown pragma
c:\coding\vs\suitesparse\suitesparse\umfpack\source\umf_scale_column.c(249): warning C4068: unknown pragma
c:\coding\vs\suitesparse\suitesparse\umfpack\source\umf_scale_column.c(261): warning C4068: unknown pragma
c:\coding\vs\suitesparse\suitesparse\umfpack\source\umf_scale_column.c(304): warning C4068: unknown pragma
c:\coding\vs\suitesparse\suitesparse\umfpack\source\umf_scale_column.c(318): warning C4068: unknown pragma
  umf_zi_set_stats.o.c
  umf_zi_solve.o.c
  umf_zi_start_front.o.c
c:\coding\vs\suitesparse\suitesparse\umfpack\source\umf_start_front.c(161): warning C4244: '=': conversion from 'double' to 'int', possible loss of data
c:\coding\vs\suitesparse\suitesparse\umfpack\source\umf_start_front.c(173): warning C4244: '=': conversion from 'double' to 'int', possible loss of data
  Generating Code...
  Compiling...
  umf_zi_store_lu.o.c
  umf_zi_store_lu_drop.o.c
  umf_zi_symbolic_usage.o.c
  umf_zi_transpose.o.c
  umf_zi_triplet_map_nox.o.c
  umf_zi_triplet_map_x.o.c
  umf_zi_triplet_nomap_nox.o.c
  umf_zi_triplet_nomap_x.o.c
  umf_zi_tuple_lengths.o.c
  umf_zi_uhsolve.o.c
  umf_zi_usolve.o.c
  umf_zi_utsolve.o.c
  umf_zi_valid_numeric.o.c
  umf_zi_valid_symbolic.o.c
  umf_zl_assemble.o.c
c:\coding\vs\suitesparse\suitesparse\umfpack\source\umf_assemble.c(115): warning C4068: unknown pragma
c:\coding\vs\suitesparse\suitesparse\umfpack\source\umf_assemble.c(135): warning C4068: unknown pragma
c:\coding\vs\suitesparse\suitesparse\umfpack\source\umf_assemble.c(266): warning C4068: unknown pragma
c:\coding\vs\suitesparse\suitesparse\umfpack\source\umf_assemble.c(282): warning C4068: unknown pragma
c:\coding\vs\suitesparse\suitesparse\umfpack\source\umf_assemble.c(642): warning C4068: unknown pragma
c:\coding\vs\suitesparse\suitesparse\umfpack\source\umf_assemble.c(663): warning C4068: unknown pragma
c:\coding\vs\suitesparse\suitesparse\umfpack\source\umf_assemble.c(689): warning C4068: unknown pragma
c:\coding\vs\suitesparse\suitesparse\umfpack\source\umf_assemble.c(736): warning C4068: unknown pragma
c:\coding\vs\suitesparse\suitesparse\umfpack\source\umf_assemble.c(761): warning C4068: unknown pragma
c:\coding\vs\suitesparse\suitesparse\umfpack\source\umf_assemble.c(820): warning C4068: unknown pragma
c:\coding\vs\suitesparse\suitesparse\umfpack\source\umf_assemble.c(838): warning C4068: unknown pragma
c:\coding\vs\suitesparse\suitesparse\umfpack\source\umf_assemble.c(884): warning C4068: unknown pragma
c:\coding\vs\suitesparse\suitesparse\umfpack\source\umf_assemble.c(968): warning C4068: unknown pragma
c:\coding\vs\suitesparse\suitesparse\umfpack\source\umf_assemble.c(995): warning C4068: unknown pragma
  umf_zl_assemble_fixq.o.c
c:\coding\vs\suitesparse\suitesparse\umfpack\source\umf_assemble.c(115): warning C4068: unknown pragma
c:\coding\vs\suitesparse\suitesparse\umfpack\source\umf_assemble.c(135): warning C4068: unknown pragma
c:\coding\vs\suitesparse\suitesparse\umfpack\source\umf_assemble.c(266): warning C4068: unknown pragma
c:\coding\vs\suitesparse\suitesparse\umfpack\source\umf_assemble.c(282): warning C4068: unknown pragma
c:\coding\vs\suitesparse\suitesparse\umfpack\source\umf_assemble.c(642): warning C4068: unknown pragma
c:\coding\vs\suitesparse\suitesparse\umfpack\source\umf_assemble.c(663): warning C4068: unknown pragma
c:\coding\vs\suitesparse\suitesparse\umfpack\source\umf_assemble.c(689): warning C4068: unknown pragma
c:\coding\vs\suitesparse\suitesparse\umfpack\source\umf_assemble.c(736): warning C4068: unknown pragma
c:\coding\vs\suitesparse\suitesparse\umfpack\source\umf_assemble.c(761): warning C4068: unknown pragma
c:\coding\vs\suitesparse\suitesparse\umfpack\source\umf_assemble.c(820): warning C4068: unknown pragma
c:\coding\vs\suitesparse\suitesparse\umfpack\source\umf_assemble.c(838): warning C4068: unknown pragma
c:\coding\vs\suitesparse\suitesparse\umfpack\source\umf_assemble.c(884): warning C4068: unknown pragma
c:\coding\vs\suitesparse\suitesparse\umfpack\source\umf_assemble.c(968): warning C4068: unknown pragma
c:\coding\vs\suitesparse\suitesparse\umfpack\source\umf_assemble.c(995): warning C4068: unknown pragma
  umf_zl_blas3_update.o.c
c:\coding\vs\suitesparse\suitesparse\umfpack\source\umf_blas3_update.c(80): warning C4068: unknown pragma
c:\coding\vs\suitesparse\suitesparse\umfpack\source\umf_blas3_update.c(116): warning C4068: unknown pragma
c:\coding\vs\suitesparse\suitesparse\umfpack\source\umf_blas3_update.c(151): warning C4068: unknown pragma
c:\coding\vs\suitesparse\suitesparse\umfpack\source\umf_blas3_update.c(66): warning C4244: 'initializing': conversion from '__int64' to 'int', possible loss of data
c:\coding\vs\suitesparse\suitesparse\umfpack\source\umf_blas3_update.c(99): warning C4244: 'initializing': conversion from '__int64' to 'int', possible loss of data
c:\coding\vs\suitesparse\suitesparse\umfpack\source\umf_blas3_update.c(133): warning C4244: 'initializing': conversion from '__int64' to 'int', possible loss of data
  umf_zl_build_tuples.o.c
  umf_zl_create_element.o.c
c:\coding\vs\suitesparse\suitesparse\umfpack\source\umf_create_element.c(30): warning C4068: unknown pragma
c:\coding\vs\suitesparse\suitesparse\umfpack\source\umf_create_element.c(99): warning C4068: unknown pragma
c:\coding\vs\suitesparse\suitesparse\umfpack\source\umf_create_element.c(112): warning C4068: unknown pragma
c:\coding\vs\suitesparse\suitesparse\umfpack\source\umf_create_element.c(136): warning C4068: unknown pragma
c:\coding\vs\suitesparse\suitesparse\umfpack\source\umf_create_element.c(157): warning C4068: unknown pragma
c:\coding\vs\suitesparse\suitesparse\umfpack\source\umf_create_element.c(175): warning C4068: unknown pragma
c:\coding\vs\suitesparse\suitesparse\umfpack\source\umf_create_element.c(184): warning C4068: unknown pragma
c:\coding\vs\suitesparse\suitesparse\umfpack\source\umf_create_element.c(286): warning C4068: unknown pragma
c:\coding\vs\suitesparse\suitesparse\umfpack\source\umf_create_element.c(291): warning C4068: unknown pragma
  umf_zl_dump.o.c
  Generating Code...
  Compiling...
  umf_zl_extend_front.o.c
c:\coding\vs\suitesparse\suitesparse\umfpack\source\umf_extend_front.c(34): warning C4068: unknown pragma
c:\coding\vs\suitesparse\suitesparse\umfpack\source\umf_extend_front.c(48): warning C4068: unknown pragma
c:\coding\vs\suitesparse\suitesparse\umfpack\source\umf_extend_front.c(62): warning C4068: unknown pragma
c:\coding\vs\suitesparse\suitesparse\umfpack\source\umf_extend_front.c(76): warning C4068: unknown pragma
c:\coding\vs\suitesparse\suitesparse\umfpack\source\umf_extend_front.c(129): warning C4244: '=': conversion from 'double' to '__int64', possible loss of data
c:\coding\vs\suitesparse\suitesparse\umfpack\source\umf_extend_front.c(130): warning C4244: '=': conversion from 'double' to '__int64', possible loss of data
  umf_zl_garbage_collection.o.c
  umf_zl_get_memory.o.c
  umf_zl_grow_front.o.c
c:\coding\vs\suitesparse\suitesparse\umfpack\source\umf_grow_front.c(116): warning C4244: '=': conversion from 'double' to '__int64', possible loss of data
c:\coding\vs\suitesparse\suitesparse\umfpack\source\umf_grow_front.c(117): warning C4244: '=': conversion from 'double' to '__int64', possible loss of data
c:\coding\vs\suitesparse\suitesparse\umfpack\source\umf_grow_front.c(189): warning C4244: '=': conversion from 'double' to '__int64', possible loss of data
c:\coding\vs\suitesparse\suitesparse\umfpack\source\umf_grow_front.c(190): warning C4244: '=': conversion from 'double' to '__int64', possible loss of data
  umf_zl_init_front.o.c
c:\coding\vs\suitesparse\suitesparse\umfpack\source\umf_init_front.c(67): warning C4244: '=': conversion from 'double' to '__int64', possible loss of data
c:\coding\vs\suitesparse\suitesparse\umfpack\source\umf_init_front.c(68): warning C4244: '=': conversion from 'double' to '__int64', possible loss of data
  umf_zl_kernel.o.c
  umf_zl_kernel_init.o.c
  umf_zl_kernel_wrapup.o.c
  umf_zl_lhsolve.o.c
  umf_zl_local_search.o.c
c:\coding\vs\suitesparse\suitesparse\umfpack\source\umf_local_search.c(487): warning C4068: unknown pragma
c:\coding\vs\suitesparse\suitesparse\umfpack\source\umf_local_search.c(478): warning C4244: 'initializing': conversion from '__int64' to 'int', possible loss of data
c:\coding\vs\suitesparse\suitesparse\umfpack\source\umf_local_search.c(533): warning C4244: 'initializing': conversion from '__int64' to 'int', possible loss of data
  umf_zl_lsolve.o.c
  umf_zl_ltsolve.o.c
  umf_zl_mem_alloc_element.o.c
  umf_zl_mem_alloc_head_block.o.c
  umf_zl_mem_alloc_tail_block.o.c
  umf_zl_mem_free_tail_block.o.c
  umf_zl_mem_init_memoryspace.o.c
  umf_zl_report_vector.o.c
  umf_zl_row_search.o.c
  umf_zl_scale.o.c
  Generating Code...
  Compiling...
  umf_zl_scale_column.o.c
c:\coding\vs\suitesparse\suitesparse\umfpack\source\umf_scale_column.c(33): warning C4068: unknown pragma
c:\coding\vs\suitesparse\suitesparse\umfpack\source\umf_scale_column.c(160): warning C4068: unknown pragma
c:\coding\vs\suitesparse\suitesparse\umfpack\source\umf_scale_column.c(175): warning C4068: unknown pragma
c:\coding\vs\suitesparse\suitesparse\umfpack\source\umf_scale_column.c(235): warning C4068: unknown pragma
c:\coding\vs\suitesparse\suitesparse\umfpack\source\umf_scale_column.c(249): warning C4068: unknown pragma
c:\coding\vs\suitesparse\suitesparse\umfpack\source\umf_scale_column.c(261): warning C4068: unknown pragma
c:\coding\vs\suitesparse\suitesparse\umfpack\source\umf_scale_column.c(304): warning C4068: unknown pragma
c:\coding\vs\suitesparse\suitesparse\umfpack\source\umf_scale_column.c(318): warning C4068: unknown pragma
  umf_zl_set_stats.o.c
c:\coding\vs\suitesparse\suitesparse\umfpack\source\umf_set_stats.c(45): warning C4244: '=': conversion from '__int64' to 'double', possible loss of data
c:\coding\vs\suitesparse\suitesparse\umfpack\source\umf_set_stats.c(46): warning C4244: '=': conversion from '__int64' to 'double', possible loss of data
c:\coding\vs\suitesparse\suitesparse\umfpack\source\umf_set_stats.c(47): warning C4244: '=': conversion from '__int64' to 'double', possible loss of data
  umf_zl_solve.o.c
c:\coding\vs\suitesparse\suitesparse\umfpack\source\umf_solve.c(205): warning C4244: '=': conversion from '__int64' to 'double', possible loss of data
c:\coding\vs\suitesparse\suitesparse\umfpack\source\umf_solve.c(481): warning C4244: '=': conversion from '__int64' to 'double', possible loss of data
c:\coding\vs\suitesparse\suitesparse\umfpack\source\umf_solve.c(754): warning C4244: '=': conversion from '__int64' to 'double', possible loss of data
c:\coding\vs\suitesparse\suitesparse\umfpack\source\umf_solve.c(1335): warning C4244: '=': conversion from '__int64' to 'double', possible loss of data
c:\coding\vs\suitesparse\suitesparse\umfpack\source\umf_solve.c(1336): warning C4244: '=': conversion from '__int64' to 'double', possible loss of data
c:\coding\vs\suitesparse\suitesparse\umfpack\source\umf_solve.c(1373): warning C4244: '=': conversion from '__int64' to 'double', possible loss of data
  umf_zl_start_front.o.c
c:\coding\vs\suitesparse\suitesparse\umfpack\source\umf_start_front.c(161): warning C4244: '=': conversion from 'double' to '__int64', possible loss of data
c:\coding\vs\suitesparse\suitesparse\umfpack\source\umf_start_front.c(173): warning C4244: '=': conversion from 'double' to '__int64', possible loss of data
  umf_zl_store_lu.o.c
  umf_zl_store_lu_drop.o.c
  umf_zl_symbolic_usage.o.c
  umf_zl_transpose.o.c
  umf_zl_triplet_map_nox.o.c
  umf_zl_triplet_map_x.o.c
  umf_zl_triplet_nomap_nox.o.c
  umf_zl_triplet_nomap_x.o.c
  umf_zl_tuple_lengths.o.c
  umf_zl_uhsolve.o.c
  umf_zl_usolve.o.c
  umf_zl_utsolve.o.c
  umf_zl_valid_numeric.o.c
  umf_zl_valid_symbolic.o.c
  umfpack_di_col_to_triplet.o.c
  umfpack_di_defaults.o.c
  Generating Code...
  Compiling...
  umfpack_di_free_numeric.o.c
  umfpack_di_free_symbolic.o.c
  umfpack_di_get_determinant.o.c
  umfpack_di_get_lunz.o.c
  umfpack_di_get_numeric.o.c
c:\coding\vs\suitesparse\suitesparse\umfpack\source\umfpack_get_numeric.c(366): warning C4068: unknown pragma
c:\coding\vs\suitesparse\suitesparse\umfpack\source\umfpack_get_numeric.c(372): warning C4068: unknown pragma
  umfpack_di_get_symbolic.o.c
  umfpack_di_load_numeric.o.c
c:\coding\vs\suitesparse\suitesparse\umfpack\source\umfpack_load_numeric.c(71): warning C4996: 'fopen': This function or variable may be unsafe. Consider using fopen_s instead. To disable deprecation, use _CRT_SECURE_NO_WARNINGS. See online help for details.
  c:\program files (x86)\windows kits\10\include\10.0.16299.0\ucrt\stdio.h(207): note: see declaration of 'fopen'
  umfpack_di_load_symbolic.o.c
c:\coding\vs\suitesparse\suitesparse\umfpack\source\umfpack_load_symbolic.c(71): warning C4996: 'fopen': This function or variable may be unsafe. Consider using fopen_s instead. To disable deprecation, use _CRT_SECURE_NO_WARNINGS. See online help for details.
  c:\program files (x86)\windows kits\10\include\10.0.16299.0\ucrt\stdio.h(207): note: see declaration of 'fopen'
  umfpack_di_numeric.o.c
c:\coding\vs\suitesparse\suitesparse\umfpack\source\umfpack_numeric.c(118): warning C4244: '=': conversion from 'const double' to 'int', possible loss of data
  umfpack_di_qsymbolic.o.c
c:\coding\vs\suitesparse\suitesparse\umfpack\source\umfpack_qsymbolic.c(480): warning C4244: '=': conversion from 'double' to 'int', possible loss of data
c:\coding\vs\suitesparse\suitesparse\umfpack\source\umfpack_qsymbolic.c(749): warning C4244: '=': conversion from 'const double' to 'int', possible loss of data
c:\coding\vs\suitesparse\suitesparse\umfpack\source\umfpack_qsymbolic.c(750): warning C4244: '=': conversion from 'const double' to 'int', possible loss of data
c:\coding\vs\suitesparse\suitesparse\umfpack\source\umfpack_qsymbolic.c(752): warning C4244: '=': conversion from 'const double' to 'int', possible loss of data
c:\coding\vs\suitesparse\suitesparse\umfpack\source\umfpack_qsymbolic.c(759): warning C4244: '=': conversion from 'const double' to 'int', possible loss of data
c:\coding\vs\suitesparse\suitesparse\umfpack\source\umfpack_qsymbolic.c(762): warning C4244: '=': conversion from 'const double' to 'int', possible loss of data
c:\coding\vs\suitesparse\suitesparse\umfpack\source\umfpack_qsymbolic.c(925): warning C4244: '=': conversion from 'double' to 'int', possible loss of data
c:\coding\vs\suitesparse\suitesparse\umfpack\source\umfpack_qsymbolic.c(1200): warning C4267: '=': conversion from 'size_t' to 'int', possible loss of data
  umfpack_di_report_control.o.c
c:\coding\vs\suitesparse\suitesparse\umfpack\source\umfpack_report_control.c(27): warning C4244: '=': conversion from 'const double' to 'int', possible loss of data
c:\coding\vs\suitesparse\suitesparse\umfpack\source\umfpack_report_control.c(99): warning C4244: '=': conversion from 'const double' to 'int', possible loss of data
c:\coding\vs\suitesparse\suitesparse\umfpack\source\umfpack_report_control.c(108): warning C4244: '=': conversion from 'const double' to 'int', possible loss of data
c:\coding\vs\suitesparse\suitesparse\umfpack\source\umfpack_report_control.c(140): warning C4244: '=': conversion from 'const double' to 'int', possible loss of data
c:\coding\vs\suitesparse\suitesparse\umfpack\source\umfpack_report_control.c(180): warning C4244: '=': conversion from 'const double' to 'int', possible loss of data
c:\coding\vs\suitesparse\suitesparse\umfpack\source\umfpack_report_control.c(203): warning C4244: '=': conversion from 'double' to 'int', possible loss of data
c:\coding\vs\suitesparse\suitesparse\umfpack\source\umfpack_report_control.c(213): warning C4244: '=': conversion from 'const double' to 'int', possible loss of data
c:\coding\vs\suitesparse\suitesparse\umfpack\source\umfpack_report_control.c(271): warning C4244: '=': conversion from 'const double' to 'int', possible loss of data
c:\coding\vs\suitesparse\suitesparse\umfpack\source\umfpack_report_control.c(305): warning C4244: '=': conversion from 'double' to 'int', possible loss of data
  umfpack_di_report_info.o.c
c:\coding\vs\suitesparse\suitesparse\umfpack\source\umfpack_report_info.c(90): warning C4244: '=': conversion from 'const double' to 'int', possible loss of data
c:\coding\vs\suitesparse\suitesparse\umfpack\source\umfpack_report_info.c(192): warning C4244: '=': conversion from 'const double' to 'int', possible loss of data
c:\coding\vs\suitesparse\suitesparse\umfpack\source\umfpack_report_info.c(283): warning C4244: '=': conversion from 'const double' to 'int', possible loss of data
  umfpack_di_report_matrix.o.c
c:\coding\vs\suitesparse\suitesparse\umfpack\source\umfpack_report_matrix.c(42): warning C4244: '=': conversion from 'const double' to 'int', possible loss of data
  umfpack_di_report_numeric.o.c
c:\coding\vs\suitesparse\suitesparse\umfpack\source\umfpack_report_numeric.c(57): warning C4244: '=': conversion from 'const double' to 'int', possible loss of data
  umfpack_di_report_perm.o.c
c:\coding\vs\suitesparse\suitesparse\umfpack\source\umfpack_report_perm.c(32): warning C4244: '=': conversion from 'const double' to 'int', possible loss of data
  umfpack_di_report_status.o.c
c:\coding\vs\suitesparse\suitesparse\umfpack\source\umfpack_report_status.c(29): warning C4244: '=': conversion from 'const double' to 'int', possible loss of data
  umfpack_di_report_symbolic.o.c
c:\coding\vs\suitesparse\suitesparse\umfpack\source\umfpack_report_symbolic.c(38): warning C4244: '=': conversion from 'const double' to 'int', possible loss of data
  umfpack_di_report_triplet.o.c
c:\coding\vs\suitesparse\suitesparse\umfpack\source\umfpack_report_triplet.c(37): warning C4244: '=': conversion from 'const double' to 'int', possible loss of data
  umfpack_di_report_vector.o.c
c:\coding\vs\suitesparse\suitesparse\umfpack\source\umfpack_report_vector.c(34): warning C4244: '=': conversion from 'const double' to 'int', possible loss of data
  umfpack_di_save_numeric.o.c
c:\coding\vs\suitesparse\suitesparse\umfpack\source\umfpack_save_numeric.c(61): warning C4996: 'fopen': This function or variable may be unsafe. Consider using fopen_s instead. To disable deprecation, use _CRT_SECURE_NO_WARNINGS. See online help for details.
  c:\program files (x86)\windows kits\10\include\10.0.16299.0\ucrt\stdio.h(207): note: see declaration of 'fopen'
  Generating Code...
  Compiling...
  umfpack_di_save_symbolic.o.c
c:\coding\vs\suitesparse\suitesparse\umfpack\source\umfpack_save_symbolic.c(61): warning C4996: 'fopen': This function or variable may be unsafe. Consider using fopen_s instead. To disable deprecation, use _CRT_SECURE_NO_WARNINGS. See online help for details.
  c:\program files (x86)\windows kits\10\include\10.0.16299.0\ucrt\stdio.h(207): note: see declaration of 'fopen'
  umfpack_di_scale.o.c
  umfpack_di_solve.o.c
c:\coding\vs\suitesparse\suitesparse\umfpack\source\umfpack_solve.c(102): warning C4244: '=': conversion from 'const double' to 'int', possible loss of data
  umfpack_di_symbolic.o.c
  umfpack_di_transpose.o.c
  umfpack_di_triplet_to_col.o.c
  umfpack_di_wsolve.o.c
c:\coding\vs\suitesparse\suitesparse\umfpack\source\umfpack_solve.c(102): warning C4244: '=': conversion from 'const double' to 'int', possible loss of data
  umfpack_dl_col_to_triplet.o.c
  umfpack_dl_defaults.o.c
  umfpack_dl_free_numeric.o.c
  umfpack_dl_free_symbolic.o.c
  umfpack_dl_get_determinant.o.c
  umfpack_dl_get_lunz.o.c
  umfpack_dl_get_numeric.o.c
c:\coding\vs\suitesparse\suitesparse\umfpack\source\umfpack_get_numeric.c(366): warning C4068: unknown pragma
c:\coding\vs\suitesparse\suitesparse\umfpack\source\umfpack_get_numeric.c(372): warning C4068: unknown pragma
  umfpack_dl_get_symbolic.o.c
  umfpack_dl_load_numeric.o.c
c:\coding\vs\suitesparse\suitesparse\umfpack\source\umfpack_load_numeric.c(71): warning C4996: 'fopen': This function or variable may be unsafe. Consider using fopen_s instead. To disable deprecation, use _CRT_SECURE_NO_WARNINGS. See online help for details.
  c:\program files (x86)\windows kits\10\include\10.0.16299.0\ucrt\stdio.h(207): note: see declaration of 'fopen'
  umfpack_dl_load_symbolic.o.c
c:\coding\vs\suitesparse\suitesparse\umfpack\source\umfpack_load_symbolic.c(71): warning C4996: 'fopen': This function or variable may be unsafe. Consider using fopen_s instead. To disable deprecation, use _CRT_SECURE_NO_WARNINGS. See online help for details.
  c:\program files (x86)\windows kits\10\include\10.0.16299.0\ucrt\stdio.h(207): note: see declaration of 'fopen'
  umfpack_dl_numeric.o.c
c:\coding\vs\suitesparse\suitesparse\umfpack\source\umfpack_numeric.c(118): warning C4244: '=': conversion from 'const double' to '__int64', possible loss of data
c:\coding\vs\suitesparse\suitesparse\umfpack\source\umfpack_numeric.c(188): warning C4244: '=': conversion from '__int64' to 'double', possible loss of data
c:\coding\vs\suitesparse\suitesparse\umfpack\source\umfpack_numeric.c(189): warning C4244: '=': conversion from '__int64' to 'double', possible loss of data
c:\coding\vs\suitesparse\suitesparse\umfpack\source\umfpack_numeric.c(198): warning C4244: '=': conversion from 'const __int64' to 'double', possible loss of data
c:\coding\vs\suitesparse\suitesparse\umfpack\source\umfpack_numeric.c(295): warning C4244: '=': conversion from '__int64' to 'double', possible loss of data
c:\coding\vs\suitesparse\suitesparse\umfpack\source\umfpack_numeric.c(303): warning C4244: '=': conversion from '__int64' to 'double', possible loss of data
c:\coding\vs\suitesparse\suitesparse\umfpack\source\umfpack_numeric.c(304): warning C4244: '=': conversion from '__int64' to 'double', possible loss of data
c:\coding\vs\suitesparse\suitesparse\umfpack\source\umfpack_numeric.c(307): warning C4244: '=': conversion from '__int64' to 'double', possible loss of data
c:\coding\vs\suitesparse\suitesparse\umfpack\source\umfpack_numeric.c(455): warning C4244: '=': conversion from '__int64' to 'double', possible loss of data
c:\coding\vs\suitesparse\suitesparse\umfpack\source\umfpack_numeric.c(456): warning C4244: '=': conversion from '__int64' to 'double', possible loss of data
c:\coding\vs\suitesparse\suitesparse\umfpack\source\umfpack_numeric.c(457): warning C4244: '=': conversion from '__int64' to 'double', possible loss of data
c:\coding\vs\suitesparse\suitesparse\umfpack\source\umfpack_numeric.c(458): warning C4244: '=': conversion from '__int64' to 'double', possible loss of data
c:\coding\vs\suitesparse\suitesparse\umfpack\source\umfpack_numeric.c(460): warning C4244: '=': conversion from '__int64' to 'double', possible loss of data
c:\coding\vs\suitesparse\suitesparse\umfpack\source\umfpack_numeric.c(461): warning C4244: '=': conversion from '__int64' to 'double', possible loss of data
c:\coding\vs\suitesparse\suitesparse\umfpack\source\umfpack_numeric.c(464): warning C4244: '=': conversion from '__int64' to 'double', possible loss of data
c:\coding\vs\suitesparse\suitesparse\umfpack\source\umfpack_numeric.c(467): warning C4244: '=': conversion from '__int64' to 'double', possible loss of data
c:\coding\vs\suitesparse\suitesparse\umfpack\source\umfpack_numeric.c(468): warning C4244: '=': conversion from '__int64' to 'double', possible loss of data
c:\coding\vs\suitesparse\suitesparse\umfpack\source\umfpack_numeric.c(471): warning C4244: '=': conversion from '__int64' to 'double', possible loss of data
c:\coding\vs\suitesparse\suitesparse\umfpack\source\umfpack_numeric.c(500): warning C4244: '=': conversion from '__int64' to 'double', possible loss of data
  umfpack_dl_qsymbolic.o.c
c:\coding\vs\suitesparse\suitesparse\umfpack\source\umfpack_qsymbolic.c(388): warning C4244: '=': conversion from '__int64' to 'double', possible loss of data
c:\coding\vs\suitesparse\suitesparse\umfpack\source\umfpack_qsymbolic.c(389): warning C4244: '=': conversion from '__int64' to 'double', possible loss of data
c:\coding\vs\suitesparse\suitesparse\umfpack\source\umfpack_qsymbolic.c(392): warning C4244: '=': conversion from '__int64' to 'double', possible loss of data
c:\coding\vs\suitesparse\suitesparse\umfpack\source\umfpack_qsymbolic.c(480): warning C4244: '=': conversion from 'double' to '__int64', possible loss of data
c:\coding\vs\suitesparse\suitesparse\umfpack\source\umfpack_qsymbolic.c(485): warning C4244: '=': conversion from '__int64' to 'double', possible loss of data
c:\coding\vs\suitesparse\suitesparse\umfpack\source\umfpack_qsymbolic.c(749): warning C4244: '=': conversion from 'const double' to '__int64', possible loss of data
c:\coding\vs\suitesparse\suitesparse\umfpack\source\umfpack_qsymbolic.c(750): warning C4244: '=': conversion from 'const double' to '__int64', possible loss of data
c:\coding\vs\suitesparse\suitesparse\umfpack\source\umfpack_qsymbolic.c(752): warning C4244: '=': conversion from 'const double' to '__int64', possible loss of data
c:\coding\vs\suitesparse\suitesparse\umfpack\source\umfpack_qsymbolic.c(758): warning C4244: '=': conversion from '__int64' to 'double', possible loss of data
c:\coding\vs\suitesparse\suitesparse\umfpack\source\umfpack_qsymbolic.c(759): warning C4244: '=': conversion from 'const double' to '__int64', possible loss of data
c:\coding\vs\suitesparse\suitesparse\umfpack\source\umfpack_qsymbolic.c(762): warning C4244: '=': conversion from 'const double' to '__int64', possible loss of data
c:\coding\vs\suitesparse\suitesparse\umfpack\source\umfpack_qsymbolic.c(810): warning C4244: '=': conversion from '__int64' to 'double', possible loss of data
c:\coding\vs\suitesparse\suitesparse\umfpack\source\umfpack_qsymbolic.c(811): warning C4244: '=': conversion from '__int64' to 'double', possible loss of data
c:\coding\vs\suitesparse\suitesparse\umfpack\source\umfpack_qsymbolic.c(839): warning C4244: '=': conversion from '__int64' to 'double', possible loss of data
c:\coding\vs\suitesparse\suitesparse\umfpack\source\umfpack_qsymbolic.c(925): warning C4244: '=': conversion from 'double' to '__int64', possible loss of data
c:\coding\vs\suitesparse\suitesparse\umfpack\source\umfpack_qsymbolic.c(1101): warning C4244: '=': conversion from '__int64' to 'double', possible loss of data
c:\coding\vs\suitesparse\suitesparse\umfpack\source\umfpack_qsymbolic.c(1105): warning C4244: '=': conversion from '__int64' to 'double', possible loss of data
c:\coding\vs\suitesparse\suitesparse\umfpack\source\umfpack_qsymbolic.c(1106): warning C4244: '=': conversion from '__int64' to 'double', possible loss of data
c:\coding\vs\suitesparse\suitesparse\umfpack\source\umfpack_qsymbolic.c(1109): warning C4244: '=': conversion from '__int64' to 'double', possible loss of data
c:\coding\vs\suitesparse\suitesparse\umfpack\source\umfpack_qsymbolic.c(1110): warning C4244: '=': conversion from '__int64' to 'double', possible loss of data
c:\coding\vs\suitesparse\suitesparse\umfpack\source\umfpack_qsymbolic.c(1111): warning C4244: '=': conversion from '__int64' to 'double', possible loss of data
c:\coding\vs\suitesparse\suitesparse\umfpack\source\umfpack_qsymbolic.c(1202): warning C4244: '=': conversion from '__int64' to 'double', possible loss of data
c:\coding\vs\suitesparse\suitesparse\umfpack\source\umfpack_qsymbolic.c(1225): warning C4244: '=': conversion from '__int64' to 'double', possible loss of data
c:\coding\vs\suitesparse\suitesparse\umfpack\source\umfpack_qsymbolic.c(1226): warning C4244: '=': conversion from '__int64' to 'double', possible loss of data
c:\coding\vs\suitesparse\suitesparse\umfpack\source\umfpack_qsymbolic.c(1294): warning C4244: '=': conversion from '__int64' to 'double', possible loss of data
c:\coding\vs\suitesparse\suitesparse\umfpack\source\umfpack_qsymbolic.c(1295): warning C4244: '=': conversion from '__int64' to 'double', possible loss of data
c:\coding\vs\suitesparse\suitesparse\umfpack\source\umfpack_qsymbolic.c(1296): warning C4244: '=': conversion from '__int64' to 'double', possible loss of data
c:\coding\vs\suitesparse\suitesparse\umfpack\source\umfpack_qsymbolic.c(1317): warning C4244: '=': conversion from '__int64' to 'double', possible loss of data
c:\coding\vs\suitesparse\suitesparse\umfpack\source\umfpack_qsymbolic.c(1435): warning C4244: '=': conversion from '__int64' to 'double', possible loss of data
c:\coding\vs\suitesparse\suitesparse\umfpack\source\umfpack_qsymbolic.c(1456): warning C4244: '=': conversion from '__int64' to 'double', possible loss of data
c:\coding\vs\suitesparse\suitesparse\umfpack\source\umfpack_qsymbolic.c(1480): warning C4244: '=': conversion from '__int64' to 'double', possible loss of data
c:\coding\vs\suitesparse\suitesparse\umfpack\source\umfpack_qsymbolic.c(1481): warning C4244: '=': conversion from '__int64' to 'double', possible loss of data
c:\coding\vs\suitesparse\suitesparse\umfpack\source\umfpack_qsymbolic.c(1482): warning C4244: '=': conversion from '__int64' to 'double', possible loss of data
c:\coding\vs\suitesparse\suitesparse\umfpack\source\umfpack_qsymbolic.c(1520): warning C4244: '=': conversion from '__int64' to 'double', possible loss of data
c:\coding\vs\suitesparse\suitesparse\umfpack\source\umfpack_qsymbolic.c(1724): warning C4244: '=': conversion from '__int64' to 'int', possible loss of data
c:\coding\vs\suitesparse\suitesparse\umfpack\source\umfpack_qsymbolic.c(2307): warning C4244: '=': conversion from '__int64' to 'double', possible loss of data
c:\coding\vs\suitesparse\suitesparse\umfpack\source\umfpack_qsymbolic.c(2367): warning C4244: '=': conversion from '__int64' to 'double', possible loss of data
c:\coding\vs\suitesparse\suitesparse\umfpack\source\umfpack_qsymbolic.c(2454): warning C4244: '=': conversion from '__int64' to 'double', possible loss of data
c:\coding\vs\suitesparse\suitesparse\umfpack\source\umfpack_qsymbolic.c(2455): warning C4244: '=': conversion from '__int64' to 'double', possible loss of data
c:\coding\vs\suitesparse\suitesparse\umfpack\source\umfpack_qsymbolic.c(2474): warning C4244: '=': conversion from '__int64' to 'double', possible loss of data
c:\coding\vs\suitesparse\suitesparse\umfpack\source\umfpack_qsymbolic.c(2475): warning C4244: '=': conversion from '__int64' to 'double', possible loss of data
c:\coding\vs\suitesparse\suitesparse\umfpack\source\umfpack_qsymbolic.c(2483): warning C4244: '=': conversion from '__int64' to 'double', possible loss of data
  umfpack_dl_report_control.o.c
c:\coding\vs\suitesparse\suitesparse\umfpack\source\umfpack_report_control.c(27): warning C4244: '=': conversion from 'const double' to '__int64', possible loss of data
c:\coding\vs\suitesparse\suitesparse\umfpack\source\umfpack_report_control.c(99): warning C4244: '=': conversion from 'const double' to '__int64', possible loss of data
c:\coding\vs\suitesparse\suitesparse\umfpack\source\umfpack_report_control.c(108): warning C4244: '=': conversion from 'const double' to '__int64', possible loss of data
c:\coding\vs\suitesparse\suitesparse\umfpack\source\umfpack_report_control.c(140): warning C4244: '=': conversion from 'const double' to '__int64', possible loss of data
c:\coding\vs\suitesparse\suitesparse\umfpack\source\umfpack_report_control.c(180): warning C4244: '=': conversion from 'const double' to '__int64', possible loss of data
c:\coding\vs\suitesparse\suitesparse\umfpack\source\umfpack_report_control.c(203): warning C4244: '=': conversion from 'double' to '__int64', possible loss of data
c:\coding\vs\suitesparse\suitesparse\umfpack\source\umfpack_report_control.c(213): warning C4244: '=': conversion from 'const double' to '__int64', possible loss of data
c:\coding\vs\suitesparse\suitesparse\umfpack\source\umfpack_report_control.c(271): warning C4244: '=': conversion from 'const double' to '__int64', possible loss of data
c:\coding\vs\suitesparse\suitesparse\umfpack\source\umfpack_report_control.c(305): warning C4244: '=': conversion from 'double' to '__int64', possible loss of data
  Generating Code...
  Compiling...
  umfpack_dl_report_info.o.c
c:\coding\vs\suitesparse\suitesparse\umfpack\source\umfpack_report_info.c(90): warning C4244: '=': conversion from 'const double' to '__int64', possible loss of data
c:\coding\vs\suitesparse\suitesparse\umfpack\source\umfpack_report_info.c(192): warning C4244: '=': conversion from 'const double' to '__int64', possible loss of data
c:\coding\vs\suitesparse\suitesparse\umfpack\source\umfpack_report_info.c(283): warning C4244: '=': conversion from 'const double' to '__int64', possible loss of data
  umfpack_dl_report_matrix.o.c
c:\coding\vs\suitesparse\suitesparse\umfpack\source\umfpack_report_matrix.c(42): warning C4244: '=': conversion from 'const double' to '__int64', possible loss of data
  umfpack_dl_report_numeric.o.c
c:\coding\vs\suitesparse\suitesparse\umfpack\source\umfpack_report_numeric.c(57): warning C4244: '=': conversion from 'const double' to '__int64', possible loss of data
  umfpack_dl_report_perm.o.c
c:\coding\vs\suitesparse\suitesparse\umfpack\source\umfpack_report_perm.c(32): warning C4244: '=': conversion from 'const double' to '__int64', possible loss of data
  umfpack_dl_report_status.o.c
c:\coding\vs\suitesparse\suitesparse\umfpack\source\umfpack_report_status.c(29): warning C4244: '=': conversion from 'const double' to '__int64', possible loss of data
  umfpack_dl_report_symbolic.o.c
c:\coding\vs\suitesparse\suitesparse\umfpack\source\umfpack_report_symbolic.c(38): warning C4244: '=': conversion from 'const double' to '__int64', possible loss of data
  umfpack_dl_report_triplet.o.c
c:\coding\vs\suitesparse\suitesparse\umfpack\source\umfpack_report_triplet.c(37): warning C4244: '=': conversion from 'const double' to '__int64', possible loss of data
  umfpack_dl_report_vector.o.c
c:\coding\vs\suitesparse\suitesparse\umfpack\source\umfpack_report_vector.c(34): warning C4244: '=': conversion from 'const double' to '__int64', possible loss of data
  umfpack_dl_save_numeric.o.c
c:\coding\vs\suitesparse\suitesparse\umfpack\source\umfpack_save_numeric.c(61): warning C4996: 'fopen': This function or variable may be unsafe. Consider using fopen_s instead. To disable deprecation, use _CRT_SECURE_NO_WARNINGS. See online help for details.
  c:\program files (x86)\windows kits\10\include\10.0.16299.0\ucrt\stdio.h(207): note: see declaration of 'fopen'
  umfpack_dl_save_symbolic.o.c
c:\coding\vs\suitesparse\suitesparse\umfpack\source\umfpack_save_symbolic.c(61): warning C4996: 'fopen': This function or variable may be unsafe. Consider using fopen_s instead. To disable deprecation, use _CRT_SECURE_NO_WARNINGS. See online help for details.
  c:\program files (x86)\windows kits\10\include\10.0.16299.0\ucrt\stdio.h(207): note: see declaration of 'fopen'
  umfpack_dl_scale.o.c
  umfpack_dl_solve.o.c
c:\coding\vs\suitesparse\suitesparse\umfpack\source\umfpack_solve.c(102): warning C4244: '=': conversion from 'const double' to '__int64', possible loss of data
c:\coding\vs\suitesparse\suitesparse\umfpack\source\umfpack_solve.c(134): warning C4244: '=': conversion from '__int64' to 'double', possible loss of data
c:\coding\vs\suitesparse\suitesparse\umfpack\source\umfpack_solve.c(135): warning C4244: '=': conversion from '__int64' to 'double', possible loss of data
c:\coding\vs\suitesparse\suitesparse\umfpack\source\umfpack_solve.c(235): warning C4244: '=': conversion from '__int64' to 'double', possible loss of data
  umfpack_dl_symbolic.o.c
  umfpack_dl_transpose.o.c
  umfpack_dl_triplet_to_col.o.c
  umfpack_dl_wsolve.o.c
c:\coding\vs\suitesparse\suitesparse\umfpack\source\umfpack_solve.c(102): warning C4244: '=': conversion from 'const double' to '__int64', possible loss of data
c:\coding\vs\suitesparse\suitesparse\umfpack\source\umfpack_solve.c(134): warning C4244: '=': conversion from '__int64' to 'double', possible loss of data
c:\coding\vs\suitesparse\suitesparse\umfpack\source\umfpack_solve.c(135): warning C4244: '=': conversion from '__int64' to 'double', possible loss of data
c:\coding\vs\suitesparse\suitesparse\umfpack\source\umfpack_solve.c(235): warning C4244: '=': conversion from '__int64' to 'double', possible loss of data
  umfpack_gn_global.o.c
  umfpack_gn_tictoc.o.c
  umfpack_gn_timer.o.c
  umfpack_zi_col_to_triplet.o.c
  Generating Code...
  Compiling...
  umfpack_zi_defaults.o.c
  umfpack_zi_free_numeric.o.c
  umfpack_zi_free_symbolic.o.c
  umfpack_zi_get_determinant.o.c
  umfpack_zi_get_lunz.o.c
  umfpack_zi_get_numeric.o.c
c:\coding\vs\suitesparse\suitesparse\umfpack\source\umfpack_get_numeric.c(366): warning C4068: unknown pragma
c:\coding\vs\suitesparse\suitesparse\umfpack\source\umfpack_get_numeric.c(372): warning C4068: unknown pragma
  umfpack_zi_get_symbolic.o.c
  umfpack_zi_load_numeric.o.c
c:\coding\vs\suitesparse\suitesparse\umfpack\source\umfpack_load_numeric.c(71): warning C4996: 'fopen': This function or variable may be unsafe. Consider using fopen_s instead. To disable deprecation, use _CRT_SECURE_NO_WARNINGS. See online help for details.
  c:\program files (x86)\windows kits\10\include\10.0.16299.0\ucrt\stdio.h(207): note: see declaration of 'fopen'
  umfpack_zi_load_symbolic.o.c
c:\coding\vs\suitesparse\suitesparse\umfpack\source\umfpack_load_symbolic.c(71): warning C4996: 'fopen': This function or variable may be unsafe. Consider using fopen_s instead. To disable deprecation, use _CRT_SECURE_NO_WARNINGS. See online help for details.
  c:\program files (x86)\windows kits\10\include\10.0.16299.0\ucrt\stdio.h(207): note: see declaration of 'fopen'
  umfpack_zi_numeric.o.c
c:\coding\vs\suitesparse\suitesparse\umfpack\source\umfpack_numeric.c(118): warning C4244: '=': conversion from 'const double' to 'int', possible loss of data
  umfpack_zi_qsymbolic.o.c
c:\coding\vs\suitesparse\suitesparse\umfpack\source\umfpack_qsymbolic.c(480): warning C4244: '=': conversion from 'double' to 'int', possible loss of data
c:\coding\vs\suitesparse\suitesparse\umfpack\source\umfpack_qsymbolic.c(749): warning C4244: '=': conversion from 'const double' to 'int', possible loss of data
c:\coding\vs\suitesparse\suitesparse\umfpack\source\umfpack_qsymbolic.c(750): warning C4244: '=': conversion from 'const double' to 'int', possible loss of data
c:\coding\vs\suitesparse\suitesparse\umfpack\source\umfpack_qsymbolic.c(752): warning C4244: '=': conversion from 'const double' to 'int', possible loss of data
c:\coding\vs\suitesparse\suitesparse\umfpack\source\umfpack_qsymbolic.c(759): warning C4244: '=': conversion from 'const double' to 'int', possible loss of data
c:\coding\vs\suitesparse\suitesparse\umfpack\source\umfpack_qsymbolic.c(762): warning C4244: '=': conversion from 'const double' to 'int', possible loss of data
c:\coding\vs\suitesparse\suitesparse\umfpack\source\umfpack_qsymbolic.c(925): warning C4244: '=': conversion from 'double' to 'int', possible loss of data
c:\coding\vs\suitesparse\suitesparse\umfpack\source\umfpack_qsymbolic.c(1200): warning C4267: '=': conversion from 'size_t' to 'int', possible loss of data
  umfpack_zi_report_control.o.c
c:\coding\vs\suitesparse\suitesparse\umfpack\source\umfpack_report_control.c(27): warning C4244: '=': conversion from 'const double' to 'int', possible loss of data
c:\coding\vs\suitesparse\suitesparse\umfpack\source\umfpack_report_control.c(99): warning C4244: '=': conversion from 'const double' to 'int', possible loss of data
c:\coding\vs\suitesparse\suitesparse\umfpack\source\umfpack_report_control.c(108): warning C4244: '=': conversion from 'const double' to 'int', possible loss of data
c:\coding\vs\suitesparse\suitesparse\umfpack\source\umfpack_report_control.c(140): warning C4244: '=': conversion from 'const double' to 'int', possible loss of data
c:\coding\vs\suitesparse\suitesparse\umfpack\source\umfpack_report_control.c(180): warning C4244: '=': conversion from 'const double' to 'int', possible loss of data
c:\coding\vs\suitesparse\suitesparse\umfpack\source\umfpack_report_control.c(203): warning C4244: '=': conversion from 'double' to 'int', possible loss of data
c:\coding\vs\suitesparse\suitesparse\umfpack\source\umfpack_report_control.c(213): warning C4244: '=': conversion from 'const double' to 'int', possible loss of data
c:\coding\vs\suitesparse\suitesparse\umfpack\source\umfpack_report_control.c(271): warning C4244: '=': conversion from 'const double' to 'int', possible loss of data
c:\coding\vs\suitesparse\suitesparse\umfpack\source\umfpack_report_control.c(305): warning C4244: '=': conversion from 'double' to 'int', possible loss of data
  umfpack_zi_report_info.o.c
c:\coding\vs\suitesparse\suitesparse\umfpack\source\umfpack_report_info.c(90): warning C4244: '=': conversion from 'const double' to 'int', possible loss of data
c:\coding\vs\suitesparse\suitesparse\umfpack\source\umfpack_report_info.c(192): warning C4244: '=': conversion from 'const double' to 'int', possible loss of data
c:\coding\vs\suitesparse\suitesparse\umfpack\source\umfpack_report_info.c(283): warning C4244: '=': conversion from 'const double' to 'int', possible loss of data
  umfpack_zi_report_matrix.o.c
c:\coding\vs\suitesparse\suitesparse\umfpack\source\umfpack_report_matrix.c(42): warning C4244: '=': conversion from 'const double' to 'int', possible loss of data
  umfpack_zi_report_numeric.o.c
c:\coding\vs\suitesparse\suitesparse\umfpack\source\umfpack_report_numeric.c(57): warning C4244: '=': conversion from 'const double' to 'int', possible loss of data
  umfpack_zi_report_perm.o.c
c:\coding\vs\suitesparse\suitesparse\umfpack\source\umfpack_report_perm.c(32): warning C4244: '=': conversion from 'const double' to 'int', possible loss of data
  umfpack_zi_report_status.o.c
c:\coding\vs\suitesparse\suitesparse\umfpack\source\umfpack_report_status.c(29): warning C4244: '=': conversion from 'const double' to 'int', possible loss of data
  umfpack_zi_report_symbolic.o.c
c:\coding\vs\suitesparse\suitesparse\umfpack\source\umfpack_report_symbolic.c(38): warning C4244: '=': conversion from 'const double' to 'int', possible loss of data
  umfpack_zi_report_triplet.o.c
c:\coding\vs\suitesparse\suitesparse\umfpack\source\umfpack_report_triplet.c(37): warning C4244: '=': conversion from 'const double' to 'int', possible loss of data
  umfpack_zi_report_vector.o.c
c:\coding\vs\suitesparse\suitesparse\umfpack\source\umfpack_report_vector.c(34): warning C4244: '=': conversion from 'const double' to 'int', possible loss of data
  Generating Code...
  Compiling...
  umfpack_zi_save_numeric.o.c
c:\coding\vs\suitesparse\suitesparse\umfpack\source\umfpack_save_numeric.c(61): warning C4996: 'fopen': This function or variable may be unsafe. Consider using fopen_s instead. To disable deprecation, use _CRT_SECURE_NO_WARNINGS. See online help for details.
  c:\program files (x86)\windows kits\10\include\10.0.16299.0\ucrt\stdio.h(207): note: see declaration of 'fopen'
  umfpack_zi_save_symbolic.o.c
c:\coding\vs\suitesparse\suitesparse\umfpack\source\umfpack_save_symbolic.c(61): warning C4996: 'fopen': This function or variable may be unsafe. Consider using fopen_s instead. To disable deprecation, use _CRT_SECURE_NO_WARNINGS. See online help for details.
  c:\program files (x86)\windows kits\10\include\10.0.16299.0\ucrt\stdio.h(207): note: see declaration of 'fopen'
  umfpack_zi_scale.o.c
  umfpack_zi_solve.o.c
c:\coding\vs\suitesparse\suitesparse\umfpack\source\umfpack_solve.c(102): warning C4244: '=': conversion from 'const double' to 'int', possible loss of data
  umfpack_zi_symbolic.o.c
  umfpack_zi_transpose.o.c
  umfpack_zi_triplet_to_col.o.c
  umfpack_zi_wsolve.o.c
c:\coding\vs\suitesparse\suitesparse\umfpack\source\umfpack_solve.c(102): warning C4244: '=': conversion from 'const double' to 'int', possible loss of data
  umfpack_zl_col_to_triplet.o.c
  umfpack_zl_defaults.o.c
  umfpack_zl_free_numeric.o.c
  umfpack_zl_free_symbolic.o.c
  umfpack_zl_get_determinant.o.c
  umfpack_zl_get_lunz.o.c
  umfpack_zl_get_numeric.o.c
c:\coding\vs\suitesparse\suitesparse\umfpack\source\umfpack_get_numeric.c(366): warning C4068: unknown pragma
c:\coding\vs\suitesparse\suitesparse\umfpack\source\umfpack_get_numeric.c(372): warning C4068: unknown pragma
  umfpack_zl_get_symbolic.o.c
  umfpack_zl_load_numeric.o.c
c:\coding\vs\suitesparse\suitesparse\umfpack\source\umfpack_load_numeric.c(71): warning C4996: 'fopen': This function or variable may be unsafe. Consider using fopen_s instead. To disable deprecation, use _CRT_SECURE_NO_WARNINGS. See online help for details.
  c:\program files (x86)\windows kits\10\include\10.0.16299.0\ucrt\stdio.h(207): note: see declaration of 'fopen'
  umfpack_zl_load_symbolic.o.c
c:\coding\vs\suitesparse\suitesparse\umfpack\source\umfpack_load_symbolic.c(71): warning C4996: 'fopen': This function or variable may be unsafe. Consider using fopen_s instead. To disable deprecation, use _CRT_SECURE_NO_WARNINGS. See online help for details.
  c:\program files (x86)\windows kits\10\include\10.0.16299.0\ucrt\stdio.h(207): note: see declaration of 'fopen'
  umfpack_zl_numeric.o.c
c:\coding\vs\suitesparse\suitesparse\umfpack\source\umfpack_numeric.c(118): warning C4244: '=': conversion from 'const double' to '__int64', possible loss of data
c:\coding\vs\suitesparse\suitesparse\umfpack\source\umfpack_numeric.c(188): warning C4244: '=': conversion from '__int64' to 'double', possible loss of data
c:\coding\vs\suitesparse\suitesparse\umfpack\source\umfpack_numeric.c(189): warning C4244: '=': conversion from '__int64' to 'double', possible loss of data
c:\coding\vs\suitesparse\suitesparse\umfpack\source\umfpack_numeric.c(198): warning C4244: '=': conversion from 'const __int64' to 'double', possible loss of data
c:\coding\vs\suitesparse\suitesparse\umfpack\source\umfpack_numeric.c(295): warning C4244: '=': conversion from '__int64' to 'double', possible loss of data
c:\coding\vs\suitesparse\suitesparse\umfpack\source\umfpack_numeric.c(303): warning C4244: '=': conversion from '__int64' to 'double', possible loss of data
c:\coding\vs\suitesparse\suitesparse\umfpack\source\umfpack_numeric.c(304): warning C4244: '=': conversion from '__int64' to 'double', possible loss of data
c:\coding\vs\suitesparse\suitesparse\umfpack\source\umfpack_numeric.c(307): warning C4244: '=': conversion from '__int64' to 'double', possible loss of data
c:\coding\vs\suitesparse\suitesparse\umfpack\source\umfpack_numeric.c(455): warning C4244: '=': conversion from '__int64' to 'double', possible loss of data
c:\coding\vs\suitesparse\suitesparse\umfpack\source\umfpack_numeric.c(456): warning C4244: '=': conversion from '__int64' to 'double', possible loss of data
c:\coding\vs\suitesparse\suitesparse\umfpack\source\umfpack_numeric.c(457): warning C4244: '=': conversion from '__int64' to 'double', possible loss of data
c:\coding\vs\suitesparse\suitesparse\umfpack\source\umfpack_numeric.c(458): warning C4244: '=': conversion from '__int64' to 'double', possible loss of data
c:\coding\vs\suitesparse\suitesparse\umfpack\source\umfpack_numeric.c(460): warning C4244: '=': conversion from '__int64' to 'double', possible loss of data
c:\coding\vs\suitesparse\suitesparse\umfpack\source\umfpack_numeric.c(461): warning C4244: '=': conversion from '__int64' to 'double', possible loss of data
c:\coding\vs\suitesparse\suitesparse\umfpack\source\umfpack_numeric.c(464): warning C4244: '=': conversion from '__int64' to 'double', possible loss of data
c:\coding\vs\suitesparse\suitesparse\umfpack\source\umfpack_numeric.c(467): warning C4244: '=': conversion from '__int64' to 'double', possible loss of data
c:\coding\vs\suitesparse\suitesparse\umfpack\source\umfpack_numeric.c(468): warning C4244: '=': conversion from '__int64' to 'double', possible loss of data
c:\coding\vs\suitesparse\suitesparse\umfpack\source\umfpack_numeric.c(471): warning C4244: '=': conversion from '__int64' to 'double', possible loss of data
c:\coding\vs\suitesparse\suitesparse\umfpack\source\umfpack_numeric.c(500): warning C4244: '=': conversion from '__int64' to 'double', possible loss of data
  umfpack_zl_qsymbolic.o.c
c:\coding\vs\suitesparse\suitesparse\umfpack\source\umfpack_qsymbolic.c(388): warning C4244: '=': conversion from '__int64' to 'double', possible loss of data
c:\coding\vs\suitesparse\suitesparse\umfpack\source\umfpack_qsymbolic.c(389): warning C4244: '=': conversion from '__int64' to 'double', possible loss of data
c:\coding\vs\suitesparse\suitesparse\umfpack\source\umfpack_qsymbolic.c(392): warning C4244: '=': conversion from '__int64' to 'double', possible loss of data
c:\coding\vs\suitesparse\suitesparse\umfpack\source\umfpack_qsymbolic.c(480): warning C4244: '=': conversion from 'double' to '__int64', possible loss of data
c:\coding\vs\suitesparse\suitesparse\umfpack\source\umfpack_qsymbolic.c(485): warning C4244: '=': conversion from '__int64' to 'double', possible loss of data
c:\coding\vs\suitesparse\suitesparse\umfpack\source\umfpack_qsymbolic.c(749): warning C4244: '=': conversion from 'const double' to '__int64', possible loss of data
c:\coding\vs\suitesparse\suitesparse\umfpack\source\umfpack_qsymbolic.c(750): warning C4244: '=': conversion from 'const double' to '__int64', possible loss of data
c:\coding\vs\suitesparse\suitesparse\umfpack\source\umfpack_qsymbolic.c(752): warning C4244: '=': conversion from 'const double' to '__int64', possible loss of data
c:\coding\vs\suitesparse\suitesparse\umfpack\source\umfpack_qsymbolic.c(758): warning C4244: '=': conversion from '__int64' to 'double', possible loss of data
c:\coding\vs\suitesparse\suitesparse\umfpack\source\umfpack_qsymbolic.c(759): warning C4244: '=': conversion from 'const double' to '__int64', possible loss of data
c:\coding\vs\suitesparse\suitesparse\umfpack\source\umfpack_qsymbolic.c(762): warning C4244: '=': conversion from 'const double' to '__int64', possible loss of data
c:\coding\vs\suitesparse\suitesparse\umfpack\source\umfpack_qsymbolic.c(810): warning C4244: '=': conversion from '__int64' to 'double', possible loss of data
c:\coding\vs\suitesparse\suitesparse\umfpack\source\umfpack_qsymbolic.c(811): warning C4244: '=': conversion from '__int64' to 'double', possible loss of data
c:\coding\vs\suitesparse\suitesparse\umfpack\source\umfpack_qsymbolic.c(839): warning C4244: '=': conversion from '__int64' to 'double', possible loss of data
c:\coding\vs\suitesparse\suitesparse\umfpack\source\umfpack_qsymbolic.c(925): warning C4244: '=': conversion from 'double' to '__int64', possible loss of data
c:\coding\vs\suitesparse\suitesparse\umfpack\source\umfpack_qsymbolic.c(1101): warning C4244: '=': conversion from '__int64' to 'double', possible loss of data
c:\coding\vs\suitesparse\suitesparse\umfpack\source\umfpack_qsymbolic.c(1105): warning C4244: '=': conversion from '__int64' to 'double', possible loss of data
c:\coding\vs\suitesparse\suitesparse\umfpack\source\umfpack_qsymbolic.c(1106): warning C4244: '=': conversion from '__int64' to 'double', possible loss of data
c:\coding\vs\suitesparse\suitesparse\umfpack\source\umfpack_qsymbolic.c(1109): warning C4244: '=': conversion from '__int64' to 'double', possible loss of data
c:\coding\vs\suitesparse\suitesparse\umfpack\source\umfpack_qsymbolic.c(1110): warning C4244: '=': conversion from '__int64' to 'double', possible loss of data
c:\coding\vs\suitesparse\suitesparse\umfpack\source\umfpack_qsymbolic.c(1111): warning C4244: '=': conversion from '__int64' to 'double', possible loss of data
c:\coding\vs\suitesparse\suitesparse\umfpack\source\umfpack_qsymbolic.c(1202): warning C4244: '=': conversion from '__int64' to 'double', possible loss of data
c:\coding\vs\suitesparse\suitesparse\umfpack\source\umfpack_qsymbolic.c(1225): warning C4244: '=': conversion from '__int64' to 'double', possible loss of data
c:\coding\vs\suitesparse\suitesparse\umfpack\source\umfpack_qsymbolic.c(1226): warning C4244: '=': conversion from '__int64' to 'double', possible loss of data
c:\coding\vs\suitesparse\suitesparse\umfpack\source\umfpack_qsymbolic.c(1294): warning C4244: '=': conversion from '__int64' to 'double', possible loss of data
c:\coding\vs\suitesparse\suitesparse\umfpack\source\umfpack_qsymbolic.c(1295): warning C4244: '=': conversion from '__int64' to 'double', possible loss of data
c:\coding\vs\suitesparse\suitesparse\umfpack\source\umfpack_qsymbolic.c(1296): warning C4244: '=': conversion from '__int64' to 'double', possible loss of data
c:\coding\vs\suitesparse\suitesparse\umfpack\source\umfpack_qsymbolic.c(1317): warning C4244: '=': conversion from '__int64' to 'double', possible loss of data
c:\coding\vs\suitesparse\suitesparse\umfpack\source\umfpack_qsymbolic.c(1435): warning C4244: '=': conversion from '__int64' to 'double', possible loss of data
c:\coding\vs\suitesparse\suitesparse\umfpack\source\umfpack_qsymbolic.c(1456): warning C4244: '=': conversion from '__int64' to 'double', possible loss of data
c:\coding\vs\suitesparse\suitesparse\umfpack\source\umfpack_qsymbolic.c(1480): warning C4244: '=': conversion from '__int64' to 'double', possible loss of data
c:\coding\vs\suitesparse\suitesparse\umfpack\source\umfpack_qsymbolic.c(1481): warning C4244: '=': conversion from '__int64' to 'double', possible loss of data
c:\coding\vs\suitesparse\suitesparse\umfpack\source\umfpack_qsymbolic.c(1482): warning C4244: '=': conversion from '__int64' to 'double', possible loss of data
c:\coding\vs\suitesparse\suitesparse\umfpack\source\umfpack_qsymbolic.c(1520): warning C4244: '=': conversion from '__int64' to 'double', possible loss of data
c:\coding\vs\suitesparse\suitesparse\umfpack\source\umfpack_qsymbolic.c(1724): warning C4244: '=': conversion from '__int64' to 'int', possible loss of data
c:\coding\vs\suitesparse\suitesparse\umfpack\source\umfpack_qsymbolic.c(2307): warning C4244: '=': conversion from '__int64' to 'double', possible loss of data
c:\coding\vs\suitesparse\suitesparse\umfpack\source\umfpack_qsymbolic.c(2367): warning C4244: '=': conversion from '__int64' to 'double', possible loss of data
c:\coding\vs\suitesparse\suitesparse\umfpack\source\umfpack_qsymbolic.c(2454): warning C4244: '=': conversion from '__int64' to 'double', possible loss of data
c:\coding\vs\suitesparse\suitesparse\umfpack\source\umfpack_qsymbolic.c(2455): warning C4244: '=': conversion from '__int64' to 'double', possible loss of data
c:\coding\vs\suitesparse\suitesparse\umfpack\source\umfpack_qsymbolic.c(2474): warning C4244: '=': conversion from '__int64' to 'double', possible loss of data
c:\coding\vs\suitesparse\suitesparse\umfpack\source\umfpack_qsymbolic.c(2475): warning C4244: '=': conversion from '__int64' to 'double', possible loss of data
c:\coding\vs\suitesparse\suitesparse\umfpack\source\umfpack_qsymbolic.c(2483): warning C4244: '=': conversion from '__int64' to 'double', possible loss of data
  Generating Code...
  Compiling...
  umfpack_zl_report_control.o.c
c:\coding\vs\suitesparse\suitesparse\umfpack\source\umfpack_report_control.c(27): warning C4244: '=': conversion from 'const double' to '__int64', possible loss of data
c:\coding\vs\suitesparse\suitesparse\umfpack\source\umfpack_report_control.c(99): warning C4244: '=': conversion from 'const double' to '__int64', possible loss of data
c:\coding\vs\suitesparse\suitesparse\umfpack\source\umfpack_report_control.c(108): warning C4244: '=': conversion from 'const double' to '__int64', possible loss of data
c:\coding\vs\suitesparse\suitesparse\umfpack\source\umfpack_report_control.c(140): warning C4244: '=': conversion from 'const double' to '__int64', possible loss of data
c:\coding\vs\suitesparse\suitesparse\umfpack\source\umfpack_report_control.c(180): warning C4244: '=': conversion from 'const double' to '__int64', possible loss of data
c:\coding\vs\suitesparse\suitesparse\umfpack\source\umfpack_report_control.c(203): warning C4244: '=': conversion from 'double' to '__int64', possible loss of data
c:\coding\vs\suitesparse\suitesparse\umfpack\source\umfpack_report_control.c(213): warning C4244: '=': conversion from 'const double' to '__int64', possible loss of data
c:\coding\vs\suitesparse\suitesparse\umfpack\source\umfpack_report_control.c(271): warning C4244: '=': conversion from 'const double' to '__int64', possible loss of data
c:\coding\vs\suitesparse\suitesparse\umfpack\source\umfpack_report_control.c(305): warning C4244: '=': conversion from 'double' to '__int64', possible loss of data
  umfpack_zl_report_info.o.c
c:\coding\vs\suitesparse\suitesparse\umfpack\source\umfpack_report_info.c(90): warning C4244: '=': conversion from 'const double' to '__int64', possible loss of data
c:\coding\vs\suitesparse\suitesparse\umfpack\source\umfpack_report_info.c(192): warning C4244: '=': conversion from 'const double' to '__int64', possible loss of data
c:\coding\vs\suitesparse\suitesparse\umfpack\source\umfpack_report_info.c(283): warning C4244: '=': conversion from 'const double' to '__int64', possible loss of data
  umfpack_zl_report_matrix.o.c
c:\coding\vs\suitesparse\suitesparse\umfpack\source\umfpack_report_matrix.c(42): warning C4244: '=': conversion from 'const double' to '__int64', possible loss of data
  umfpack_zl_report_numeric.o.c
c:\coding\vs\suitesparse\suitesparse\umfpack\source\umfpack_report_numeric.c(57): warning C4244: '=': conversion from 'const double' to '__int64', possible loss of data
  umfpack_zl_report_perm.o.c
c:\coding\vs\suitesparse\suitesparse\umfpack\source\umfpack_report_perm.c(32): warning C4244: '=': conversion from 'const double' to '__int64', possible loss of data
  umfpack_zl_report_status.o.c
c:\coding\vs\suitesparse\suitesparse\umfpack\source\umfpack_report_status.c(29): warning C4244: '=': conversion from 'const double' to '__int64', possible loss of data
  umfpack_zl_report_symbolic.o.c
c:\coding\vs\suitesparse\suitesparse\umfpack\source\umfpack_report_symbolic.c(38): warning C4244: '=': conversion from 'const double' to '__int64', possible loss of data
  umfpack_zl_report_triplet.o.c
c:\coding\vs\suitesparse\suitesparse\umfpack\source\umfpack_report_triplet.c(37): warning C4244: '=': conversion from 'const double' to '__int64', possible loss of data
  umfpack_zl_report_vector.o.c
c:\coding\vs\suitesparse\suitesparse\umfpack\source\umfpack_report_vector.c(34): warning C4244: '=': conversion from 'const double' to '__int64', possible loss of data
  umfpack_zl_save_numeric.o.c
c:\coding\vs\suitesparse\suitesparse\umfpack\source\umfpack_save_numeric.c(61): warning C4996: 'fopen': This function or variable may be unsafe. Consider using fopen_s instead. To disable deprecation, use _CRT_SECURE_NO_WARNINGS. See online help for details.
  c:\program files (x86)\windows kits\10\include\10.0.16299.0\ucrt\stdio.h(207): note: see declaration of 'fopen'
  umfpack_zl_save_symbolic.o.c
c:\coding\vs\suitesparse\suitesparse\umfpack\source\umfpack_save_symbolic.c(61): warning C4996: 'fopen': This function or variable may be unsafe. Consider using fopen_s instead. To disable deprecation, use _CRT_SECURE_NO_WARNINGS. See online help for details.
  c:\program files (x86)\windows kits\10\include\10.0.16299.0\ucrt\stdio.h(207): note: see declaration of 'fopen'
  umfpack_zl_scale.o.c
  umfpack_zl_solve.o.c
c:\coding\vs\suitesparse\suitesparse\umfpack\source\umfpack_solve.c(102): warning C4244: '=': conversion from 'const double' to '__int64', possible loss of data
c:\coding\vs\suitesparse\suitesparse\umfpack\source\umfpack_solve.c(134): warning C4244: '=': conversion from '__int64' to 'double', possible loss of data
c:\coding\vs\suitesparse\suitesparse\umfpack\source\umfpack_solve.c(135): warning C4244: '=': conversion from '__int64' to 'double', possible loss of data
c:\coding\vs\suitesparse\suitesparse\umfpack\source\umfpack_solve.c(235): warning C4244: '=': conversion from '__int64' to 'double', possible loss of data
  umfpack_zl_symbolic.o.c
  umfpack_zl_transpose.o.c
  umfpack_zl_triplet_to_col.o.c
  umfpack_zl_wsolve.o.c
c:\coding\vs\suitesparse\suitesparse\umfpack\source\umfpack_solve.c(102): warning C4244: '=': conversion from 'const double' to '__int64', possible loss of data
c:\coding\vs\suitesparse\suitesparse\umfpack\source\umfpack_solve.c(134): warning C4244: '=': conversion from '__int64' to 'double', possible loss of data
c:\coding\vs\suitesparse\suitesparse\umfpack\source\umfpack_solve.c(135): warning C4244: '=': conversion from '__int64' to 'double', possible loss of data
c:\coding\vs\suitesparse\suitesparse\umfpack\source\umfpack_solve.c(235): warning C4244: '=': conversion from '__int64' to 'double', possible loss of data
  Generating Code...
  Auto build dll exports
     Creating library C:/Coding/VS/suitesparse/build/lib/Debug/libumfpackd.lib and object C:/Coding/VS/suitesparse/build/lib/Debug/libumfpackd.exp
  umfpack.vcxproj -> C:\Coding\VS\suitesparse\build\lib\Debug\libumfpackd.dll
