c:\coding\vs\suitesparse\build\suitesparse\umfpack\umfpack.dir\release\umf_di_mem_alloc_head_block.o.obj
c:\coding\vs\suitesparse\build\suitesparse\umfpack\umfpack.dir\release\umf_di_mem_alloc_element.o.obj
c:\coding\vs\suitesparse\build\suitesparse\umfpack\umfpack.dir\release\umf_di_ltsolve.o.obj
c:\coding\vs\suitesparse\build\suitesparse\umfpack\umfpack.dir\release\umf_di_lsolve.o.obj
c:\coding\vs\suitesparse\build\suitesparse\umfpack\umfpack.dir\release\umf_di_local_search.o.obj
c:\coding\vs\suitesparse\build\suitesparse\umfpack\umfpack.dir\release\umf_di_lhsolve.o.obj
c:\coding\vs\suitesparse\build\suitesparse\umfpack\umfpack.dir\release\umf_di_kernel_wrapup.o.obj
c:\coding\vs\suitesparse\build\suitesparse\umfpack\umfpack.dir\release\umf_di_kernel_init.o.obj
c:\coding\vs\suitesparse\build\suitesparse\umfpack\umfpack.dir\release\umf_di_kernel.o.obj
c:\coding\vs\suitesparse\build\suitesparse\umfpack\umfpack.dir\release\umf_di_init_front.o.obj
c:\coding\vs\suitesparse\build\suitesparse\umfpack\umfpack.dir\release\umf_di_grow_front.o.obj
c:\coding\vs\suitesparse\build\suitesparse\umfpack\umfpack.dir\release\umf_di_get_memory.o.obj
c:\coding\vs\suitesparse\build\suitesparse\umfpack\umfpack.dir\release\umf_di_garbage_collection.o.obj
c:\coding\vs\suitesparse\build\suitesparse\umfpack\umfpack.dir\release\umf_di_extend_front.o.obj
c:\coding\vs\suitesparse\build\suitesparse\umfpack\umfpack.dir\release\umf_di_dump.o.obj
c:\coding\vs\suitesparse\build\suitesparse\umfpack\umfpack.dir\release\umf_di_create_element.o.obj
c:\coding\vs\suitesparse\build\suitesparse\umfpack\umfpack.dir\release\umf_di_build_tuples.o.obj
c:\coding\vs\suitesparse\build\suitesparse\umfpack\umfpack.dir\release\umf_di_blas3_update.o.obj
c:\coding\vs\suitesparse\build\suitesparse\umfpack\umfpack.dir\release\umf_di_assemble_fixq.o.obj
c:\coding\vs\suitesparse\build\suitesparse\umfpack\umfpack.dir\release\umf_di_assemble.o.obj
c:\coding\vs\suitesparse\build\suitesparse\umfpack\umfpack.dir\release\umf_di_uhsolve.o.obj
c:\coding\vs\suitesparse\build\suitesparse\umfpack\umfpack.dir\release\umf_di_tuple_lengths.o.obj
c:\coding\vs\suitesparse\build\suitesparse\umfpack\umfpack.dir\release\umf_di_triplet_nomap_x.o.obj
c:\coding\vs\suitesparse\build\suitesparse\umfpack\umfpack.dir\release\umf_di_triplet_nomap_nox.o.obj
c:\coding\vs\suitesparse\build\suitesparse\umfpack\umfpack.dir\release\umf_di_triplet_map_x.o.obj
c:\coding\vs\suitesparse\build\suitesparse\umfpack\umfpack.dir\release\umf_di_triplet_map_nox.o.obj
c:\coding\vs\suitesparse\build\suitesparse\umfpack\umfpack.dir\release\umf_di_transpose.o.obj
c:\coding\vs\suitesparse\build\suitesparse\umfpack\umfpack.dir\release\umf_di_symbolic_usage.o.obj
c:\coding\vs\suitesparse\build\suitesparse\umfpack\umfpack.dir\release\umf_di_store_lu_drop.o.obj
c:\coding\vs\suitesparse\build\suitesparse\umfpack\umfpack.dir\release\umf_di_store_lu.o.obj
c:\coding\vs\suitesparse\build\suitesparse\umfpack\umfpack.dir\release\umf_di_start_front.o.obj
c:\coding\vs\suitesparse\build\suitesparse\umfpack\umfpack.dir\release\umf_di_solve.o.obj
c:\coding\vs\suitesparse\build\suitesparse\umfpack\umfpack.dir\release\umf_di_set_stats.o.obj
c:\coding\vs\suitesparse\build\suitesparse\umfpack\umfpack.dir\release\umf_di_scale_column.o.obj
c:\coding\vs\suitesparse\build\suitesparse\umfpack\umfpack.dir\release\umf_di_scale.o.obj
c:\coding\vs\suitesparse\build\suitesparse\umfpack\umfpack.dir\release\umf_di_row_search.o.obj
c:\coding\vs\suitesparse\build\suitesparse\umfpack\umfpack.dir\release\umf_di_report_vector.o.obj
c:\coding\vs\suitesparse\build\suitesparse\umfpack\umfpack.dir\release\umf_di_mem_init_memoryspace.o.obj
c:\coding\vs\suitesparse\build\suitesparse\umfpack\umfpack.dir\release\umf_di_mem_free_tail_block.o.obj
c:\coding\vs\suitesparse\build\suitesparse\umfpack\umfpack.dir\release\umf_di_mem_alloc_tail_block.o.obj
c:\coding\vs\suitesparse\build\suitesparse\umfpack\umfpack.dir\release\umf_dl_local_search.o.obj
c:\coding\vs\suitesparse\build\suitesparse\umfpack\umfpack.dir\release\umf_dl_lhsolve.o.obj
c:\coding\vs\suitesparse\build\suitesparse\umfpack\umfpack.dir\release\umf_dl_kernel_wrapup.o.obj
c:\coding\vs\suitesparse\build\suitesparse\umfpack\umfpack.dir\release\umf_dl_kernel_init.o.obj
c:\coding\vs\suitesparse\build\suitesparse\umfpack\umfpack.dir\release\umf_dl_kernel.o.obj
c:\coding\vs\suitesparse\build\suitesparse\umfpack\umfpack.dir\release\umf_dl_init_front.o.obj
c:\coding\vs\suitesparse\build\suitesparse\umfpack\umfpack.dir\release\umf_dl_grow_front.o.obj
c:\coding\vs\suitesparse\build\suitesparse\umfpack\umfpack.dir\release\umf_dl_get_memory.o.obj
c:\coding\vs\suitesparse\build\suitesparse\umfpack\umfpack.dir\release\umf_dl_garbage_collection.o.obj
c:\coding\vs\suitesparse\build\suitesparse\umfpack\umfpack.dir\release\umf_dl_extend_front.o.obj
c:\coding\vs\suitesparse\build\suitesparse\umfpack\umfpack.dir\release\umf_dl_dump.o.obj
c:\coding\vs\suitesparse\build\suitesparse\umfpack\umfpack.dir\release\umf_dl_create_element.o.obj
c:\coding\vs\suitesparse\build\suitesparse\umfpack\umfpack.dir\release\umf_dl_build_tuples.o.obj
c:\coding\vs\suitesparse\build\suitesparse\umfpack\umfpack.dir\release\umf_dl_blas3_update.o.obj
c:\coding\vs\suitesparse\build\suitesparse\umfpack\umfpack.dir\release\umf_dl_assemble_fixq.o.obj
c:\coding\vs\suitesparse\build\suitesparse\umfpack\umfpack.dir\release\umf_dl_assemble.o.obj
c:\coding\vs\suitesparse\build\suitesparse\umfpack\umfpack.dir\release\umf_di_valid_symbolic.o.obj
c:\coding\vs\suitesparse\build\suitesparse\umfpack\umfpack.dir\release\umf_di_valid_numeric.o.obj
c:\coding\vs\suitesparse\build\suitesparse\umfpack\umfpack.dir\release\umf_di_utsolve.o.obj
c:\coding\vs\suitesparse\build\suitesparse\umfpack\umfpack.dir\release\umf_di_usolve.o.obj
c:\coding\vs\suitesparse\build\suitesparse\umfpack\umfpack.dir\release\umf_dl_triplet_map_x.o.obj
c:\coding\vs\suitesparse\build\suitesparse\umfpack\umfpack.dir\release\umf_dl_triplet_map_nox.o.obj
c:\coding\vs\suitesparse\build\suitesparse\umfpack\umfpack.dir\release\umf_dl_transpose.o.obj
c:\coding\vs\suitesparse\build\suitesparse\umfpack\umfpack.dir\release\umf_dl_symbolic_usage.o.obj
c:\coding\vs\suitesparse\build\suitesparse\umfpack\umfpack.dir\release\umf_dl_store_lu_drop.o.obj
c:\coding\vs\suitesparse\build\suitesparse\umfpack\umfpack.dir\release\umf_dl_store_lu.o.obj
c:\coding\vs\suitesparse\build\suitesparse\umfpack\umfpack.dir\release\umf_dl_start_front.o.obj
c:\coding\vs\suitesparse\build\suitesparse\umfpack\umfpack.dir\release\umf_dl_solve.o.obj
c:\coding\vs\suitesparse\build\suitesparse\umfpack\umfpack.dir\release\umf_dl_set_stats.o.obj
c:\coding\vs\suitesparse\build\suitesparse\umfpack\umfpack.dir\release\umf_dl_scale_column.o.obj
c:\coding\vs\suitesparse\build\suitesparse\umfpack\umfpack.dir\release\umf_dl_scale.o.obj
c:\coding\vs\suitesparse\build\suitesparse\umfpack\umfpack.dir\release\umf_dl_row_search.o.obj
c:\coding\vs\suitesparse\build\suitesparse\umfpack\umfpack.dir\release\umf_dl_report_vector.o.obj
c:\coding\vs\suitesparse\build\suitesparse\umfpack\umfpack.dir\release\umf_dl_mem_init_memoryspace.o.obj
c:\coding\vs\suitesparse\build\suitesparse\umfpack\umfpack.dir\release\umf_dl_mem_free_tail_block.o.obj
c:\coding\vs\suitesparse\build\suitesparse\umfpack\umfpack.dir\release\umf_dl_mem_alloc_tail_block.o.obj
c:\coding\vs\suitesparse\build\suitesparse\umfpack\umfpack.dir\release\umf_dl_mem_alloc_head_block.o.obj
c:\coding\vs\suitesparse\build\suitesparse\umfpack\umfpack.dir\release\umf_dl_mem_alloc_element.o.obj
c:\coding\vs\suitesparse\build\suitesparse\umfpack\umfpack.dir\release\umf_dl_ltsolve.o.obj
c:\coding\vs\suitesparse\build\suitesparse\umfpack\umfpack.dir\release\umf_dl_lsolve.o.obj
c:\coding\vs\suitesparse\build\suitesparse\umfpack\umfpack.dir\release\umf_l_analyze.o.obj
c:\coding\vs\suitesparse\build\suitesparse\umfpack\umfpack.dir\release\umf_i_singletons.o.obj
c:\coding\vs\suitesparse\build\suitesparse\umfpack\umfpack.dir\release\umf_i_report_perm.o.obj
c:\coding\vs\suitesparse\build\suitesparse\umfpack\umfpack.dir\release\umf_i_realloc.o.obj
c:\coding\vs\suitesparse\build\suitesparse\umfpack\umfpack.dir\release\umf_i_malloc.o.obj
c:\coding\vs\suitesparse\build\suitesparse\umfpack\umfpack.dir\release\umf_i_is_permutation.o.obj
c:\coding\vs\suitesparse\build\suitesparse\umfpack\umfpack.dir\release\umf_i_fsize.o.obj
c:\coding\vs\suitesparse\build\suitesparse\umfpack\umfpack.dir\release\umf_i_free.o.obj
c:\coding\vs\suitesparse\build\suitesparse\umfpack\umfpack.dir\release\umf_i_colamd.o.obj
c:\coding\vs\suitesparse\build\suitesparse\umfpack\umfpack.dir\release\umf_i_cholmod.o.obj
c:\coding\vs\suitesparse\build\suitesparse\umfpack\umfpack.dir\release\umf_i_apply_order.o.obj
c:\coding\vs\suitesparse\build\suitesparse\umfpack\umfpack.dir\release\umf_i_analyze.o.obj
c:\coding\vs\suitesparse\build\suitesparse\umfpack\umfpack.dir\release\umf_dl_valid_symbolic.o.obj
c:\coding\vs\suitesparse\build\suitesparse\umfpack\umfpack.dir\release\umf_dl_valid_numeric.o.obj
c:\coding\vs\suitesparse\build\suitesparse\umfpack\umfpack.dir\release\umf_dl_utsolve.o.obj
c:\coding\vs\suitesparse\build\suitesparse\umfpack\umfpack.dir\release\umf_dl_usolve.o.obj
c:\coding\vs\suitesparse\build\suitesparse\umfpack\umfpack.dir\release\umf_dl_uhsolve.o.obj
c:\coding\vs\suitesparse\build\suitesparse\umfpack\umfpack.dir\release\umf_dl_tuple_lengths.o.obj
c:\coding\vs\suitesparse\build\suitesparse\umfpack\umfpack.dir\release\umf_dl_triplet_nomap_x.o.obj
c:\coding\vs\suitesparse\build\suitesparse\umfpack\umfpack.dir\release\umf_dl_triplet_nomap_nox.o.obj
c:\coding\vs\suitesparse\build\suitesparse\umfpack\umfpack.dir\release\umf_zi_grow_front.o.obj
c:\coding\vs\suitesparse\build\suitesparse\umfpack\umfpack.dir\release\umf_zi_get_memory.o.obj
c:\coding\vs\suitesparse\build\suitesparse\umfpack\umfpack.dir\release\umf_zi_garbage_collection.o.obj
c:\coding\vs\suitesparse\build\suitesparse\umfpack\umfpack.dir\release\umf_zi_extend_front.o.obj
c:\coding\vs\suitesparse\build\suitesparse\umfpack\umfpack.dir\release\umf_zi_dump.o.obj
c:\coding\vs\suitesparse\build\suitesparse\umfpack\umfpack.dir\release\umf_zi_create_element.o.obj
c:\coding\vs\suitesparse\build\suitesparse\umfpack\umfpack.dir\release\umf_zi_build_tuples.o.obj
c:\coding\vs\suitesparse\build\suitesparse\umfpack\umfpack.dir\release\umf_zi_blas3_update.o.obj
c:\coding\vs\suitesparse\build\suitesparse\umfpack\umfpack.dir\release\umf_zi_assemble_fixq.o.obj
c:\coding\vs\suitesparse\build\suitesparse\umfpack\umfpack.dir\release\umf_zi_assemble.o.obj
c:\coding\vs\suitesparse\build\suitesparse\umfpack\umfpack.dir\release\umf_l_singletons.o.obj
c:\coding\vs\suitesparse\build\suitesparse\umfpack\umfpack.dir\release\umf_l_report_perm.o.obj
c:\coding\vs\suitesparse\build\suitesparse\umfpack\umfpack.dir\release\umf_l_realloc.o.obj
c:\coding\vs\suitesparse\build\suitesparse\umfpack\umfpack.dir\release\umf_l_malloc.o.obj
c:\coding\vs\suitesparse\build\suitesparse\umfpack\umfpack.dir\release\umf_l_is_permutation.o.obj
c:\coding\vs\suitesparse\build\suitesparse\umfpack\umfpack.dir\release\umf_l_fsize.o.obj
c:\coding\vs\suitesparse\build\suitesparse\umfpack\umfpack.dir\release\umf_l_free.o.obj
c:\coding\vs\suitesparse\build\suitesparse\umfpack\umfpack.dir\release\umf_l_colamd.o.obj
c:\coding\vs\suitesparse\build\suitesparse\umfpack\umfpack.dir\release\umf_l_cholmod.o.obj
c:\coding\vs\suitesparse\build\suitesparse\umfpack\umfpack.dir\release\umf_l_apply_order.o.obj
c:\coding\vs\suitesparse\build\suitesparse\umfpack\umfpack.dir\release\umf_zi_start_front.o.obj
c:\coding\vs\suitesparse\build\suitesparse\umfpack\umfpack.dir\release\umf_zi_solve.o.obj
c:\coding\vs\suitesparse\build\suitesparse\umfpack\umfpack.dir\release\umf_zi_set_stats.o.obj
c:\coding\vs\suitesparse\build\suitesparse\umfpack\umfpack.dir\release\umf_zi_scale_column.o.obj
c:\coding\vs\suitesparse\build\suitesparse\umfpack\umfpack.dir\release\umf_zi_scale.o.obj
c:\coding\vs\suitesparse\build\suitesparse\umfpack\umfpack.dir\release\umf_zi_row_search.o.obj
c:\coding\vs\suitesparse\build\suitesparse\umfpack\umfpack.dir\release\umf_zi_report_vector.o.obj
c:\coding\vs\suitesparse\build\suitesparse\umfpack\umfpack.dir\release\umf_zi_mem_init_memoryspace.o.obj
c:\coding\vs\suitesparse\build\suitesparse\umfpack\umfpack.dir\release\umf_zi_mem_free_tail_block.o.obj
c:\coding\vs\suitesparse\build\suitesparse\umfpack\umfpack.dir\release\umf_zi_mem_alloc_tail_block.o.obj
c:\coding\vs\suitesparse\build\suitesparse\umfpack\umfpack.dir\release\umf_zi_mem_alloc_head_block.o.obj
c:\coding\vs\suitesparse\build\suitesparse\umfpack\umfpack.dir\release\umf_zi_mem_alloc_element.o.obj
c:\coding\vs\suitesparse\build\suitesparse\umfpack\umfpack.dir\release\umf_zi_ltsolve.o.obj
c:\coding\vs\suitesparse\build\suitesparse\umfpack\umfpack.dir\release\umf_zi_lsolve.o.obj
c:\coding\vs\suitesparse\build\suitesparse\umfpack\umfpack.dir\release\umf_zi_local_search.o.obj
c:\coding\vs\suitesparse\build\suitesparse\umfpack\umfpack.dir\release\umf_zi_lhsolve.o.obj
c:\coding\vs\suitesparse\build\suitesparse\umfpack\umfpack.dir\release\umf_zi_kernel_wrapup.o.obj
c:\coding\vs\suitesparse\build\suitesparse\umfpack\umfpack.dir\release\umf_zi_kernel_init.o.obj
c:\coding\vs\suitesparse\build\suitesparse\umfpack\umfpack.dir\release\umf_zi_kernel.o.obj
c:\coding\vs\suitesparse\build\suitesparse\umfpack\umfpack.dir\release\umf_zi_init_front.o.obj
c:\coding\vs\suitesparse\build\suitesparse\umfpack\umfpack.dir\release\umf_zl_dump.o.obj
c:\coding\vs\suitesparse\build\suitesparse\umfpack\umfpack.dir\release\umf_zl_create_element.o.obj
c:\coding\vs\suitesparse\build\suitesparse\umfpack\umfpack.dir\release\umf_zl_build_tuples.o.obj
c:\coding\vs\suitesparse\build\suitesparse\umfpack\umfpack.dir\release\umf_zl_blas3_update.o.obj
c:\coding\vs\suitesparse\build\suitesparse\umfpack\umfpack.dir\release\umf_zl_assemble_fixq.o.obj
c:\coding\vs\suitesparse\build\suitesparse\umfpack\umfpack.dir\release\umf_zl_assemble.o.obj
c:\coding\vs\suitesparse\build\suitesparse\umfpack\umfpack.dir\release\umf_zi_valid_symbolic.o.obj
c:\coding\vs\suitesparse\build\suitesparse\umfpack\umfpack.dir\release\umf_zi_valid_numeric.o.obj
c:\coding\vs\suitesparse\build\suitesparse\umfpack\umfpack.dir\release\umf_zi_utsolve.o.obj
c:\coding\vs\suitesparse\build\suitesparse\umfpack\umfpack.dir\release\umf_zi_usolve.o.obj
c:\coding\vs\suitesparse\build\suitesparse\umfpack\umfpack.dir\release\umf_zi_uhsolve.o.obj
c:\coding\vs\suitesparse\build\suitesparse\umfpack\umfpack.dir\release\umf_zi_tuple_lengths.o.obj
c:\coding\vs\suitesparse\build\suitesparse\umfpack\umfpack.dir\release\umf_zi_triplet_nomap_x.o.obj
c:\coding\vs\suitesparse\build\suitesparse\umfpack\umfpack.dir\release\umf_zi_triplet_nomap_nox.o.obj
c:\coding\vs\suitesparse\build\suitesparse\umfpack\umfpack.dir\release\umf_zi_triplet_map_x.o.obj
c:\coding\vs\suitesparse\build\suitesparse\umfpack\umfpack.dir\release\umf_zi_triplet_map_nox.o.obj
c:\coding\vs\suitesparse\build\suitesparse\umfpack\umfpack.dir\release\umf_zi_transpose.o.obj
c:\coding\vs\suitesparse\build\suitesparse\umfpack\umfpack.dir\release\umf_zi_symbolic_usage.o.obj
c:\coding\vs\suitesparse\build\suitesparse\umfpack\umfpack.dir\release\umf_zi_store_lu_drop.o.obj
c:\coding\vs\suitesparse\build\suitesparse\umfpack\umfpack.dir\release\umf_zi_store_lu.o.obj
c:\coding\vs\suitesparse\build\suitesparse\umfpack\umfpack.dir\release\umf_zl_scale.o.obj
c:\coding\vs\suitesparse\build\suitesparse\umfpack\umfpack.dir\release\umf_zl_row_search.o.obj
c:\coding\vs\suitesparse\build\suitesparse\umfpack\umfpack.dir\release\umf_zl_report_vector.o.obj
c:\coding\vs\suitesparse\build\suitesparse\umfpack\umfpack.dir\release\umf_zl_mem_init_memoryspace.o.obj
c:\coding\vs\suitesparse\build\suitesparse\umfpack\umfpack.dir\release\umf_zl_mem_free_tail_block.o.obj
c:\coding\vs\suitesparse\build\suitesparse\umfpack\umfpack.dir\release\umf_zl_mem_alloc_tail_block.o.obj
c:\coding\vs\suitesparse\build\suitesparse\umfpack\umfpack.dir\release\umf_zl_mem_alloc_head_block.o.obj
c:\coding\vs\suitesparse\build\suitesparse\umfpack\umfpack.dir\release\umf_zl_mem_alloc_element.o.obj
c:\coding\vs\suitesparse\build\suitesparse\umfpack\umfpack.dir\release\umf_zl_ltsolve.o.obj
c:\coding\vs\suitesparse\build\suitesparse\umfpack\umfpack.dir\release\umf_zl_lsolve.o.obj
c:\coding\vs\suitesparse\build\suitesparse\umfpack\umfpack.dir\release\umf_zl_local_search.o.obj
c:\coding\vs\suitesparse\build\suitesparse\umfpack\umfpack.dir\release\umf_zl_lhsolve.o.obj
c:\coding\vs\suitesparse\build\suitesparse\umfpack\umfpack.dir\release\umf_zl_kernel_wrapup.o.obj
c:\coding\vs\suitesparse\build\suitesparse\umfpack\umfpack.dir\release\umf_zl_kernel_init.o.obj
c:\coding\vs\suitesparse\build\suitesparse\umfpack\umfpack.dir\release\umf_zl_kernel.o.obj
c:\coding\vs\suitesparse\build\suitesparse\umfpack\umfpack.dir\release\umf_zl_init_front.o.obj
c:\coding\vs\suitesparse\build\suitesparse\umfpack\umfpack.dir\release\umf_zl_grow_front.o.obj
c:\coding\vs\suitesparse\build\suitesparse\umfpack\umfpack.dir\release\umf_zl_get_memory.o.obj
c:\coding\vs\suitesparse\build\suitesparse\umfpack\umfpack.dir\release\umf_zl_garbage_collection.o.obj
c:\coding\vs\suitesparse\build\suitesparse\umfpack\umfpack.dir\release\umf_zl_extend_front.o.obj
c:\coding\vs\suitesparse\build\suitesparse\umfpack\umfpack.dir\release\umfpack_di_defaults.o.obj
c:\coding\vs\suitesparse\build\suitesparse\umfpack\umfpack.dir\release\umfpack_di_col_to_triplet.o.obj
c:\coding\vs\suitesparse\build\suitesparse\umfpack\umfpack.dir\release\umf_zl_valid_symbolic.o.obj
c:\coding\vs\suitesparse\build\suitesparse\umfpack\umfpack.dir\release\umf_zl_valid_numeric.o.obj
c:\coding\vs\suitesparse\build\suitesparse\umfpack\umfpack.dir\release\umf_zl_utsolve.o.obj
c:\coding\vs\suitesparse\build\suitesparse\umfpack\umfpack.dir\release\umf_zl_usolve.o.obj
c:\coding\vs\suitesparse\build\suitesparse\umfpack\umfpack.dir\release\umf_zl_uhsolve.o.obj
c:\coding\vs\suitesparse\build\suitesparse\umfpack\umfpack.dir\release\umf_zl_tuple_lengths.o.obj
c:\coding\vs\suitesparse\build\suitesparse\umfpack\umfpack.dir\release\umf_zl_triplet_nomap_x.o.obj
c:\coding\vs\suitesparse\build\suitesparse\umfpack\umfpack.dir\release\umf_zl_triplet_nomap_nox.o.obj
c:\coding\vs\suitesparse\build\suitesparse\umfpack\umfpack.dir\release\umf_zl_triplet_map_x.o.obj
c:\coding\vs\suitesparse\build\suitesparse\umfpack\umfpack.dir\release\umf_zl_triplet_map_nox.o.obj
c:\coding\vs\suitesparse\build\suitesparse\umfpack\umfpack.dir\release\umf_zl_transpose.o.obj
c:\coding\vs\suitesparse\build\suitesparse\umfpack\umfpack.dir\release\umf_zl_symbolic_usage.o.obj
c:\coding\vs\suitesparse\build\suitesparse\umfpack\umfpack.dir\release\umf_zl_store_lu_drop.o.obj
c:\coding\vs\suitesparse\build\suitesparse\umfpack\umfpack.dir\release\umf_zl_store_lu.o.obj
c:\coding\vs\suitesparse\build\suitesparse\umfpack\umfpack.dir\release\umf_zl_start_front.o.obj
c:\coding\vs\suitesparse\build\suitesparse\umfpack\umfpack.dir\release\umf_zl_solve.o.obj
c:\coding\vs\suitesparse\build\suitesparse\umfpack\umfpack.dir\release\umf_zl_set_stats.o.obj
c:\coding\vs\suitesparse\build\suitesparse\umfpack\umfpack.dir\release\umf_zl_scale_column.o.obj
c:\coding\vs\suitesparse\build\suitesparse\umfpack\umfpack.dir\release\umfpack_di_save_numeric.o.obj
c:\coding\vs\suitesparse\build\suitesparse\umfpack\umfpack.dir\release\umfpack_di_report_vector.o.obj
c:\coding\vs\suitesparse\build\suitesparse\umfpack\umfpack.dir\release\umfpack_di_report_triplet.o.obj
c:\coding\vs\suitesparse\build\suitesparse\umfpack\umfpack.dir\release\umfpack_di_report_symbolic.o.obj
c:\coding\vs\suitesparse\build\suitesparse\umfpack\umfpack.dir\release\umfpack_di_report_status.o.obj
c:\coding\vs\suitesparse\build\suitesparse\umfpack\umfpack.dir\release\umfpack_di_report_perm.o.obj
c:\coding\vs\suitesparse\build\suitesparse\umfpack\umfpack.dir\release\umfpack_di_report_numeric.o.obj
c:\coding\vs\suitesparse\build\suitesparse\umfpack\umfpack.dir\release\umfpack_di_report_matrix.o.obj
c:\coding\vs\suitesparse\build\suitesparse\umfpack\umfpack.dir\release\umfpack_di_report_info.o.obj
c:\coding\vs\suitesparse\build\suitesparse\umfpack\umfpack.dir\release\umfpack_di_report_control.o.obj
c:\coding\vs\suitesparse\build\suitesparse\umfpack\umfpack.dir\release\umfpack_di_qsymbolic.o.obj
c:\coding\vs\suitesparse\build\suitesparse\umfpack\umfpack.dir\release\umfpack_di_numeric.o.obj
c:\coding\vs\suitesparse\build\suitesparse\umfpack\umfpack.dir\release\umfpack_di_load_symbolic.o.obj
c:\coding\vs\suitesparse\build\suitesparse\umfpack\umfpack.dir\release\umfpack_di_load_numeric.o.obj
c:\coding\vs\suitesparse\build\suitesparse\umfpack\umfpack.dir\release\umfpack_di_get_symbolic.o.obj
c:\coding\vs\suitesparse\build\suitesparse\umfpack\umfpack.dir\release\umfpack_di_get_numeric.o.obj
c:\coding\vs\suitesparse\build\suitesparse\umfpack\umfpack.dir\release\umfpack_di_get_lunz.o.obj
c:\coding\vs\suitesparse\build\suitesparse\umfpack\umfpack.dir\release\umfpack_di_get_determinant.o.obj
c:\coding\vs\suitesparse\build\suitesparse\umfpack\umfpack.dir\release\umfpack_di_free_symbolic.o.obj
c:\coding\vs\suitesparse\build\suitesparse\umfpack\umfpack.dir\release\umfpack_di_free_numeric.o.obj
c:\coding\vs\suitesparse\build\suitesparse\umfpack\umfpack.dir\release\umfpack_dl_report_control.o.obj
c:\coding\vs\suitesparse\build\suitesparse\umfpack\umfpack.dir\release\umfpack_dl_qsymbolic.o.obj
c:\coding\vs\suitesparse\build\suitesparse\umfpack\umfpack.dir\release\umfpack_dl_numeric.o.obj
c:\coding\vs\suitesparse\build\suitesparse\umfpack\umfpack.dir\release\umfpack_dl_load_symbolic.o.obj
c:\coding\vs\suitesparse\build\suitesparse\umfpack\umfpack.dir\release\umfpack_dl_load_numeric.o.obj
c:\coding\vs\suitesparse\build\suitesparse\umfpack\umfpack.dir\release\umfpack_dl_get_symbolic.o.obj
c:\coding\vs\suitesparse\build\suitesparse\umfpack\umfpack.dir\release\umfpack_dl_get_numeric.o.obj
c:\coding\vs\suitesparse\build\suitesparse\umfpack\umfpack.dir\release\umfpack_dl_get_lunz.o.obj
c:\coding\vs\suitesparse\build\suitesparse\umfpack\umfpack.dir\release\umfpack_dl_get_determinant.o.obj
c:\coding\vs\suitesparse\build\suitesparse\umfpack\umfpack.dir\release\umfpack_dl_free_symbolic.o.obj
c:\coding\vs\suitesparse\build\suitesparse\umfpack\umfpack.dir\release\umfpack_dl_free_numeric.o.obj
c:\coding\vs\suitesparse\build\suitesparse\umfpack\umfpack.dir\release\umfpack_dl_defaults.o.obj
c:\coding\vs\suitesparse\build\suitesparse\umfpack\umfpack.dir\release\umfpack_dl_col_to_triplet.o.obj
c:\coding\vs\suitesparse\build\suitesparse\umfpack\umfpack.dir\release\umfpack_di_wsolve.o.obj
c:\coding\vs\suitesparse\build\suitesparse\umfpack\umfpack.dir\release\umfpack_di_triplet_to_col.o.obj
c:\coding\vs\suitesparse\build\suitesparse\umfpack\umfpack.dir\release\umfpack_di_transpose.o.obj
c:\coding\vs\suitesparse\build\suitesparse\umfpack\umfpack.dir\release\umfpack_di_symbolic.o.obj
c:\coding\vs\suitesparse\build\suitesparse\umfpack\umfpack.dir\release\umfpack_di_solve.o.obj
c:\coding\vs\suitesparse\build\suitesparse\umfpack\umfpack.dir\release\umfpack_di_scale.o.obj
c:\coding\vs\suitesparse\build\suitesparse\umfpack\umfpack.dir\release\umfpack_di_save_symbolic.o.obj
c:\coding\vs\suitesparse\build\suitesparse\umfpack\umfpack.dir\release\umfpack_zi_col_to_triplet.o.obj
c:\coding\vs\suitesparse\build\suitesparse\umfpack\umfpack.dir\release\umfpack_gn_timer.o.obj
c:\coding\vs\suitesparse\build\suitesparse\umfpack\umfpack.dir\release\umfpack_gn_tictoc.o.obj
c:\coding\vs\suitesparse\build\suitesparse\umfpack\umfpack.dir\release\umfpack_gn_global.o.obj
c:\coding\vs\suitesparse\build\suitesparse\umfpack\umfpack.dir\release\umfpack_dl_wsolve.o.obj
c:\coding\vs\suitesparse\build\suitesparse\umfpack\umfpack.dir\release\umfpack_dl_triplet_to_col.o.obj
c:\coding\vs\suitesparse\build\suitesparse\umfpack\umfpack.dir\release\umfpack_dl_transpose.o.obj
c:\coding\vs\suitesparse\build\suitesparse\umfpack\umfpack.dir\release\umfpack_dl_symbolic.o.obj
c:\coding\vs\suitesparse\build\suitesparse\umfpack\umfpack.dir\release\umfpack_dl_solve.o.obj
c:\coding\vs\suitesparse\build\suitesparse\umfpack\umfpack.dir\release\umfpack_dl_scale.o.obj
c:\coding\vs\suitesparse\build\suitesparse\umfpack\umfpack.dir\release\umfpack_dl_save_symbolic.o.obj
c:\coding\vs\suitesparse\build\suitesparse\umfpack\umfpack.dir\release\umfpack_dl_save_numeric.o.obj
c:\coding\vs\suitesparse\build\suitesparse\umfpack\umfpack.dir\release\umfpack_dl_report_vector.o.obj
c:\coding\vs\suitesparse\build\suitesparse\umfpack\umfpack.dir\release\umfpack_dl_report_triplet.o.obj
c:\coding\vs\suitesparse\build\suitesparse\umfpack\umfpack.dir\release\umfpack_dl_report_symbolic.o.obj
c:\coding\vs\suitesparse\build\suitesparse\umfpack\umfpack.dir\release\umfpack_dl_report_status.o.obj
c:\coding\vs\suitesparse\build\suitesparse\umfpack\umfpack.dir\release\umfpack_dl_report_perm.o.obj
c:\coding\vs\suitesparse\build\suitesparse\umfpack\umfpack.dir\release\umfpack_dl_report_numeric.o.obj
c:\coding\vs\suitesparse\build\suitesparse\umfpack\umfpack.dir\release\umfpack_dl_report_matrix.o.obj
c:\coding\vs\suitesparse\build\suitesparse\umfpack\umfpack.dir\release\umfpack_dl_report_info.o.obj
c:\coding\vs\suitesparse\build\suitesparse\umfpack\umfpack.dir\release\umfpack_zi_report_vector.o.obj
c:\coding\vs\suitesparse\build\suitesparse\umfpack\umfpack.dir\release\umfpack_zi_report_triplet.o.obj
c:\coding\vs\suitesparse\build\suitesparse\umfpack\umfpack.dir\release\umfpack_zi_report_symbolic.o.obj
c:\coding\vs\suitesparse\build\suitesparse\umfpack\umfpack.dir\release\umfpack_zi_report_status.o.obj
c:\coding\vs\suitesparse\build\suitesparse\umfpack\umfpack.dir\release\umfpack_zi_report_perm.o.obj
c:\coding\vs\suitesparse\build\suitesparse\umfpack\umfpack.dir\release\umfpack_zi_report_numeric.o.obj
c:\coding\vs\suitesparse\build\suitesparse\umfpack\umfpack.dir\release\umfpack_zi_report_matrix.o.obj
c:\coding\vs\suitesparse\build\suitesparse\umfpack\umfpack.dir\release\umfpack_zi_report_info.o.obj
c:\coding\vs\suitesparse\build\suitesparse\umfpack\umfpack.dir\release\umfpack_zi_report_control.o.obj
c:\coding\vs\suitesparse\build\suitesparse\umfpack\umfpack.dir\release\umfpack_zi_qsymbolic.o.obj
c:\coding\vs\suitesparse\build\suitesparse\umfpack\umfpack.dir\release\umfpack_zi_numeric.o.obj
c:\coding\vs\suitesparse\build\suitesparse\umfpack\umfpack.dir\release\umfpack_zi_load_symbolic.o.obj
c:\coding\vs\suitesparse\build\suitesparse\umfpack\umfpack.dir\release\umfpack_zi_load_numeric.o.obj
c:\coding\vs\suitesparse\build\suitesparse\umfpack\umfpack.dir\release\umfpack_zi_get_symbolic.o.obj
c:\coding\vs\suitesparse\build\suitesparse\umfpack\umfpack.dir\release\umfpack_zi_get_numeric.o.obj
c:\coding\vs\suitesparse\build\suitesparse\umfpack\umfpack.dir\release\umfpack_zi_get_lunz.o.obj
c:\coding\vs\suitesparse\build\suitesparse\umfpack\umfpack.dir\release\umfpack_zi_get_determinant.o.obj
c:\coding\vs\suitesparse\build\suitesparse\umfpack\umfpack.dir\release\umfpack_zi_free_symbolic.o.obj
c:\coding\vs\suitesparse\build\suitesparse\umfpack\umfpack.dir\release\umfpack_zi_free_numeric.o.obj
c:\coding\vs\suitesparse\build\suitesparse\umfpack\umfpack.dir\release\umfpack_zi_defaults.o.obj
c:\coding\vs\suitesparse\build\suitesparse\umfpack\umfpack.dir\release\umfpack_zl_qsymbolic.o.obj
c:\coding\vs\suitesparse\build\suitesparse\umfpack\umfpack.dir\release\umfpack_zl_numeric.o.obj
c:\coding\vs\suitesparse\build\suitesparse\umfpack\umfpack.dir\release\umfpack_zl_load_symbolic.o.obj
c:\coding\vs\suitesparse\build\suitesparse\umfpack\umfpack.dir\release\umfpack_zl_load_numeric.o.obj
c:\coding\vs\suitesparse\build\suitesparse\umfpack\umfpack.dir\release\umfpack_zl_get_symbolic.o.obj
c:\coding\vs\suitesparse\build\suitesparse\umfpack\umfpack.dir\release\umfpack_zl_get_numeric.o.obj
c:\coding\vs\suitesparse\build\suitesparse\umfpack\umfpack.dir\release\umfpack_zl_get_lunz.o.obj
c:\coding\vs\suitesparse\build\suitesparse\umfpack\umfpack.dir\release\umfpack_zl_get_determinant.o.obj
c:\coding\vs\suitesparse\build\suitesparse\umfpack\umfpack.dir\release\umfpack_zl_free_symbolic.o.obj
c:\coding\vs\suitesparse\build\suitesparse\umfpack\umfpack.dir\release\umfpack_zl_free_numeric.o.obj
c:\coding\vs\suitesparse\build\suitesparse\umfpack\umfpack.dir\release\umfpack_zl_defaults.o.obj
c:\coding\vs\suitesparse\build\suitesparse\umfpack\umfpack.dir\release\umfpack_zl_col_to_triplet.o.obj
c:\coding\vs\suitesparse\build\suitesparse\umfpack\umfpack.dir\release\umfpack_zi_wsolve.o.obj
c:\coding\vs\suitesparse\build\suitesparse\umfpack\umfpack.dir\release\umfpack_zi_triplet_to_col.o.obj
c:\coding\vs\suitesparse\build\suitesparse\umfpack\umfpack.dir\release\umfpack_zi_transpose.o.obj
c:\coding\vs\suitesparse\build\suitesparse\umfpack\umfpack.dir\release\umfpack_zi_symbolic.o.obj
c:\coding\vs\suitesparse\build\suitesparse\umfpack\umfpack.dir\release\umfpack_zi_solve.o.obj
c:\coding\vs\suitesparse\build\suitesparse\umfpack\umfpack.dir\release\umfpack_zi_scale.o.obj
c:\coding\vs\suitesparse\build\suitesparse\umfpack\umfpack.dir\release\umfpack_zi_save_symbolic.o.obj
c:\coding\vs\suitesparse\build\suitesparse\umfpack\umfpack.dir\release\umfpack_zi_save_numeric.o.obj
c:\coding\vs\suitesparse\build\suitesparse\umfpack\umfpack.dir\release\umfpack_zl_wsolve.o.obj
c:\coding\vs\suitesparse\build\suitesparse\umfpack\umfpack.dir\release\umfpack_zl_triplet_to_col.o.obj
c:\coding\vs\suitesparse\build\suitesparse\umfpack\umfpack.dir\release\umfpack_zl_transpose.o.obj
c:\coding\vs\suitesparse\build\suitesparse\umfpack\umfpack.dir\release\umfpack_zl_symbolic.o.obj
c:\coding\vs\suitesparse\build\suitesparse\umfpack\umfpack.dir\release\umfpack_zl_solve.o.obj
c:\coding\vs\suitesparse\build\suitesparse\umfpack\umfpack.dir\release\umfpack_zl_scale.o.obj
c:\coding\vs\suitesparse\build\suitesparse\umfpack\umfpack.dir\release\umfpack_zl_save_symbolic.o.obj
c:\coding\vs\suitesparse\build\suitesparse\umfpack\umfpack.dir\release\umfpack_zl_save_numeric.o.obj
c:\coding\vs\suitesparse\build\suitesparse\umfpack\umfpack.dir\release\umfpack_zl_report_vector.o.obj
c:\coding\vs\suitesparse\build\suitesparse\umfpack\umfpack.dir\release\umfpack_zl_report_triplet.o.obj
c:\coding\vs\suitesparse\build\suitesparse\umfpack\umfpack.dir\release\umfpack_zl_report_symbolic.o.obj
c:\coding\vs\suitesparse\build\suitesparse\umfpack\umfpack.dir\release\umfpack_zl_report_status.o.obj
c:\coding\vs\suitesparse\build\suitesparse\umfpack\umfpack.dir\release\umfpack_zl_report_perm.o.obj
c:\coding\vs\suitesparse\build\suitesparse\umfpack\umfpack.dir\release\umfpack_zl_report_numeric.o.obj
c:\coding\vs\suitesparse\build\suitesparse\umfpack\umfpack.dir\release\umfpack_zl_report_matrix.o.obj
c:\coding\vs\suitesparse\build\suitesparse\umfpack\umfpack.dir\release\umfpack_zl_report_info.o.obj
c:\coding\vs\suitesparse\build\suitesparse\umfpack\umfpack.dir\release\umfpack_zl_report_control.o.obj
c:\coding\vs\suitesparse\build\suitesparse\umfpack\cmakefiles\generate.stamp
c:\coding\vs\suitesparse\build\lib\release\libumfpack.dll
c:\coding\vs\suitesparse\build\lib\release\libumfpack.lib
c:\coding\vs\suitesparse\build\lib\release\libumfpack.exp
c:\coding\vs\suitesparse\build\suitesparse\umfpack\umfpack.dir\release\umfpack.tlog\cl.command.1.tlog
c:\coding\vs\suitesparse\build\suitesparse\umfpack\umfpack.dir\release\umfpack.tlog\cl.read.1.tlog
c:\coding\vs\suitesparse\build\suitesparse\umfpack\umfpack.dir\release\umfpack.tlog\cl.write.1.tlog
c:\coding\vs\suitesparse\build\suitesparse\umfpack\umfpack.dir\release\umfpack.tlog\custombuild.command.1.tlog
c:\coding\vs\suitesparse\build\suitesparse\umfpack\umfpack.dir\release\umfpack.tlog\custombuild.read.1.tlog
c:\coding\vs\suitesparse\build\suitesparse\umfpack\umfpack.dir\release\umfpack.tlog\custombuild.write.1.tlog
c:\coding\vs\suitesparse\build\suitesparse\umfpack\umfpack.dir\release\umfpack.tlog\link.command.1.tlog
c:\coding\vs\suitesparse\build\suitesparse\umfpack\umfpack.dir\release\umfpack.tlog\link.delete.1.tlog
c:\coding\vs\suitesparse\build\suitesparse\umfpack\umfpack.dir\release\umfpack.tlog\link.read.1.tlog
c:\coding\vs\suitesparse\build\suitesparse\umfpack\umfpack.dir\release\umfpack.tlog\link.write.1.tlog
c:\coding\vs\suitesparse\build\suitesparse\umfpack\umfpack.dir\release\umfpack.tlog\umfpack.write.1u.tlog
