c:\coding\vs\suitesparse\build\lib\debug\libbtfd.lib
c:\coding\vs\suitesparse\build\lib\debug\libbtfd.exp
c:\coding\vs\suitesparse\build\suitesparse\btf\btf.dir\debug\vc141.pdb
c:\coding\vs\suitesparse\build\suitesparse\btf\btf.dir\debug\btf_strongcomp.o.obj
c:\coding\vs\suitesparse\build\suitesparse\btf\btf.dir\debug\btf_order.o.obj
c:\coding\vs\suitesparse\build\suitesparse\btf\btf.dir\debug\btf_maxtrans.o.obj
c:\coding\vs\suitesparse\build\suitesparse\btf\btf.dir\debug\btf_l_strongcomp.o.obj
c:\coding\vs\suitesparse\build\suitesparse\btf\btf.dir\debug\btf_l_order.o.obj
c:\coding\vs\suitesparse\build\suitesparse\btf\btf.dir\debug\btf_l_maxtrans.o.obj
c:\coding\vs\suitesparse\build\suitesparse\btf\cmakefiles\generate.stamp
c:\coding\vs\suitesparse\build\lib\debug\libbtfd.ilk
c:\coding\vs\suitesparse\build\lib\debug\libbtfd.dll
c:\coding\vs\suitesparse\build\lib\debug\libbtfd.pdb
c:\coding\vs\suitesparse\build\suitesparse\btf\btf.dir\debug\btf.tlog\btf.write.1u.tlog
c:\coding\vs\suitesparse\build\suitesparse\btf\btf.dir\debug\btf.tlog\cl.command.1.tlog
c:\coding\vs\suitesparse\build\suitesparse\btf\btf.dir\debug\btf.tlog\cl.read.1.tlog
c:\coding\vs\suitesparse\build\suitesparse\btf\btf.dir\debug\btf.tlog\cl.write.1.tlog
c:\coding\vs\suitesparse\build\suitesparse\btf\btf.dir\debug\btf.tlog\custombuild.command.1.tlog
c:\coding\vs\suitesparse\build\suitesparse\btf\btf.dir\debug\btf.tlog\custombuild.read.1.tlog
c:\coding\vs\suitesparse\build\suitesparse\btf\btf.dir\debug\btf.tlog\custombuild.write.1.tlog
c:\coding\vs\suitesparse\build\suitesparse\btf\btf.dir\debug\btf.tlog\link.command.1.tlog
c:\coding\vs\suitesparse\build\suitesparse\btf\btf.dir\debug\btf.tlog\link.read.1.tlog
c:\coding\vs\suitesparse\build\suitesparse\btf\btf.dir\debug\btf.tlog\link.write.1.tlog
