c:\coding\vs\suitesparse\build\lib\debug\libccolamdd.lib
c:\coding\vs\suitesparse\build\lib\debug\libccolamdd.exp
c:\coding\vs\suitesparse\build\suitesparse\ccolamd\ccolamd.dir\debug\vc141.pdb
c:\coding\vs\suitesparse\build\suitesparse\ccolamd\ccolamd.dir\debug\ccolamd_l.o.obj
c:\coding\vs\suitesparse\build\suitesparse\ccolamd\ccolamd.dir\debug\ccolamd_global.obj
c:\coding\vs\suitesparse\build\suitesparse\ccolamd\ccolamd.dir\debug\ccolamd.obj
c:\coding\vs\suitesparse\build\suitesparse\ccolamd\cmakefiles\generate.stamp
c:\coding\vs\suitesparse\build\lib\debug\libccolamdd.ilk
c:\coding\vs\suitesparse\build\lib\debug\libccolamdd.dll
c:\coding\vs\suitesparse\build\lib\debug\libccolamdd.pdb
c:\coding\vs\suitesparse\build\suitesparse\ccolamd\ccolamd.dir\debug\ccolamd.tlog\ccolamd.write.1u.tlog
c:\coding\vs\suitesparse\build\suitesparse\ccolamd\ccolamd.dir\debug\ccolamd.tlog\cl.command.1.tlog
c:\coding\vs\suitesparse\build\suitesparse\ccolamd\ccolamd.dir\debug\ccolamd.tlog\cl.read.1.tlog
c:\coding\vs\suitesparse\build\suitesparse\ccolamd\ccolamd.dir\debug\ccolamd.tlog\cl.write.1.tlog
c:\coding\vs\suitesparse\build\suitesparse\ccolamd\ccolamd.dir\debug\ccolamd.tlog\custombuild.command.1.tlog
c:\coding\vs\suitesparse\build\suitesparse\ccolamd\ccolamd.dir\debug\ccolamd.tlog\custombuild.read.1.tlog
c:\coding\vs\suitesparse\build\suitesparse\ccolamd\ccolamd.dir\debug\ccolamd.tlog\custombuild.write.1.tlog
c:\coding\vs\suitesparse\build\suitesparse\ccolamd\ccolamd.dir\debug\ccolamd.tlog\link.command.1.tlog
c:\coding\vs\suitesparse\build\suitesparse\ccolamd\ccolamd.dir\debug\ccolamd.tlog\link.read.1.tlog
c:\coding\vs\suitesparse\build\suitesparse\ccolamd\ccolamd.dir\debug\ccolamd.tlog\link.write.1.tlog
