  Building Custom Rule C:/Coding/VS/suitesparse/SuiteSparse/AMD/CMakeLists.txt
  CMake does not need to re-run because C:/Coding/VS/suitesparse/build/SuiteSparse/AMD/CMakeFiles/generate.stamp is up-to-date.
  amd_global.c
  amd_i_1.o.c
  amd_i_2.o.c
C:\Coding\VS\suitesparse\SuiteSparse\AMD\Include\../Source/amd_2.c(603): warning C4244: '=': conversion from 'double' to 'int', possible loss of data
  amd_i_aat.o.c
C:\Coding\VS\suitesparse\SuiteSparse\AMD\Include\../Source/amd_aat.c(180): warning C4244: '=': conversion from '::size_t' to 'double', possible loss of data
  amd_i_control.o.c
  amd_i_defaults.o.c
  amd_i_dump.o.c
  amd_i_info.o.c
  amd_i_order.o.c
C:\Coding\VS\suitesparse\SuiteSparse\AMD\Include\../Source/amd_order.c(186): warning C4267: 'function': conversion from 'size_t' to 'int', possible loss of data
  amd_i_post_tree.o.c
  amd_i_postorder.o.c
  amd_i_preprocess.o.c
  amd_i_valid.o.c
  amd_l_1.o.c
  amd_l_2.o.c
C:\Coding\VS\suitesparse\SuiteSparse\AMD\Include\../Source/amd_2.c(603): warning C4244: '=': conversion from 'double' to '__int64', possible loss of data
C:\Coding\VS\suitesparse\SuiteSparse\AMD\Include\../Source/amd_2.c(1525): warning C4244: '=': conversion from '__int64' to 'double', possible loss of data
C:\Coding\VS\suitesparse\SuiteSparse\AMD\Include\../Source/amd_2.c(1526): warning C4244: '=': conversion from '__int64' to 'double', possible loss of data
C:\Coding\VS\suitesparse\SuiteSparse\AMD\Include\../Source/amd_2.c(1563): warning C4244: '=': conversion from '__int64' to 'double', possible loss of data
C:\Coding\VS\suitesparse\SuiteSparse\AMD\Include\../Source/amd_2.c(1593): warning C4244: '=': conversion from '__int64' to 'double', possible loss of data
C:\Coding\VS\suitesparse\SuiteSparse\AMD\Include\../Source/amd_2.c(1599): warning C4244: '=': conversion from '__int64' to 'double', possible loss of data
  amd_l_aat.o.c
C:\Coding\VS\suitesparse\SuiteSparse\AMD\Include\../Source/amd_aat.c(176): warning C4244: '=': conversion from '__int64' to 'double', possible loss of data
C:\Coding\VS\suitesparse\SuiteSparse\AMD\Include\../Source/amd_aat.c(177): warning C4244: '=': conversion from '__int64' to 'double', possible loss of data
C:\Coding\VS\suitesparse\SuiteSparse\AMD\Include\../Source/amd_aat.c(179): warning C4244: '=': conversion from '__int64' to 'double', possible loss of data
C:\Coding\VS\suitesparse\SuiteSparse\AMD\Include\../Source/amd_aat.c(180): warning C4244: '=': conversion from '::size_t' to 'double', possible loss of data
  amd_l_control.o.c
  amd_l_defaults.o.c
  amd_l_dump.o.c
  amd_l_info.o.c
  Generating Code...
  Compiling...
  amd_l_order.o.c
C:\Coding\VS\suitesparse\SuiteSparse\AMD\Include\../Source/amd_order.c(47): warning C4244: '=': conversion from '__int64' to 'double', possible loss of data
C:\Coding\VS\suitesparse\SuiteSparse\AMD\Include\../Source/amd_order.c(66): warning C4244: '=': conversion from '__int64' to 'double', possible loss of data
C:\Coding\VS\suitesparse\SuiteSparse\AMD\Include\../Source/amd_order.c(197): warning C4244: '=': conversion from '__int64' to 'double', possible loss of data
  amd_l_post_tree.o.c
  amd_l_postorder.o.c
  amd_l_preprocess.o.c
  amd_l_valid.o.c
  Generating Code...
     Creating library C:/Coding/VS/suitesparse/build/lib/Release/libamd.lib and object C:/Coding/VS/suitesparse/build/lib/Release/libamd.exp
  amd.vcxproj -> C:\Coding\VS\suitesparse\build\lib\Release\libamd.dll
