c:\coding\vs\suitesparse\build\lib\release\libamd.lib
c:\coding\vs\suitesparse\build\lib\release\libamd.exp
c:\coding\vs\suitesparse\build\suitesparse\amd\amd.dir\release\amd_l_info.o.obj
c:\coding\vs\suitesparse\build\suitesparse\amd\amd.dir\release\amd_l_dump.o.obj
c:\coding\vs\suitesparse\build\suitesparse\amd\amd.dir\release\amd_l_defaults.o.obj
c:\coding\vs\suitesparse\build\suitesparse\amd\amd.dir\release\amd_l_control.o.obj
c:\coding\vs\suitesparse\build\suitesparse\amd\amd.dir\release\amd_l_aat.o.obj
c:\coding\vs\suitesparse\build\suitesparse\amd\amd.dir\release\amd_l_2.o.obj
c:\coding\vs\suitesparse\build\suitesparse\amd\amd.dir\release\amd_l_1.o.obj
c:\coding\vs\suitesparse\build\suitesparse\amd\amd.dir\release\amd_i_valid.o.obj
c:\coding\vs\suitesparse\build\suitesparse\amd\amd.dir\release\amd_i_preprocess.o.obj
c:\coding\vs\suitesparse\build\suitesparse\amd\amd.dir\release\amd_i_postorder.o.obj
c:\coding\vs\suitesparse\build\suitesparse\amd\amd.dir\release\amd_i_post_tree.o.obj
c:\coding\vs\suitesparse\build\suitesparse\amd\amd.dir\release\amd_i_order.o.obj
c:\coding\vs\suitesparse\build\suitesparse\amd\amd.dir\release\amd_i_info.o.obj
c:\coding\vs\suitesparse\build\suitesparse\amd\amd.dir\release\amd_i_dump.o.obj
c:\coding\vs\suitesparse\build\suitesparse\amd\amd.dir\release\amd_i_defaults.o.obj
c:\coding\vs\suitesparse\build\suitesparse\amd\amd.dir\release\amd_i_control.o.obj
c:\coding\vs\suitesparse\build\suitesparse\amd\amd.dir\release\amd_i_aat.o.obj
c:\coding\vs\suitesparse\build\suitesparse\amd\amd.dir\release\amd_i_2.o.obj
c:\coding\vs\suitesparse\build\suitesparse\amd\amd.dir\release\amd_i_1.o.obj
c:\coding\vs\suitesparse\build\suitesparse\amd\amd.dir\release\amd_global.obj
c:\coding\vs\suitesparse\build\suitesparse\amd\amd.dir\release\amd_l_valid.o.obj
c:\coding\vs\suitesparse\build\suitesparse\amd\amd.dir\release\amd_l_preprocess.o.obj
c:\coding\vs\suitesparse\build\suitesparse\amd\amd.dir\release\amd_l_postorder.o.obj
c:\coding\vs\suitesparse\build\suitesparse\amd\amd.dir\release\amd_l_post_tree.o.obj
c:\coding\vs\suitesparse\build\suitesparse\amd\amd.dir\release\amd_l_order.o.obj
c:\coding\vs\suitesparse\build\suitesparse\amd\cmakefiles\generate.stamp
c:\coding\vs\suitesparse\build\lib\release\libamd.dll
c:\coding\vs\suitesparse\build\suitesparse\amd\amd.dir\release\amd.tlog\amd.write.1u.tlog
c:\coding\vs\suitesparse\build\suitesparse\amd\amd.dir\release\amd.tlog\cl.command.1.tlog
c:\coding\vs\suitesparse\build\suitesparse\amd\amd.dir\release\amd.tlog\cl.read.1.tlog
c:\coding\vs\suitesparse\build\suitesparse\amd\amd.dir\release\amd.tlog\cl.write.1.tlog
c:\coding\vs\suitesparse\build\suitesparse\amd\amd.dir\release\amd.tlog\custombuild.command.1.tlog
c:\coding\vs\suitesparse\build\suitesparse\amd\amd.dir\release\amd.tlog\custombuild.read.1.tlog
c:\coding\vs\suitesparse\build\suitesparse\amd\amd.dir\release\amd.tlog\custombuild.write.1.tlog
c:\coding\vs\suitesparse\build\suitesparse\amd\amd.dir\release\amd.tlog\link.command.1.tlog
c:\coding\vs\suitesparse\build\suitesparse\amd\amd.dir\release\amd.tlog\link.delete.1.tlog
c:\coding\vs\suitesparse\build\suitesparse\amd\amd.dir\release\amd.tlog\link.read.1.tlog
c:\coding\vs\suitesparse\build\suitesparse\amd\amd.dir\release\amd.tlog\link.write.1.tlog
