  Building Custom Rule C:/Coding/VS/suitesparse/SuiteSparse/CXSparse/CMakeLists.txt
  CMake does not need to re-run because C:/Coding/VS/suitesparse/build/SuiteSparse/CXSparse/CMakeFiles/generate.stamp is up-to-date.
  cs_add_ci.o.c
  cs_add_cl.o.c
  cs_add_di.o.c
  cs_add_dl.o.c
  cs_amd_ci.o.c
  cs_amd_cl.o.c
  cs_amd_di.o.c
C:\Coding\VS\suitesparse\SuiteSparse\CXSparse\Include\../Source/cs_amd.c(31): warning C4244: '=': conversion from 'double' to 'int', possible loss of data
  cs_amd_dl.o.c
C:\Coding\VS\suitesparse\SuiteSparse\CXSparse\Include\../Source/cs_amd.c(31): warning C4244: '=': conversion from 'double' to '__int64', possible loss of data
  cs_chol_ci.o.c
  cs_chol_cl.o.c
  cs_chol_di.o.c
  cs_chol_dl.o.c
  cs_cholsol_ci.o.c
  cs_cholsol_cl.o.c
  cs_cholsol_di.o.c
  cs_cholsol_dl.o.c
  cs_compress_ci.o.c
  cs_compress_cl.o.c
  cs_compress_di.o.c
  cs_compress_dl.o.c
  Generating Code...
  Compiling...
  cs_convert.o.c
  cs_counts_ci.o.c
  cs_counts_cl.o.c
  cs_counts_di.o.c
  cs_counts_dl.o.c
  cs_cumsum_ci.o.c
  cs_cumsum_cl.o.c
  cs_cumsum_di.o.c
  cs_cumsum_dl.o.c
  cs_dfs_ci.o.c
  cs_dfs_cl.o.c
  cs_dfs_di.o.c
  cs_dfs_dl.o.c
  cs_dmperm_ci.o.c
  cs_dmperm_cl.o.c
  cs_dmperm_di.o.c
  cs_dmperm_dl.o.c
  cs_droptol_ci.o.c
  cs_droptol_cl.o.c
  cs_droptol_di.o.c
  Generating Code...
  Compiling...
  cs_droptol_dl.o.c
  cs_dropzeros_ci.o.c
  cs_dropzeros_cl.o.c
  cs_dropzeros_di.o.c
  cs_dropzeros_dl.o.c
  cs_dupl_ci.o.c
  cs_dupl_cl.o.c
  cs_dupl_di.o.c
  cs_dupl_dl.o.c
  cs_entry_ci.o.c
  cs_entry_cl.o.c
  cs_entry_di.o.c
  cs_entry_dl.o.c
  cs_ereach_ci.o.c
  cs_ereach_cl.o.c
  cs_ereach_di.o.c
  cs_ereach_dl.o.c
  cs_etree_ci.o.c
  cs_etree_cl.o.c
  cs_etree_di.o.c
  Generating Code...
  Compiling...
  cs_etree_dl.o.c
  cs_fkeep_ci.o.c
  cs_fkeep_cl.o.c
  cs_fkeep_di.o.c
  cs_fkeep_dl.o.c
  cs_gaxpy_ci.o.c
  cs_gaxpy_cl.o.c
  cs_gaxpy_di.o.c
  cs_gaxpy_dl.o.c
  cs_happly_ci.o.c
  cs_happly_cl.o.c
  cs_happly_di.o.c
  cs_happly_dl.o.c
  cs_house_ci.o.c
  cs_house_cl.o.c
  cs_house_di.o.c
  cs_house_dl.o.c
  cs_ipvec_ci.o.c
  cs_ipvec_cl.o.c
  cs_ipvec_di.o.c
  Generating Code...
  Compiling...
  cs_ipvec_dl.o.c
  cs_leaf_ci.o.c
  cs_leaf_cl.o.c
  cs_leaf_di.o.c
  cs_leaf_dl.o.c
  cs_load_ci.o.c
  cs_load_cl.o.c
  cs_load_di.o.c
C:\Coding\VS\suitesparse\SuiteSparse\CXSparse\Include\../Source/cs_load.c(16): warning C4996: 'fscanf': This function or variable may be unsafe. Consider using fscanf_s instead. To disable deprecation, use _CRT_SECURE_NO_WARNINGS. See online help for details.
  C:\Program Files (x86)\Windows Kits\10\Include\10.0.16299.0\ucrt\stdio.h(1195): note: see declaration of 'fscanf'
  cs_load_dl.o.c
C:\Coding\VS\suitesparse\SuiteSparse\CXSparse\Include\../Source/cs_load.c(16): warning C4996: 'fscanf': This function or variable may be unsafe. Consider using fscanf_s instead. To disable deprecation, use _CRT_SECURE_NO_WARNINGS. See online help for details.
  C:\Program Files (x86)\Windows Kits\10\Include\10.0.16299.0\ucrt\stdio.h(1195): note: see declaration of 'fscanf'
  cs_lsolve_ci.o.c
  cs_lsolve_cl.o.c
  cs_lsolve_di.o.c
  cs_lsolve_dl.o.c
  cs_ltsolve_ci.o.c
  cs_ltsolve_cl.o.c
  cs_ltsolve_di.o.c
  cs_ltsolve_dl.o.c
  cs_lu_ci.o.c
  cs_lu_cl.o.c
  cs_lu_di.o.c
C:\Coding\VS\suitesparse\SuiteSparse\CXSparse\Include\../Source/cs_lu.c(12): warning C4244: '=': conversion from 'const double' to 'int', possible loss of data
  Generating Code...
  Compiling...
  cs_lu_dl.o.c
C:\Coding\VS\suitesparse\SuiteSparse\CXSparse\Include\../Source/cs_lu.c(12): warning C4244: '=': conversion from 'const double' to '__int64', possible loss of data
  cs_lusol_ci.o.c
  cs_lusol_cl.o.c
  cs_lusol_di.o.c
  cs_lusol_dl.o.c
  cs_malloc_ci.o.c
  cs_malloc_cl.o.c
  cs_malloc_di.o.c
  cs_malloc_dl.o.c
  cs_maxtrans_ci.o.c
  cs_maxtrans_cl.o.c
  cs_maxtrans_di.o.c
  cs_maxtrans_dl.o.c
  cs_multiply_ci.o.c
  cs_multiply_cl.o.c
  cs_multiply_di.o.c
  cs_multiply_dl.o.c
  cs_norm_ci.o.c
  cs_norm_cl.o.c
  cs_norm_di.o.c
  Generating Code...
  Compiling...
  cs_norm_dl.o.c
  cs_permute_ci.o.c
  cs_permute_cl.o.c
  cs_permute_di.o.c
  cs_permute_dl.o.c
  cs_pinv_ci.o.c
  cs_pinv_cl.o.c
  cs_pinv_di.o.c
  cs_pinv_dl.o.c
  cs_post_ci.o.c
  cs_post_cl.o.c
  cs_post_di.o.c
  cs_post_dl.o.c
  cs_print_ci.o.c
  cs_print_cl.o.c
  cs_print_di.o.c
  cs_print_dl.o.c
  cs_pvec_ci.o.c
  cs_pvec_cl.o.c
  cs_pvec_di.o.c
  Generating Code...
  Compiling...
  cs_pvec_dl.o.c
  cs_qr_ci.o.c
  cs_qr_cl.o.c
  cs_qr_di.o.c
C:\Coding\VS\suitesparse\SuiteSparse\CXSparse\Include\../Source/cs_qr.c(14): warning C4244: '=': conversion from 'const double' to 'int', possible loss of data
  cs_qr_dl.o.c
C:\Coding\VS\suitesparse\SuiteSparse\CXSparse\Include\../Source/cs_qr.c(14): warning C4244: '=': conversion from 'const double' to '__int64', possible loss of data
  cs_qrsol_ci.o.c
  cs_qrsol_cl.o.c
  cs_qrsol_di.o.c
  cs_qrsol_dl.o.c
  cs_randperm_ci.o.c
  cs_randperm_cl.o.c
  cs_randperm_di.o.c
  cs_randperm_dl.o.c
C:\Coding\VS\suitesparse\SuiteSparse\CXSparse\Include\../Source/cs_randperm.c(13): warning C4244: 'function': conversion from '__int64' to 'unsigned int', possible loss of data
  cs_reach_ci.o.c
  cs_reach_cl.o.c
  cs_reach_di.o.c
  cs_reach_dl.o.c
  cs_scatter_ci.o.c
  cs_scatter_cl.o.c
  cs_scatter_di.o.c
  Generating Code...
  Compiling...
  cs_scatter_dl.o.c
  cs_scc_ci.o.c
  cs_scc_cl.o.c
  cs_scc_di.o.c
  cs_scc_dl.o.c
  cs_schol_ci.o.c
  cs_schol_cl.o.c
  cs_schol_di.o.c
  cs_schol_dl.o.c
  cs_spsolve_ci.o.c
  cs_spsolve_cl.o.c
  cs_spsolve_di.o.c
  cs_spsolve_dl.o.c
  cs_sqr_ci.o.c
  cs_sqr_cl.o.c
  cs_sqr_di.o.c
  cs_sqr_dl.o.c
C:\Coding\VS\suitesparse\SuiteSparse\CXSparse\Include\../Source/cs_sqr.c(83): warning C4244: '=': conversion from '__int64' to 'double', possible loss of data
  cs_symperm_ci.o.c
  cs_symperm_cl.o.c
  cs_symperm_di.o.c
  Generating Code...
  Compiling...
  cs_symperm_dl.o.c
  cs_tdfs_ci.o.c
  cs_tdfs_cl.o.c
  cs_tdfs_di.o.c
  cs_tdfs_dl.o.c
  cs_transpose_ci.o.c
  cs_transpose_cl.o.c
  cs_transpose_di.o.c
  cs_transpose_dl.o.c
  cs_updown_ci.o.c
  cs_updown_cl.o.c
  cs_updown_di.o.c
  cs_updown_dl.o.c
  cs_usolve_ci.o.c
  cs_usolve_cl.o.c
  cs_usolve_di.o.c
  cs_usolve_dl.o.c
  cs_util_ci.o.c
  cs_util_cl.o.c
  cs_util_di.o.c
  Generating Code...
  Compiling...
  cs_util_dl.o.c
  cs_utsolve_ci.o.c
  cs_utsolve_cl.o.c
  cs_utsolve_di.o.c
  cs_utsolve_dl.o.c
  Generating Code...
     Creating library C:/Coding/VS/suitesparse/build/lib/Debug/libcxsparsed.lib and object C:/Coding/VS/suitesparse/build/lib/Debug/libcxsparsed.exp
  cxsparse.vcxproj -> C:\Coding\VS\suitesparse\build\lib\Debug\libcxsparsed.dll
