c:\coding\vs\suitesparse\build\suitesparse\cxsparse\cxsparse.dir\debug\vc141.pdb
c:\coding\vs\suitesparse\build\suitesparse\cxsparse\cxsparse.dir\debug\cs_compress_dl.o.obj
c:\coding\vs\suitesparse\build\suitesparse\cxsparse\cxsparse.dir\debug\cs_compress_di.o.obj
c:\coding\vs\suitesparse\build\suitesparse\cxsparse\cxsparse.dir\debug\cs_compress_cl.o.obj
c:\coding\vs\suitesparse\build\suitesparse\cxsparse\cxsparse.dir\debug\cs_compress_ci.o.obj
c:\coding\vs\suitesparse\build\suitesparse\cxsparse\cxsparse.dir\debug\cs_cholsol_dl.o.obj
c:\coding\vs\suitesparse\build\suitesparse\cxsparse\cxsparse.dir\debug\cs_cholsol_di.o.obj
c:\coding\vs\suitesparse\build\suitesparse\cxsparse\cxsparse.dir\debug\cs_cholsol_cl.o.obj
c:\coding\vs\suitesparse\build\suitesparse\cxsparse\cxsparse.dir\debug\cs_cholsol_ci.o.obj
c:\coding\vs\suitesparse\build\suitesparse\cxsparse\cxsparse.dir\debug\cs_chol_dl.o.obj
c:\coding\vs\suitesparse\build\suitesparse\cxsparse\cxsparse.dir\debug\cs_chol_di.o.obj
c:\coding\vs\suitesparse\build\suitesparse\cxsparse\cxsparse.dir\debug\cs_chol_cl.o.obj
c:\coding\vs\suitesparse\build\suitesparse\cxsparse\cxsparse.dir\debug\cs_chol_ci.o.obj
c:\coding\vs\suitesparse\build\suitesparse\cxsparse\cxsparse.dir\debug\cs_amd_dl.o.obj
c:\coding\vs\suitesparse\build\suitesparse\cxsparse\cxsparse.dir\debug\cs_amd_di.o.obj
c:\coding\vs\suitesparse\build\suitesparse\cxsparse\cxsparse.dir\debug\cs_amd_cl.o.obj
c:\coding\vs\suitesparse\build\suitesparse\cxsparse\cxsparse.dir\debug\cs_amd_ci.o.obj
c:\coding\vs\suitesparse\build\suitesparse\cxsparse\cxsparse.dir\debug\cs_add_dl.o.obj
c:\coding\vs\suitesparse\build\suitesparse\cxsparse\cxsparse.dir\debug\cs_add_di.o.obj
c:\coding\vs\suitesparse\build\suitesparse\cxsparse\cxsparse.dir\debug\cs_add_cl.o.obj
c:\coding\vs\suitesparse\build\suitesparse\cxsparse\cxsparse.dir\debug\cs_add_ci.o.obj
c:\coding\vs\suitesparse\build\suitesparse\cxsparse\cxsparse.dir\debug\cs_droptol_di.o.obj
c:\coding\vs\suitesparse\build\suitesparse\cxsparse\cxsparse.dir\debug\cs_droptol_cl.o.obj
c:\coding\vs\suitesparse\build\suitesparse\cxsparse\cxsparse.dir\debug\cs_droptol_ci.o.obj
c:\coding\vs\suitesparse\build\suitesparse\cxsparse\cxsparse.dir\debug\cs_dmperm_dl.o.obj
c:\coding\vs\suitesparse\build\suitesparse\cxsparse\cxsparse.dir\debug\cs_dmperm_di.o.obj
c:\coding\vs\suitesparse\build\suitesparse\cxsparse\cxsparse.dir\debug\cs_dmperm_cl.o.obj
c:\coding\vs\suitesparse\build\suitesparse\cxsparse\cxsparse.dir\debug\cs_dmperm_ci.o.obj
c:\coding\vs\suitesparse\build\suitesparse\cxsparse\cxsparse.dir\debug\cs_dfs_dl.o.obj
c:\coding\vs\suitesparse\build\suitesparse\cxsparse\cxsparse.dir\debug\cs_dfs_di.o.obj
c:\coding\vs\suitesparse\build\suitesparse\cxsparse\cxsparse.dir\debug\cs_dfs_cl.o.obj
c:\coding\vs\suitesparse\build\suitesparse\cxsparse\cxsparse.dir\debug\cs_dfs_ci.o.obj
c:\coding\vs\suitesparse\build\suitesparse\cxsparse\cxsparse.dir\debug\cs_cumsum_dl.o.obj
c:\coding\vs\suitesparse\build\suitesparse\cxsparse\cxsparse.dir\debug\cs_cumsum_di.o.obj
c:\coding\vs\suitesparse\build\suitesparse\cxsparse\cxsparse.dir\debug\cs_cumsum_cl.o.obj
c:\coding\vs\suitesparse\build\suitesparse\cxsparse\cxsparse.dir\debug\cs_cumsum_ci.o.obj
c:\coding\vs\suitesparse\build\suitesparse\cxsparse\cxsparse.dir\debug\cs_counts_dl.o.obj
c:\coding\vs\suitesparse\build\suitesparse\cxsparse\cxsparse.dir\debug\cs_counts_di.o.obj
c:\coding\vs\suitesparse\build\suitesparse\cxsparse\cxsparse.dir\debug\cs_counts_cl.o.obj
c:\coding\vs\suitesparse\build\suitesparse\cxsparse\cxsparse.dir\debug\cs_counts_ci.o.obj
c:\coding\vs\suitesparse\build\suitesparse\cxsparse\cxsparse.dir\debug\cs_convert.o.obj
c:\coding\vs\suitesparse\build\suitesparse\cxsparse\cxsparse.dir\debug\cs_etree_di.o.obj
c:\coding\vs\suitesparse\build\suitesparse\cxsparse\cxsparse.dir\debug\cs_etree_cl.o.obj
c:\coding\vs\suitesparse\build\suitesparse\cxsparse\cxsparse.dir\debug\cs_etree_ci.o.obj
c:\coding\vs\suitesparse\build\suitesparse\cxsparse\cxsparse.dir\debug\cs_ereach_dl.o.obj
c:\coding\vs\suitesparse\build\suitesparse\cxsparse\cxsparse.dir\debug\cs_ereach_di.o.obj
c:\coding\vs\suitesparse\build\suitesparse\cxsparse\cxsparse.dir\debug\cs_ereach_cl.o.obj
c:\coding\vs\suitesparse\build\suitesparse\cxsparse\cxsparse.dir\debug\cs_ereach_ci.o.obj
c:\coding\vs\suitesparse\build\suitesparse\cxsparse\cxsparse.dir\debug\cs_entry_dl.o.obj
c:\coding\vs\suitesparse\build\suitesparse\cxsparse\cxsparse.dir\debug\cs_entry_di.o.obj
c:\coding\vs\suitesparse\build\suitesparse\cxsparse\cxsparse.dir\debug\cs_entry_cl.o.obj
c:\coding\vs\suitesparse\build\suitesparse\cxsparse\cxsparse.dir\debug\cs_entry_ci.o.obj
c:\coding\vs\suitesparse\build\suitesparse\cxsparse\cxsparse.dir\debug\cs_dupl_dl.o.obj
c:\coding\vs\suitesparse\build\suitesparse\cxsparse\cxsparse.dir\debug\cs_dupl_di.o.obj
c:\coding\vs\suitesparse\build\suitesparse\cxsparse\cxsparse.dir\debug\cs_dupl_cl.o.obj
c:\coding\vs\suitesparse\build\suitesparse\cxsparse\cxsparse.dir\debug\cs_dupl_ci.o.obj
c:\coding\vs\suitesparse\build\suitesparse\cxsparse\cxsparse.dir\debug\cs_dropzeros_dl.o.obj
c:\coding\vs\suitesparse\build\suitesparse\cxsparse\cxsparse.dir\debug\cs_dropzeros_di.o.obj
c:\coding\vs\suitesparse\build\suitesparse\cxsparse\cxsparse.dir\debug\cs_dropzeros_cl.o.obj
c:\coding\vs\suitesparse\build\suitesparse\cxsparse\cxsparse.dir\debug\cs_dropzeros_ci.o.obj
c:\coding\vs\suitesparse\build\suitesparse\cxsparse\cxsparse.dir\debug\cs_droptol_dl.o.obj
c:\coding\vs\suitesparse\build\suitesparse\cxsparse\cxsparse.dir\debug\cs_ipvec_di.o.obj
c:\coding\vs\suitesparse\build\suitesparse\cxsparse\cxsparse.dir\debug\cs_ipvec_cl.o.obj
c:\coding\vs\suitesparse\build\suitesparse\cxsparse\cxsparse.dir\debug\cs_ipvec_ci.o.obj
c:\coding\vs\suitesparse\build\suitesparse\cxsparse\cxsparse.dir\debug\cs_house_dl.o.obj
c:\coding\vs\suitesparse\build\suitesparse\cxsparse\cxsparse.dir\debug\cs_house_di.o.obj
c:\coding\vs\suitesparse\build\suitesparse\cxsparse\cxsparse.dir\debug\cs_house_cl.o.obj
c:\coding\vs\suitesparse\build\suitesparse\cxsparse\cxsparse.dir\debug\cs_house_ci.o.obj
c:\coding\vs\suitesparse\build\suitesparse\cxsparse\cxsparse.dir\debug\cs_happly_dl.o.obj
c:\coding\vs\suitesparse\build\suitesparse\cxsparse\cxsparse.dir\debug\cs_happly_di.o.obj
c:\coding\vs\suitesparse\build\suitesparse\cxsparse\cxsparse.dir\debug\cs_happly_cl.o.obj
c:\coding\vs\suitesparse\build\suitesparse\cxsparse\cxsparse.dir\debug\cs_happly_ci.o.obj
c:\coding\vs\suitesparse\build\suitesparse\cxsparse\cxsparse.dir\debug\cs_gaxpy_dl.o.obj
c:\coding\vs\suitesparse\build\suitesparse\cxsparse\cxsparse.dir\debug\cs_gaxpy_di.o.obj
c:\coding\vs\suitesparse\build\suitesparse\cxsparse\cxsparse.dir\debug\cs_gaxpy_cl.o.obj
c:\coding\vs\suitesparse\build\suitesparse\cxsparse\cxsparse.dir\debug\cs_gaxpy_ci.o.obj
c:\coding\vs\suitesparse\build\suitesparse\cxsparse\cxsparse.dir\debug\cs_fkeep_dl.o.obj
c:\coding\vs\suitesparse\build\suitesparse\cxsparse\cxsparse.dir\debug\cs_fkeep_di.o.obj
c:\coding\vs\suitesparse\build\suitesparse\cxsparse\cxsparse.dir\debug\cs_fkeep_cl.o.obj
c:\coding\vs\suitesparse\build\suitesparse\cxsparse\cxsparse.dir\debug\cs_fkeep_ci.o.obj
c:\coding\vs\suitesparse\build\suitesparse\cxsparse\cxsparse.dir\debug\cs_etree_dl.o.obj
c:\coding\vs\suitesparse\build\suitesparse\cxsparse\cxsparse.dir\debug\cs_lu_di.o.obj
c:\coding\vs\suitesparse\build\suitesparse\cxsparse\cxsparse.dir\debug\cs_lu_cl.o.obj
c:\coding\vs\suitesparse\build\suitesparse\cxsparse\cxsparse.dir\debug\cs_lu_ci.o.obj
c:\coding\vs\suitesparse\build\suitesparse\cxsparse\cxsparse.dir\debug\cs_ltsolve_dl.o.obj
c:\coding\vs\suitesparse\build\suitesparse\cxsparse\cxsparse.dir\debug\cs_ltsolve_di.o.obj
c:\coding\vs\suitesparse\build\suitesparse\cxsparse\cxsparse.dir\debug\cs_ltsolve_cl.o.obj
c:\coding\vs\suitesparse\build\suitesparse\cxsparse\cxsparse.dir\debug\cs_ltsolve_ci.o.obj
c:\coding\vs\suitesparse\build\suitesparse\cxsparse\cxsparse.dir\debug\cs_lsolve_dl.o.obj
c:\coding\vs\suitesparse\build\suitesparse\cxsparse\cxsparse.dir\debug\cs_lsolve_di.o.obj
c:\coding\vs\suitesparse\build\suitesparse\cxsparse\cxsparse.dir\debug\cs_lsolve_cl.o.obj
c:\coding\vs\suitesparse\build\suitesparse\cxsparse\cxsparse.dir\debug\cs_lsolve_ci.o.obj
c:\coding\vs\suitesparse\build\suitesparse\cxsparse\cxsparse.dir\debug\cs_load_dl.o.obj
c:\coding\vs\suitesparse\build\suitesparse\cxsparse\cxsparse.dir\debug\cs_load_di.o.obj
c:\coding\vs\suitesparse\build\suitesparse\cxsparse\cxsparse.dir\debug\cs_load_cl.o.obj
c:\coding\vs\suitesparse\build\suitesparse\cxsparse\cxsparse.dir\debug\cs_load_ci.o.obj
c:\coding\vs\suitesparse\build\suitesparse\cxsparse\cxsparse.dir\debug\cs_leaf_dl.o.obj
c:\coding\vs\suitesparse\build\suitesparse\cxsparse\cxsparse.dir\debug\cs_leaf_di.o.obj
c:\coding\vs\suitesparse\build\suitesparse\cxsparse\cxsparse.dir\debug\cs_leaf_cl.o.obj
c:\coding\vs\suitesparse\build\suitesparse\cxsparse\cxsparse.dir\debug\cs_leaf_ci.o.obj
c:\coding\vs\suitesparse\build\suitesparse\cxsparse\cxsparse.dir\debug\cs_ipvec_dl.o.obj
c:\coding\vs\suitesparse\build\suitesparse\cxsparse\cxsparse.dir\debug\cs_norm_di.o.obj
c:\coding\vs\suitesparse\build\suitesparse\cxsparse\cxsparse.dir\debug\cs_norm_cl.o.obj
c:\coding\vs\suitesparse\build\suitesparse\cxsparse\cxsparse.dir\debug\cs_norm_ci.o.obj
c:\coding\vs\suitesparse\build\suitesparse\cxsparse\cxsparse.dir\debug\cs_multiply_dl.o.obj
c:\coding\vs\suitesparse\build\suitesparse\cxsparse\cxsparse.dir\debug\cs_multiply_di.o.obj
c:\coding\vs\suitesparse\build\suitesparse\cxsparse\cxsparse.dir\debug\cs_multiply_cl.o.obj
c:\coding\vs\suitesparse\build\suitesparse\cxsparse\cxsparse.dir\debug\cs_multiply_ci.o.obj
c:\coding\vs\suitesparse\build\suitesparse\cxsparse\cxsparse.dir\debug\cs_maxtrans_dl.o.obj
c:\coding\vs\suitesparse\build\suitesparse\cxsparse\cxsparse.dir\debug\cs_maxtrans_di.o.obj
c:\coding\vs\suitesparse\build\suitesparse\cxsparse\cxsparse.dir\debug\cs_maxtrans_cl.o.obj
c:\coding\vs\suitesparse\build\suitesparse\cxsparse\cxsparse.dir\debug\cs_maxtrans_ci.o.obj
c:\coding\vs\suitesparse\build\suitesparse\cxsparse\cxsparse.dir\debug\cs_malloc_dl.o.obj
c:\coding\vs\suitesparse\build\suitesparse\cxsparse\cxsparse.dir\debug\cs_malloc_di.o.obj
c:\coding\vs\suitesparse\build\suitesparse\cxsparse\cxsparse.dir\debug\cs_malloc_cl.o.obj
c:\coding\vs\suitesparse\build\suitesparse\cxsparse\cxsparse.dir\debug\cs_malloc_ci.o.obj
c:\coding\vs\suitesparse\build\suitesparse\cxsparse\cxsparse.dir\debug\cs_lusol_dl.o.obj
c:\coding\vs\suitesparse\build\suitesparse\cxsparse\cxsparse.dir\debug\cs_lusol_di.o.obj
c:\coding\vs\suitesparse\build\suitesparse\cxsparse\cxsparse.dir\debug\cs_lusol_cl.o.obj
c:\coding\vs\suitesparse\build\suitesparse\cxsparse\cxsparse.dir\debug\cs_lusol_ci.o.obj
c:\coding\vs\suitesparse\build\suitesparse\cxsparse\cxsparse.dir\debug\cs_lu_dl.o.obj
c:\coding\vs\suitesparse\build\suitesparse\cxsparse\cxsparse.dir\debug\cs_pvec_di.o.obj
c:\coding\vs\suitesparse\build\suitesparse\cxsparse\cxsparse.dir\debug\cs_pvec_cl.o.obj
c:\coding\vs\suitesparse\build\suitesparse\cxsparse\cxsparse.dir\debug\cs_pvec_ci.o.obj
c:\coding\vs\suitesparse\build\suitesparse\cxsparse\cxsparse.dir\debug\cs_print_dl.o.obj
c:\coding\vs\suitesparse\build\suitesparse\cxsparse\cxsparse.dir\debug\cs_print_di.o.obj
c:\coding\vs\suitesparse\build\suitesparse\cxsparse\cxsparse.dir\debug\cs_print_cl.o.obj
c:\coding\vs\suitesparse\build\suitesparse\cxsparse\cxsparse.dir\debug\cs_print_ci.o.obj
c:\coding\vs\suitesparse\build\suitesparse\cxsparse\cxsparse.dir\debug\cs_post_dl.o.obj
c:\coding\vs\suitesparse\build\suitesparse\cxsparse\cxsparse.dir\debug\cs_post_di.o.obj
c:\coding\vs\suitesparse\build\suitesparse\cxsparse\cxsparse.dir\debug\cs_post_cl.o.obj
c:\coding\vs\suitesparse\build\suitesparse\cxsparse\cxsparse.dir\debug\cs_post_ci.o.obj
c:\coding\vs\suitesparse\build\suitesparse\cxsparse\cxsparse.dir\debug\cs_pinv_dl.o.obj
c:\coding\vs\suitesparse\build\suitesparse\cxsparse\cxsparse.dir\debug\cs_pinv_di.o.obj
c:\coding\vs\suitesparse\build\suitesparse\cxsparse\cxsparse.dir\debug\cs_pinv_cl.o.obj
c:\coding\vs\suitesparse\build\suitesparse\cxsparse\cxsparse.dir\debug\cs_pinv_ci.o.obj
c:\coding\vs\suitesparse\build\suitesparse\cxsparse\cxsparse.dir\debug\cs_permute_dl.o.obj
c:\coding\vs\suitesparse\build\suitesparse\cxsparse\cxsparse.dir\debug\cs_permute_di.o.obj
c:\coding\vs\suitesparse\build\suitesparse\cxsparse\cxsparse.dir\debug\cs_permute_cl.o.obj
c:\coding\vs\suitesparse\build\suitesparse\cxsparse\cxsparse.dir\debug\cs_permute_ci.o.obj
c:\coding\vs\suitesparse\build\suitesparse\cxsparse\cxsparse.dir\debug\cs_norm_dl.o.obj
c:\coding\vs\suitesparse\build\suitesparse\cxsparse\cxsparse.dir\debug\cs_scatter_di.o.obj
c:\coding\vs\suitesparse\build\suitesparse\cxsparse\cxsparse.dir\debug\cs_scatter_cl.o.obj
c:\coding\vs\suitesparse\build\suitesparse\cxsparse\cxsparse.dir\debug\cs_scatter_ci.o.obj
c:\coding\vs\suitesparse\build\suitesparse\cxsparse\cxsparse.dir\debug\cs_reach_dl.o.obj
c:\coding\vs\suitesparse\build\suitesparse\cxsparse\cxsparse.dir\debug\cs_reach_di.o.obj
c:\coding\vs\suitesparse\build\suitesparse\cxsparse\cxsparse.dir\debug\cs_reach_cl.o.obj
c:\coding\vs\suitesparse\build\suitesparse\cxsparse\cxsparse.dir\debug\cs_reach_ci.o.obj
c:\coding\vs\suitesparse\build\suitesparse\cxsparse\cxsparse.dir\debug\cs_randperm_dl.o.obj
c:\coding\vs\suitesparse\build\suitesparse\cxsparse\cxsparse.dir\debug\cs_randperm_di.o.obj
c:\coding\vs\suitesparse\build\suitesparse\cxsparse\cxsparse.dir\debug\cs_randperm_cl.o.obj
c:\coding\vs\suitesparse\build\suitesparse\cxsparse\cxsparse.dir\debug\cs_randperm_ci.o.obj
c:\coding\vs\suitesparse\build\suitesparse\cxsparse\cxsparse.dir\debug\cs_qrsol_dl.o.obj
c:\coding\vs\suitesparse\build\suitesparse\cxsparse\cxsparse.dir\debug\cs_qrsol_di.o.obj
c:\coding\vs\suitesparse\build\suitesparse\cxsparse\cxsparse.dir\debug\cs_qrsol_cl.o.obj
c:\coding\vs\suitesparse\build\suitesparse\cxsparse\cxsparse.dir\debug\cs_qrsol_ci.o.obj
c:\coding\vs\suitesparse\build\suitesparse\cxsparse\cxsparse.dir\debug\cs_qr_dl.o.obj
c:\coding\vs\suitesparse\build\suitesparse\cxsparse\cxsparse.dir\debug\cs_qr_di.o.obj
c:\coding\vs\suitesparse\build\suitesparse\cxsparse\cxsparse.dir\debug\cs_qr_cl.o.obj
c:\coding\vs\suitesparse\build\suitesparse\cxsparse\cxsparse.dir\debug\cs_qr_ci.o.obj
c:\coding\vs\suitesparse\build\suitesparse\cxsparse\cxsparse.dir\debug\cs_pvec_dl.o.obj
c:\coding\vs\suitesparse\build\suitesparse\cxsparse\cxsparse.dir\debug\cs_symperm_di.o.obj
c:\coding\vs\suitesparse\build\suitesparse\cxsparse\cxsparse.dir\debug\cs_symperm_cl.o.obj
c:\coding\vs\suitesparse\build\suitesparse\cxsparse\cxsparse.dir\debug\cs_symperm_ci.o.obj
c:\coding\vs\suitesparse\build\suitesparse\cxsparse\cxsparse.dir\debug\cs_sqr_dl.o.obj
c:\coding\vs\suitesparse\build\suitesparse\cxsparse\cxsparse.dir\debug\cs_sqr_di.o.obj
c:\coding\vs\suitesparse\build\suitesparse\cxsparse\cxsparse.dir\debug\cs_sqr_cl.o.obj
c:\coding\vs\suitesparse\build\suitesparse\cxsparse\cxsparse.dir\debug\cs_sqr_ci.o.obj
c:\coding\vs\suitesparse\build\suitesparse\cxsparse\cxsparse.dir\debug\cs_spsolve_dl.o.obj
c:\coding\vs\suitesparse\build\suitesparse\cxsparse\cxsparse.dir\debug\cs_spsolve_di.o.obj
c:\coding\vs\suitesparse\build\suitesparse\cxsparse\cxsparse.dir\debug\cs_spsolve_cl.o.obj
c:\coding\vs\suitesparse\build\suitesparse\cxsparse\cxsparse.dir\debug\cs_spsolve_ci.o.obj
c:\coding\vs\suitesparse\build\suitesparse\cxsparse\cxsparse.dir\debug\cs_schol_dl.o.obj
c:\coding\vs\suitesparse\build\suitesparse\cxsparse\cxsparse.dir\debug\cs_schol_di.o.obj
c:\coding\vs\suitesparse\build\suitesparse\cxsparse\cxsparse.dir\debug\cs_schol_cl.o.obj
c:\coding\vs\suitesparse\build\suitesparse\cxsparse\cxsparse.dir\debug\cs_schol_ci.o.obj
c:\coding\vs\suitesparse\build\suitesparse\cxsparse\cxsparse.dir\debug\cs_scc_dl.o.obj
c:\coding\vs\suitesparse\build\suitesparse\cxsparse\cxsparse.dir\debug\cs_scc_di.o.obj
c:\coding\vs\suitesparse\build\suitesparse\cxsparse\cxsparse.dir\debug\cs_scc_cl.o.obj
c:\coding\vs\suitesparse\build\suitesparse\cxsparse\cxsparse.dir\debug\cs_scc_ci.o.obj
c:\coding\vs\suitesparse\build\suitesparse\cxsparse\cxsparse.dir\debug\cs_scatter_dl.o.obj
c:\coding\vs\suitesparse\build\suitesparse\cxsparse\cxsparse.dir\debug\cs_util_di.o.obj
c:\coding\vs\suitesparse\build\suitesparse\cxsparse\cxsparse.dir\debug\cs_util_cl.o.obj
c:\coding\vs\suitesparse\build\suitesparse\cxsparse\cxsparse.dir\debug\cs_util_ci.o.obj
c:\coding\vs\suitesparse\build\suitesparse\cxsparse\cxsparse.dir\debug\cs_usolve_dl.o.obj
c:\coding\vs\suitesparse\build\suitesparse\cxsparse\cxsparse.dir\debug\cs_usolve_di.o.obj
c:\coding\vs\suitesparse\build\suitesparse\cxsparse\cxsparse.dir\debug\cs_usolve_cl.o.obj
c:\coding\vs\suitesparse\build\suitesparse\cxsparse\cxsparse.dir\debug\cs_usolve_ci.o.obj
c:\coding\vs\suitesparse\build\suitesparse\cxsparse\cxsparse.dir\debug\cs_updown_dl.o.obj
c:\coding\vs\suitesparse\build\suitesparse\cxsparse\cxsparse.dir\debug\cs_updown_di.o.obj
c:\coding\vs\suitesparse\build\suitesparse\cxsparse\cxsparse.dir\debug\cs_updown_cl.o.obj
c:\coding\vs\suitesparse\build\suitesparse\cxsparse\cxsparse.dir\debug\cs_updown_ci.o.obj
c:\coding\vs\suitesparse\build\suitesparse\cxsparse\cxsparse.dir\debug\cs_transpose_dl.o.obj
c:\coding\vs\suitesparse\build\suitesparse\cxsparse\cxsparse.dir\debug\cs_transpose_di.o.obj
c:\coding\vs\suitesparse\build\suitesparse\cxsparse\cxsparse.dir\debug\cs_transpose_cl.o.obj
c:\coding\vs\suitesparse\build\suitesparse\cxsparse\cxsparse.dir\debug\cs_transpose_ci.o.obj
c:\coding\vs\suitesparse\build\suitesparse\cxsparse\cxsparse.dir\debug\cs_tdfs_dl.o.obj
c:\coding\vs\suitesparse\build\suitesparse\cxsparse\cxsparse.dir\debug\cs_tdfs_di.o.obj
c:\coding\vs\suitesparse\build\suitesparse\cxsparse\cxsparse.dir\debug\cs_tdfs_cl.o.obj
c:\coding\vs\suitesparse\build\suitesparse\cxsparse\cxsparse.dir\debug\cs_tdfs_ci.o.obj
c:\coding\vs\suitesparse\build\suitesparse\cxsparse\cxsparse.dir\debug\cs_symperm_dl.o.obj
c:\coding\vs\suitesparse\build\suitesparse\cxsparse\cxsparse.dir\debug\cs_utsolve_dl.o.obj
c:\coding\vs\suitesparse\build\suitesparse\cxsparse\cxsparse.dir\debug\cs_utsolve_di.o.obj
c:\coding\vs\suitesparse\build\suitesparse\cxsparse\cxsparse.dir\debug\cs_utsolve_cl.o.obj
c:\coding\vs\suitesparse\build\suitesparse\cxsparse\cxsparse.dir\debug\cs_utsolve_ci.o.obj
c:\coding\vs\suitesparse\build\suitesparse\cxsparse\cxsparse.dir\debug\cs_util_dl.o.obj
c:\coding\vs\suitesparse\build\suitesparse\cxsparse\cmakefiles\generate.stamp
c:\coding\vs\suitesparse\build\lib\debug\libcxsparsed.lib
c:\coding\vs\suitesparse\build\lib\debug\libcxsparsed.exp
c:\coding\vs\suitesparse\build\lib\debug\libcxsparsed.ilk
c:\coding\vs\suitesparse\build\lib\debug\libcxsparsed.dll
c:\coding\vs\suitesparse\build\lib\debug\libcxsparsed.pdb
c:\coding\vs\suitesparse\build\suitesparse\cxsparse\cxsparse.dir\debug\cxsparse.tlog\cl.command.1.tlog
c:\coding\vs\suitesparse\build\suitesparse\cxsparse\cxsparse.dir\debug\cxsparse.tlog\cl.read.1.tlog
c:\coding\vs\suitesparse\build\suitesparse\cxsparse\cxsparse.dir\debug\cxsparse.tlog\cl.write.1.tlog
c:\coding\vs\suitesparse\build\suitesparse\cxsparse\cxsparse.dir\debug\cxsparse.tlog\custombuild.command.1.tlog
c:\coding\vs\suitesparse\build\suitesparse\cxsparse\cxsparse.dir\debug\cxsparse.tlog\custombuild.read.1.tlog
c:\coding\vs\suitesparse\build\suitesparse\cxsparse\cxsparse.dir\debug\cxsparse.tlog\custombuild.write.1.tlog
c:\coding\vs\suitesparse\build\suitesparse\cxsparse\cxsparse.dir\debug\cxsparse.tlog\cxsparse.write.1u.tlog
c:\coding\vs\suitesparse\build\suitesparse\cxsparse\cxsparse.dir\debug\cxsparse.tlog\link.command.1.tlog
c:\coding\vs\suitesparse\build\suitesparse\cxsparse\cxsparse.dir\debug\cxsparse.tlog\link.read.1.tlog
c:\coding\vs\suitesparse\build\suitesparse\cxsparse\cxsparse.dir\debug\cxsparse.tlog\link.write.1.tlog
