c:\coding\vs\suitesparse\build\lib\release\libcamd.lib
c:\coding\vs\suitesparse\build\lib\release\libcamd.exp
c:\coding\vs\suitesparse\build\suitesparse\camd\camd.dir\release\camd_l_order.o.obj
c:\coding\vs\suitesparse\build\suitesparse\camd\camd.dir\release\camd_l_info.o.obj
c:\coding\vs\suitesparse\build\suitesparse\camd\camd.dir\release\camd_l_dump.o.obj
c:\coding\vs\suitesparse\build\suitesparse\camd\camd.dir\release\camd_l_defaults.o.obj
c:\coding\vs\suitesparse\build\suitesparse\camd\camd.dir\release\camd_l_control.o.obj
c:\coding\vs\suitesparse\build\suitesparse\camd\camd.dir\release\camd_l_aat.o.obj
c:\coding\vs\suitesparse\build\suitesparse\camd\camd.dir\release\camd_l_2.o.obj
c:\coding\vs\suitesparse\build\suitesparse\camd\camd.dir\release\camd_l_1.o.obj
c:\coding\vs\suitesparse\build\suitesparse\camd\camd.dir\release\camd_i_valid.o.obj
c:\coding\vs\suitesparse\build\suitesparse\camd\camd.dir\release\camd_i_preprocess.o.obj
c:\coding\vs\suitesparse\build\suitesparse\camd\camd.dir\release\camd_i_postorder.o.obj
c:\coding\vs\suitesparse\build\suitesparse\camd\camd.dir\release\camd_i_order.o.obj
c:\coding\vs\suitesparse\build\suitesparse\camd\camd.dir\release\camd_i_info.o.obj
c:\coding\vs\suitesparse\build\suitesparse\camd\camd.dir\release\camd_i_dump.o.obj
c:\coding\vs\suitesparse\build\suitesparse\camd\camd.dir\release\camd_i_defaults.o.obj
c:\coding\vs\suitesparse\build\suitesparse\camd\camd.dir\release\camd_i_control.o.obj
c:\coding\vs\suitesparse\build\suitesparse\camd\camd.dir\release\camd_i_aat.o.obj
c:\coding\vs\suitesparse\build\suitesparse\camd\camd.dir\release\camd_i_2.o.obj
c:\coding\vs\suitesparse\build\suitesparse\camd\camd.dir\release\camd_i_1.o.obj
c:\coding\vs\suitesparse\build\suitesparse\camd\camd.dir\release\camd_global.obj
c:\coding\vs\suitesparse\build\suitesparse\camd\camd.dir\release\camd_l_valid.o.obj
c:\coding\vs\suitesparse\build\suitesparse\camd\camd.dir\release\camd_l_preprocess.o.obj
c:\coding\vs\suitesparse\build\suitesparse\camd\camd.dir\release\camd_l_postorder.o.obj
c:\coding\vs\suitesparse\build\suitesparse\camd\cmakefiles\generate.stamp
c:\coding\vs\suitesparse\build\lib\release\libcamd.dll
c:\coding\vs\suitesparse\build\suitesparse\camd\camd.dir\release\camd.tlog\camd.write.1u.tlog
c:\coding\vs\suitesparse\build\suitesparse\camd\camd.dir\release\camd.tlog\cl.command.1.tlog
c:\coding\vs\suitesparse\build\suitesparse\camd\camd.dir\release\camd.tlog\cl.read.1.tlog
c:\coding\vs\suitesparse\build\suitesparse\camd\camd.dir\release\camd.tlog\cl.write.1.tlog
c:\coding\vs\suitesparse\build\suitesparse\camd\camd.dir\release\camd.tlog\custombuild.command.1.tlog
c:\coding\vs\suitesparse\build\suitesparse\camd\camd.dir\release\camd.tlog\custombuild.read.1.tlog
c:\coding\vs\suitesparse\build\suitesparse\camd\camd.dir\release\camd.tlog\custombuild.write.1.tlog
c:\coding\vs\suitesparse\build\suitesparse\camd\camd.dir\release\camd.tlog\link.command.1.tlog
c:\coding\vs\suitesparse\build\suitesparse\camd\camd.dir\release\camd.tlog\link.delete.1.tlog
c:\coding\vs\suitesparse\build\suitesparse\camd\camd.dir\release\camd.tlog\link.read.1.tlog
c:\coding\vs\suitesparse\build\suitesparse\camd\camd.dir\release\camd.tlog\link.write.1.tlog
