c:\coding\vs\suitesparse\build\lib\release\libbtf.lib
c:\coding\vs\suitesparse\build\lib\release\libbtf.exp
c:\coding\vs\suitesparse\build\suitesparse\btf\btf.dir\release\btf_strongcomp.o.obj
c:\coding\vs\suitesparse\build\suitesparse\btf\btf.dir\release\btf_order.o.obj
c:\coding\vs\suitesparse\build\suitesparse\btf\btf.dir\release\btf_maxtrans.o.obj
c:\coding\vs\suitesparse\build\suitesparse\btf\btf.dir\release\btf_l_strongcomp.o.obj
c:\coding\vs\suitesparse\build\suitesparse\btf\btf.dir\release\btf_l_order.o.obj
c:\coding\vs\suitesparse\build\suitesparse\btf\btf.dir\release\btf_l_maxtrans.o.obj
c:\coding\vs\suitesparse\build\suitesparse\btf\cmakefiles\generate.stamp
c:\coding\vs\suitesparse\build\lib\release\libbtf.dll
c:\coding\vs\suitesparse\build\suitesparse\btf\btf.dir\release\btf.tlog\btf.write.1u.tlog
c:\coding\vs\suitesparse\build\suitesparse\btf\btf.dir\release\btf.tlog\cl.command.1.tlog
c:\coding\vs\suitesparse\build\suitesparse\btf\btf.dir\release\btf.tlog\cl.read.1.tlog
c:\coding\vs\suitesparse\build\suitesparse\btf\btf.dir\release\btf.tlog\cl.write.1.tlog
c:\coding\vs\suitesparse\build\suitesparse\btf\btf.dir\release\btf.tlog\custombuild.command.1.tlog
c:\coding\vs\suitesparse\build\suitesparse\btf\btf.dir\release\btf.tlog\custombuild.read.1.tlog
c:\coding\vs\suitesparse\build\suitesparse\btf\btf.dir\release\btf.tlog\custombuild.write.1.tlog
c:\coding\vs\suitesparse\build\suitesparse\btf\btf.dir\release\btf.tlog\link.command.1.tlog
c:\coding\vs\suitesparse\build\suitesparse\btf\btf.dir\release\btf.tlog\link.read.1.tlog
c:\coding\vs\suitesparse\build\suitesparse\btf\btf.dir\release\btf.tlog\link.write.1.tlog
