  klu_analyze.o.c
c:\coding\vs\suitesparse\suitesparse\klu\source\klu_analyze.c(159): warning C4244: '=': conversion from 'double' to '::size_t', possible loss of data
c:\coding\vs\suitesparse\suitesparse\klu\source\klu_analyze.c(294): warning C4267: '=': conversion from 'size_t' to 'int', possible loss of data
  klu_analyze_given.o.c
  klu_d.o.c
c:\coding\vs\suitesparse\suitesparse\klu\source\klu.c(119): warning C4244: '=': conversion from 'double' to 'int', possible loss of data
c:\coding\vs\suitesparse\suitesparse\klu\source\klu.c(123): warning C4244: '=': conversion from 'double' to 'int', possible loss of data
c:\coding\vs\suitesparse\suitesparse\klu\source\klu.c(133): warning C4244: '=': conversion from 'double' to 'int', possible loss of data
c:\coding\vs\suitesparse\suitesparse\klu\source\klu.c(134): warning C4244: '=': conversion from 'double' to 'int', possible loss of data
  klu_d_diagnostics.o.c
  klu_d_dump.o.c
  klu_d_extract.o.c
  klu_d_factor.o.c
  klu_d_free_numeric.o.c
  klu_d_kernel.o.c
c:\coding\vs\suitesparse\suitesparse\klu\source\klu_kernel.c(773): warning C4244: '=': conversion from 'double' to '::size_t', possible loss of data
  klu_d_refactor.o.c
  klu_d_scale.o.c
  klu_d_solve.o.c
  klu_d_sort.o.c
  klu_d_tsolve.o.c
  klu_defaults.o.c
  klu_free_symbolic.o.c
  klu_l.o.c
c:\coding\vs\suitesparse\suitesparse\klu\source\klu.c(119): warning C4244: '=': conversion from 'double' to '__int64', possible loss of data
c:\coding\vs\suitesparse\suitesparse\klu\source\klu.c(123): warning C4244: '=': conversion from 'double' to '__int64', possible loss of data
c:\coding\vs\suitesparse\suitesparse\klu\source\klu.c(133): warning C4244: '=': conversion from 'double' to '__int64', possible loss of data
c:\coding\vs\suitesparse\suitesparse\klu\source\klu.c(134): warning C4244: '=': conversion from 'double' to '__int64', possible loss of data
  klu_l_analyze.o.c
c:\coding\vs\suitesparse\suitesparse\klu\source\klu_analyze.c(138): warning C4244: '=': conversion from '__int64' to 'double', possible loss of data
c:\coding\vs\suitesparse\suitesparse\klu\source\klu_analyze.c(139): warning C4244: '=': conversion from '__int64' to 'double', possible loss of data
c:\coding\vs\suitesparse\suitesparse\klu\source\klu_analyze.c(159): warning C4244: '=': conversion from 'double' to '::size_t', possible loss of data
c:\coding\vs\suitesparse\suitesparse\klu\source\klu_analyze.c(162): warning C4244: '=': conversion from '__int64' to 'double', possible loss of data
c:\coding\vs\suitesparse\suitesparse\klu\source\klu_analyze.c(200): warning C4244: '=': conversion from '__int64' to 'double', possible loss of data
  klu_l_analyze_given.o.c
  klu_l_defaults.o.c
  Generating Code...
  Compiling...
  klu_l_diagnostics.o.c
  klu_l_dump.o.c
  klu_l_extract.o.c
  klu_l_factor.o.c
c:\coding\vs\suitesparse\suitesparse\klu\source\klu_factor.c(271): warning C4244: '=': conversion from '__int64' to 'double', possible loss of data
  klu_l_free_numeric.o.c
  klu_l_free_symbolic.o.c
  klu_l_kernel.o.c
c:\coding\vs\suitesparse\suitesparse\klu\source\klu_kernel.c(773): warning C4244: '=': conversion from 'double' to '::size_t', possible loss of data
  klu_l_memory.o.c
  klu_l_refactor.o.c
  klu_l_scale.o.c
  klu_l_solve.o.c
  klu_l_sort.o.c
  klu_l_tsolve.o.c
  klu_memory.o.c
  klu_z.o.c
c:\coding\vs\suitesparse\suitesparse\klu\source\klu.c(119): warning C4244: '=': conversion from 'double' to 'int', possible loss of data
c:\coding\vs\suitesparse\suitesparse\klu\source\klu.c(123): warning C4244: '=': conversion from 'double' to 'int', possible loss of data
c:\coding\vs\suitesparse\suitesparse\klu\source\klu.c(133): warning C4244: '=': conversion from 'double' to 'int', possible loss of data
c:\coding\vs\suitesparse\suitesparse\klu\source\klu.c(134): warning C4244: '=': conversion from 'double' to 'int', possible loss of data
  klu_z_diagnostics.o.c
  klu_z_dump.o.c
  klu_z_extract.o.c
  klu_z_factor.o.c
  klu_z_free_numeric.o.c
  Generating Code...
  Compiling...
  klu_z_kernel.o.c
c:\coding\vs\suitesparse\suitesparse\klu\source\klu_kernel.c(773): warning C4244: '=': conversion from 'double' to '::size_t', possible loss of data
  klu_z_refactor.o.c
  klu_z_scale.o.c
  klu_z_solve.o.c
  klu_z_sort.o.c
  klu_z_tsolve.o.c
  klu_zl.o.c
c:\coding\vs\suitesparse\suitesparse\klu\source\klu.c(119): warning C4244: '=': conversion from 'double' to '__int64', possible loss of data
c:\coding\vs\suitesparse\suitesparse\klu\source\klu.c(123): warning C4244: '=': conversion from 'double' to '__int64', possible loss of data
c:\coding\vs\suitesparse\suitesparse\klu\source\klu.c(133): warning C4244: '=': conversion from 'double' to '__int64', possible loss of data
c:\coding\vs\suitesparse\suitesparse\klu\source\klu.c(134): warning C4244: '=': conversion from 'double' to '__int64', possible loss of data
  klu_zl_diagnostics.o.c
  klu_zl_dump.o.c
  klu_zl_extract.o.c
  klu_zl_factor.o.c
c:\coding\vs\suitesparse\suitesparse\klu\source\klu_factor.c(271): warning C4244: '=': conversion from '__int64' to 'double', possible loss of data
  klu_zl_free_numeric.o.c
  klu_zl_kernel.o.c
c:\coding\vs\suitesparse\suitesparse\klu\source\klu_kernel.c(773): warning C4244: '=': conversion from 'double' to '::size_t', possible loss of data
  klu_zl_refactor.o.c
  klu_zl_scale.o.c
  klu_zl_solve.o.c
  klu_zl_sort.o.c
  klu_zl_tsolve.o.c
  Generating Code...
  Auto build dll exports
     Creating library C:/Coding/VS/suitesparse/build/lib/Debug/libklud.lib and object C:/Coding/VS/suitesparse/build/lib/Debug/libklud.exp
  klu.vcxproj -> C:\Coding\VS\suitesparse\build\lib\Debug\libklud.dll
