c:\coding\vs\suitesparse\build\suitesparse\klu\klu.dir\debug\vc141.pdb
c:\coding\vs\suitesparse\build\suitesparse\klu\klu.dir\debug\klu_l_defaults.o.obj
c:\coding\vs\suitesparse\build\suitesparse\klu\klu.dir\debug\klu_l_analyze_given.o.obj
c:\coding\vs\suitesparse\build\suitesparse\klu\klu.dir\debug\klu_l_analyze.o.obj
c:\coding\vs\suitesparse\build\suitesparse\klu\klu.dir\debug\klu_l.o.obj
c:\coding\vs\suitesparse\build\suitesparse\klu\klu.dir\debug\klu_free_symbolic.o.obj
c:\coding\vs\suitesparse\build\suitesparse\klu\klu.dir\debug\klu_defaults.o.obj
c:\coding\vs\suitesparse\build\suitesparse\klu\klu.dir\debug\klu_d_tsolve.o.obj
c:\coding\vs\suitesparse\build\suitesparse\klu\klu.dir\debug\klu_d_sort.o.obj
c:\coding\vs\suitesparse\build\suitesparse\klu\klu.dir\debug\klu_d_solve.o.obj
c:\coding\vs\suitesparse\build\suitesparse\klu\klu.dir\debug\klu_d_scale.o.obj
c:\coding\vs\suitesparse\build\suitesparse\klu\klu.dir\debug\klu_d_refactor.o.obj
c:\coding\vs\suitesparse\build\suitesparse\klu\klu.dir\debug\klu_d_kernel.o.obj
c:\coding\vs\suitesparse\build\suitesparse\klu\klu.dir\debug\klu_d_free_numeric.o.obj
c:\coding\vs\suitesparse\build\suitesparse\klu\klu.dir\debug\klu_d_factor.o.obj
c:\coding\vs\suitesparse\build\suitesparse\klu\klu.dir\debug\klu_d_extract.o.obj
c:\coding\vs\suitesparse\build\suitesparse\klu\klu.dir\debug\klu_d_dump.o.obj
c:\coding\vs\suitesparse\build\suitesparse\klu\klu.dir\debug\klu_d_diagnostics.o.obj
c:\coding\vs\suitesparse\build\suitesparse\klu\klu.dir\debug\klu_d.o.obj
c:\coding\vs\suitesparse\build\suitesparse\klu\klu.dir\debug\klu_analyze_given.o.obj
c:\coding\vs\suitesparse\build\suitesparse\klu\klu.dir\debug\klu_analyze.o.obj
c:\coding\vs\suitesparse\build\suitesparse\klu\klu.dir\debug\klu_z_free_numeric.o.obj
c:\coding\vs\suitesparse\build\suitesparse\klu\klu.dir\debug\klu_z_factor.o.obj
c:\coding\vs\suitesparse\build\suitesparse\klu\klu.dir\debug\klu_z_extract.o.obj
c:\coding\vs\suitesparse\build\suitesparse\klu\klu.dir\debug\klu_z_dump.o.obj
c:\coding\vs\suitesparse\build\suitesparse\klu\klu.dir\debug\klu_z_diagnostics.o.obj
c:\coding\vs\suitesparse\build\suitesparse\klu\klu.dir\debug\klu_z.o.obj
c:\coding\vs\suitesparse\build\suitesparse\klu\klu.dir\debug\klu_memory.o.obj
c:\coding\vs\suitesparse\build\suitesparse\klu\klu.dir\debug\klu_l_tsolve.o.obj
c:\coding\vs\suitesparse\build\suitesparse\klu\klu.dir\debug\klu_l_sort.o.obj
c:\coding\vs\suitesparse\build\suitesparse\klu\klu.dir\debug\klu_l_solve.o.obj
c:\coding\vs\suitesparse\build\suitesparse\klu\klu.dir\debug\klu_l_scale.o.obj
c:\coding\vs\suitesparse\build\suitesparse\klu\klu.dir\debug\klu_l_refactor.o.obj
c:\coding\vs\suitesparse\build\suitesparse\klu\klu.dir\debug\klu_l_memory.o.obj
c:\coding\vs\suitesparse\build\suitesparse\klu\klu.dir\debug\klu_l_kernel.o.obj
c:\coding\vs\suitesparse\build\suitesparse\klu\klu.dir\debug\klu_l_free_symbolic.o.obj
c:\coding\vs\suitesparse\build\suitesparse\klu\klu.dir\debug\klu_l_free_numeric.o.obj
c:\coding\vs\suitesparse\build\suitesparse\klu\klu.dir\debug\klu_l_factor.o.obj
c:\coding\vs\suitesparse\build\suitesparse\klu\klu.dir\debug\klu_l_extract.o.obj
c:\coding\vs\suitesparse\build\suitesparse\klu\klu.dir\debug\klu_l_dump.o.obj
c:\coding\vs\suitesparse\build\suitesparse\klu\klu.dir\debug\klu_l_diagnostics.o.obj
c:\coding\vs\suitesparse\build\suitesparse\klu\klu.dir\debug\klu_zl_tsolve.o.obj
c:\coding\vs\suitesparse\build\suitesparse\klu\klu.dir\debug\klu_zl_sort.o.obj
c:\coding\vs\suitesparse\build\suitesparse\klu\klu.dir\debug\klu_zl_solve.o.obj
c:\coding\vs\suitesparse\build\suitesparse\klu\klu.dir\debug\klu_zl_scale.o.obj
c:\coding\vs\suitesparse\build\suitesparse\klu\klu.dir\debug\klu_zl_refactor.o.obj
c:\coding\vs\suitesparse\build\suitesparse\klu\klu.dir\debug\klu_zl_kernel.o.obj
c:\coding\vs\suitesparse\build\suitesparse\klu\klu.dir\debug\klu_zl_free_numeric.o.obj
c:\coding\vs\suitesparse\build\suitesparse\klu\klu.dir\debug\klu_zl_factor.o.obj
c:\coding\vs\suitesparse\build\suitesparse\klu\klu.dir\debug\klu_zl_extract.o.obj
c:\coding\vs\suitesparse\build\suitesparse\klu\klu.dir\debug\klu_zl_dump.o.obj
c:\coding\vs\suitesparse\build\suitesparse\klu\klu.dir\debug\klu_zl_diagnostics.o.obj
c:\coding\vs\suitesparse\build\suitesparse\klu\klu.dir\debug\klu_zl.o.obj
c:\coding\vs\suitesparse\build\suitesparse\klu\klu.dir\debug\klu_z_tsolve.o.obj
c:\coding\vs\suitesparse\build\suitesparse\klu\klu.dir\debug\klu_z_sort.o.obj
c:\coding\vs\suitesparse\build\suitesparse\klu\klu.dir\debug\klu_z_solve.o.obj
c:\coding\vs\suitesparse\build\suitesparse\klu\klu.dir\debug\klu_z_scale.o.obj
c:\coding\vs\suitesparse\build\suitesparse\klu\klu.dir\debug\klu_z_refactor.o.obj
c:\coding\vs\suitesparse\build\suitesparse\klu\klu.dir\debug\klu_z_kernel.o.obj
c:\coding\vs\suitesparse\build\suitesparse\klu\cmakefiles\generate.stamp
c:\coding\vs\suitesparse\build\lib\debug\libklud.lib
c:\coding\vs\suitesparse\build\lib\debug\libklud.exp
c:\coding\vs\suitesparse\build\lib\debug\libklud.ilk
c:\coding\vs\suitesparse\build\lib\debug\libklud.dll
c:\coding\vs\suitesparse\build\lib\debug\libklud.pdb
c:\coding\vs\suitesparse\build\suitesparse\klu\klu.dir\debug\klu.tlog\cl.command.1.tlog
c:\coding\vs\suitesparse\build\suitesparse\klu\klu.dir\debug\klu.tlog\cl.read.1.tlog
c:\coding\vs\suitesparse\build\suitesparse\klu\klu.dir\debug\klu.tlog\cl.write.1.tlog
c:\coding\vs\suitesparse\build\suitesparse\klu\klu.dir\debug\klu.tlog\custombuild.command.1.tlog
c:\coding\vs\suitesparse\build\suitesparse\klu\klu.dir\debug\klu.tlog\custombuild.read.1.tlog
c:\coding\vs\suitesparse\build\suitesparse\klu\klu.dir\debug\klu.tlog\custombuild.write.1.tlog
c:\coding\vs\suitesparse\build\suitesparse\klu\klu.dir\debug\klu.tlog\klu.write.1u.tlog
c:\coding\vs\suitesparse\build\suitesparse\klu\klu.dir\debug\klu.tlog\link.command.1.tlog
c:\coding\vs\suitesparse\build\suitesparse\klu\klu.dir\debug\klu.tlog\link.read.1.tlog
c:\coding\vs\suitesparse\build\suitesparse\klu\klu.dir\debug\klu.tlog\link.write.1.tlog
