c:\coding\vs\suitesparse\build\suitesparse\colamd\colamd.dir\debug\vc141.pdb
c:\coding\vs\suitesparse\build\suitesparse\colamd\colamd.dir\debug\colamd_l.o.obj
c:\coding\vs\suitesparse\build\suitesparse\colamd\colamd.dir\debug\colamd_global.obj
c:\coding\vs\suitesparse\build\suitesparse\colamd\colamd.dir\debug\colamd.obj
c:\coding\vs\suitesparse\build\lib\debug\libcolamdd.lib
c:\coding\vs\suitesparse\build\lib\debug\libcolamdd.exp
c:\coding\vs\suitesparse\build\suitesparse\colamd\cmakefiles\generate.stamp
c:\coding\vs\suitesparse\build\lib\debug\libcolamdd.ilk
c:\coding\vs\suitesparse\build\lib\debug\libcolamdd.dll
c:\coding\vs\suitesparse\build\lib\debug\libcolamdd.pdb
c:\coding\vs\suitesparse\build\suitesparse\colamd\colamd.dir\debug\colamd.tlog\cl.command.1.tlog
c:\coding\vs\suitesparse\build\suitesparse\colamd\colamd.dir\debug\colamd.tlog\cl.read.1.tlog
c:\coding\vs\suitesparse\build\suitesparse\colamd\colamd.dir\debug\colamd.tlog\cl.write.1.tlog
c:\coding\vs\suitesparse\build\suitesparse\colamd\colamd.dir\debug\colamd.tlog\colamd.write.1u.tlog
c:\coding\vs\suitesparse\build\suitesparse\colamd\colamd.dir\debug\colamd.tlog\custombuild.command.1.tlog
c:\coding\vs\suitesparse\build\suitesparse\colamd\colamd.dir\debug\colamd.tlog\custombuild.read.1.tlog
c:\coding\vs\suitesparse\build\suitesparse\colamd\colamd.dir\debug\colamd.tlog\custombuild.write.1.tlog
c:\coding\vs\suitesparse\build\suitesparse\colamd\colamd.dir\debug\colamd.tlog\link.command.1.tlog
c:\coding\vs\suitesparse\build\suitesparse\colamd\colamd.dir\debug\colamd.tlog\link.read.1.tlog
c:\coding\vs\suitesparse\build\suitesparse\colamd\colamd.dir\debug\colamd.tlog\link.write.1.tlog
