c:\coding\vs\suitesparse\build\lib\debug\libcholmodd.lib
c:\coding\vs\suitesparse\build\lib\debug\libcholmodd.exp
c:\coding\vs\suitesparse\build\suitesparse\cholmod\cholmod.dir\debug\vc141.pdb
c:\coding\vs\suitesparse\build\suitesparse\cholmod\cholmod.dir\debug\cholmod_factorize.o.obj
c:\coding\vs\suitesparse\build\suitesparse\cholmod\cholmod.dir\debug\cholmod_factor.o.obj
c:\coding\vs\suitesparse\build\suitesparse\cholmod\cholmod.dir\debug\cholmod_etree.o.obj
c:\coding\vs\suitesparse\build\suitesparse\cholmod\cholmod.dir\debug\cholmod_error.o.obj
c:\coding\vs\suitesparse\build\suitesparse\cholmod\cholmod.dir\debug\cholmod_drop.o.obj
c:\coding\vs\suitesparse\build\suitesparse\cholmod\cholmod.dir\debug\cholmod_dense.o.obj
c:\coding\vs\suitesparse\build\suitesparse\cholmod\cholmod.dir\debug\cholmod_csymamd.o.obj
c:\coding\vs\suitesparse\build\suitesparse\cholmod\cholmod.dir\debug\cholmod_copy.o.obj
c:\coding\vs\suitesparse\build\suitesparse\cholmod\cholmod.dir\debug\cholmod_complex.o.obj
c:\coding\vs\suitesparse\build\suitesparse\cholmod\cholmod.dir\debug\cholmod_common.o.obj
c:\coding\vs\suitesparse\build\suitesparse\cholmod\cholmod.dir\debug\cholmod_colamd.o.obj
c:\coding\vs\suitesparse\build\suitesparse\cholmod\cholmod.dir\debug\cholmod_check.o.obj
c:\coding\vs\suitesparse\build\suitesparse\cholmod\cholmod.dir\debug\cholmod_change_factor.o.obj
c:\coding\vs\suitesparse\build\suitesparse\cholmod\cholmod.dir\debug\cholmod_ccolamd.o.obj
c:\coding\vs\suitesparse\build\suitesparse\cholmod\cholmod.dir\debug\cholmod_camd.o.obj
c:\coding\vs\suitesparse\build\suitesparse\cholmod\cholmod.dir\debug\cholmod_band.o.obj
c:\coding\vs\suitesparse\build\suitesparse\cholmod\cholmod.dir\debug\cholmod_analyze.o.obj
c:\coding\vs\suitesparse\build\suitesparse\cholmod\cholmod.dir\debug\cholmod_amd.o.obj
c:\coding\vs\suitesparse\build\suitesparse\cholmod\cholmod.dir\debug\cholmod_add.o.obj
c:\coding\vs\suitesparse\build\suitesparse\cholmod\cholmod.dir\debug\cholmod_aat.o.obj
c:\coding\vs\suitesparse\build\suitesparse\cholmod\cholmod.dir\debug\cholmod_l_factor.o.obj
c:\coding\vs\suitesparse\build\suitesparse\cholmod\cholmod.dir\debug\cholmod_l_etree.o.obj
c:\coding\vs\suitesparse\build\suitesparse\cholmod\cholmod.dir\debug\cholmod_l_error.o.obj
c:\coding\vs\suitesparse\build\suitesparse\cholmod\cholmod.dir\debug\cholmod_l_drop.o.obj
c:\coding\vs\suitesparse\build\suitesparse\cholmod\cholmod.dir\debug\cholmod_l_dense.o.obj
c:\coding\vs\suitesparse\build\suitesparse\cholmod\cholmod.dir\debug\cholmod_l_csymamd.o.obj
c:\coding\vs\suitesparse\build\suitesparse\cholmod\cholmod.dir\debug\cholmod_l_copy.o.obj
c:\coding\vs\suitesparse\build\suitesparse\cholmod\cholmod.dir\debug\cholmod_l_complex.o.obj
c:\coding\vs\suitesparse\build\suitesparse\cholmod\cholmod.dir\debug\cholmod_l_common.o.obj
c:\coding\vs\suitesparse\build\suitesparse\cholmod\cholmod.dir\debug\cholmod_l_colamd.o.obj
c:\coding\vs\suitesparse\build\suitesparse\cholmod\cholmod.dir\debug\cholmod_l_check.o.obj
c:\coding\vs\suitesparse\build\suitesparse\cholmod\cholmod.dir\debug\cholmod_l_change_factor.o.obj
c:\coding\vs\suitesparse\build\suitesparse\cholmod\cholmod.dir\debug\cholmod_l_ccolamd.o.obj
c:\coding\vs\suitesparse\build\suitesparse\cholmod\cholmod.dir\debug\cholmod_l_camd.o.obj
c:\coding\vs\suitesparse\build\suitesparse\cholmod\cholmod.dir\debug\cholmod_l_band.o.obj
c:\coding\vs\suitesparse\build\suitesparse\cholmod\cholmod.dir\debug\cholmod_l_analyze.o.obj
c:\coding\vs\suitesparse\build\suitesparse\cholmod\cholmod.dir\debug\cholmod_l_amd.o.obj
c:\coding\vs\suitesparse\build\suitesparse\cholmod\cholmod.dir\debug\cholmod_l_add.o.obj
c:\coding\vs\suitesparse\build\suitesparse\cholmod\cholmod.dir\debug\cholmod_l_aat.o.obj
c:\coding\vs\suitesparse\build\suitesparse\cholmod\cholmod.dir\debug\cholmod_horzcat.o.obj
c:\coding\vs\suitesparse\build\suitesparse\cholmod\cholmod.dir\debug\cholmod_l_ssmult.o.obj
c:\coding\vs\suitesparse\build\suitesparse\cholmod\cholmod.dir\debug\cholmod_l_spsolve.o.obj
c:\coding\vs\suitesparse\build\suitesparse\cholmod\cholmod.dir\debug\cholmod_l_sparse.o.obj
c:\coding\vs\suitesparse\build\suitesparse\cholmod\cholmod.dir\debug\cholmod_l_solve.o.obj
c:\coding\vs\suitesparse\build\suitesparse\cholmod\cholmod.dir\debug\cholmod_l_sdmult.o.obj
c:\coding\vs\suitesparse\build\suitesparse\cholmod\cholmod.dir\debug\cholmod_l_scale.o.obj
c:\coding\vs\suitesparse\build\suitesparse\cholmod\cholmod.dir\debug\cholmod_l_rowfac.o.obj
c:\coding\vs\suitesparse\build\suitesparse\cholmod\cholmod.dir\debug\cholmod_l_rowdel.o.obj
c:\coding\vs\suitesparse\build\suitesparse\cholmod\cholmod.dir\debug\cholmod_l_rowcolcounts.o.obj
c:\coding\vs\suitesparse\build\suitesparse\cholmod\cholmod.dir\debug\cholmod_l_rowadd.o.obj
c:\coding\vs\suitesparse\build\suitesparse\cholmod\cholmod.dir\debug\cholmod_l_resymbol.o.obj
c:\coding\vs\suitesparse\build\suitesparse\cholmod\cholmod.dir\debug\cholmod_l_read.o.obj
c:\coding\vs\suitesparse\build\suitesparse\cholmod\cholmod.dir\debug\cholmod_l_rcond.o.obj
c:\coding\vs\suitesparse\build\suitesparse\cholmod\cholmod.dir\debug\cholmod_l_postorder.o.obj
c:\coding\vs\suitesparse\build\suitesparse\cholmod\cholmod.dir\debug\cholmod_l_norm.o.obj
c:\coding\vs\suitesparse\build\suitesparse\cholmod\cholmod.dir\debug\cholmod_l_nesdis.o.obj
c:\coding\vs\suitesparse\build\suitesparse\cholmod\cholmod.dir\debug\cholmod_l_metis.o.obj
c:\coding\vs\suitesparse\build\suitesparse\cholmod\cholmod.dir\debug\cholmod_l_memory.o.obj
c:\coding\vs\suitesparse\build\suitesparse\cholmod\cholmod.dir\debug\cholmod_l_horzcat.o.obj
c:\coding\vs\suitesparse\build\suitesparse\cholmod\cholmod.dir\debug\cholmod_l_factorize.o.obj
c:\coding\vs\suitesparse\build\suitesparse\cholmod\cholmod.dir\debug\cholmod_rowcolcounts.o.obj
c:\coding\vs\suitesparse\build\suitesparse\cholmod\cholmod.dir\debug\cholmod_rowadd.o.obj
c:\coding\vs\suitesparse\build\suitesparse\cholmod\cholmod.dir\debug\cholmod_resymbol.o.obj
c:\coding\vs\suitesparse\build\suitesparse\cholmod\cholmod.dir\debug\cholmod_read.o.obj
c:\coding\vs\suitesparse\build\suitesparse\cholmod\cholmod.dir\debug\cholmod_rcond.o.obj
c:\coding\vs\suitesparse\build\suitesparse\cholmod\cholmod.dir\debug\cholmod_postorder.o.obj
c:\coding\vs\suitesparse\build\suitesparse\cholmod\cholmod.dir\debug\cholmod_norm.o.obj
c:\coding\vs\suitesparse\build\suitesparse\cholmod\cholmod.dir\debug\cholmod_nesdis.o.obj
c:\coding\vs\suitesparse\build\suitesparse\cholmod\cholmod.dir\debug\cholmod_metis.o.obj
c:\coding\vs\suitesparse\build\suitesparse\cholmod\cholmod.dir\debug\cholmod_memory.o.obj
c:\coding\vs\suitesparse\build\suitesparse\cholmod\cholmod.dir\debug\cholmod_l_write.o.obj
c:\coding\vs\suitesparse\build\suitesparse\cholmod\cholmod.dir\debug\cholmod_l_vertcat.o.obj
c:\coding\vs\suitesparse\build\suitesparse\cholmod\cholmod.dir\debug\cholmod_l_updown.o.obj
c:\coding\vs\suitesparse\build\suitesparse\cholmod\cholmod.dir\debug\cholmod_l_triplet.o.obj
c:\coding\vs\suitesparse\build\suitesparse\cholmod\cholmod.dir\debug\cholmod_l_transpose.o.obj
c:\coding\vs\suitesparse\build\suitesparse\cholmod\cholmod.dir\debug\cholmod_l_symmetry.o.obj
c:\coding\vs\suitesparse\build\suitesparse\cholmod\cholmod.dir\debug\cholmod_l_super_symbolic.o.obj
c:\coding\vs\suitesparse\build\suitesparse\cholmod\cholmod.dir\debug\cholmod_l_super_solve.o.obj
c:\coding\vs\suitesparse\build\suitesparse\cholmod\cholmod.dir\debug\cholmod_l_super_numeric.o.obj
c:\coding\vs\suitesparse\build\suitesparse\cholmod\cholmod.dir\debug\cholmod_l_submatrix.o.obj
c:\coding\vs\suitesparse\build\suitesparse\cholmod\cholmod.dir\debug\cholmod_write.o.obj
c:\coding\vs\suitesparse\build\suitesparse\cholmod\cholmod.dir\debug\cholmod_vertcat.o.obj
c:\coding\vs\suitesparse\build\suitesparse\cholmod\cholmod.dir\debug\cholmod_updown.o.obj
c:\coding\vs\suitesparse\build\suitesparse\cholmod\cholmod.dir\debug\cholmod_triplet.o.obj
c:\coding\vs\suitesparse\build\suitesparse\cholmod\cholmod.dir\debug\cholmod_transpose.o.obj
c:\coding\vs\suitesparse\build\suitesparse\cholmod\cholmod.dir\debug\cholmod_symmetry.o.obj
c:\coding\vs\suitesparse\build\suitesparse\cholmod\cholmod.dir\debug\cholmod_super_symbolic.o.obj
c:\coding\vs\suitesparse\build\suitesparse\cholmod\cholmod.dir\debug\cholmod_super_solve.o.obj
c:\coding\vs\suitesparse\build\suitesparse\cholmod\cholmod.dir\debug\cholmod_super_numeric.o.obj
c:\coding\vs\suitesparse\build\suitesparse\cholmod\cholmod.dir\debug\cholmod_submatrix.o.obj
c:\coding\vs\suitesparse\build\suitesparse\cholmod\cholmod.dir\debug\cholmod_ssmult.o.obj
c:\coding\vs\suitesparse\build\suitesparse\cholmod\cholmod.dir\debug\cholmod_spsolve.o.obj
c:\coding\vs\suitesparse\build\suitesparse\cholmod\cholmod.dir\debug\cholmod_sparse.o.obj
c:\coding\vs\suitesparse\build\suitesparse\cholmod\cholmod.dir\debug\cholmod_solve.o.obj
c:\coding\vs\suitesparse\build\suitesparse\cholmod\cholmod.dir\debug\cholmod_sdmult.o.obj
c:\coding\vs\suitesparse\build\suitesparse\cholmod\cholmod.dir\debug\cholmod_scale.o.obj
c:\coding\vs\suitesparse\build\suitesparse\cholmod\cholmod.dir\debug\cholmod_rowfac.o.obj
c:\coding\vs\suitesparse\build\suitesparse\cholmod\cholmod.dir\debug\cholmod_rowdel.o.obj
c:\coding\vs\suitesparse\build\suitesparse\cholmod\cmakefiles\generate.stamp
c:\coding\vs\suitesparse\build\lib\debug\libcholmodd.ilk
c:\coding\vs\suitesparse\build\lib\debug\libcholmodd.dll
c:\coding\vs\suitesparse\build\lib\debug\libcholmodd.pdb
c:\coding\vs\suitesparse\build\suitesparse\cholmod\cholmod.dir\debug\cholmod.tlog\cholmod.write.1u.tlog
c:\coding\vs\suitesparse\build\suitesparse\cholmod\cholmod.dir\debug\cholmod.tlog\cl.command.1.tlog
c:\coding\vs\suitesparse\build\suitesparse\cholmod\cholmod.dir\debug\cholmod.tlog\cl.read.1.tlog
c:\coding\vs\suitesparse\build\suitesparse\cholmod\cholmod.dir\debug\cholmod.tlog\cl.write.1.tlog
c:\coding\vs\suitesparse\build\suitesparse\cholmod\cholmod.dir\debug\cholmod.tlog\custombuild.command.1.tlog
c:\coding\vs\suitesparse\build\suitesparse\cholmod\cholmod.dir\debug\cholmod.tlog\custombuild.read.1.tlog
c:\coding\vs\suitesparse\build\suitesparse\cholmod\cholmod.dir\debug\cholmod.tlog\custombuild.write.1.tlog
c:\coding\vs\suitesparse\build\suitesparse\cholmod\cholmod.dir\debug\cholmod.tlog\link.command.1.tlog
c:\coding\vs\suitesparse\build\suitesparse\cholmod\cholmod.dir\debug\cholmod.tlog\link.read.1.tlog
c:\coding\vs\suitesparse\build\suitesparse\cholmod\cholmod.dir\debug\cholmod.tlog\link.write.1.tlog
