c:\coding\vs\suitesparse\build\suitesparse\spqr\spqr.dir\release\spqr_rcount.obj
c:\coding\vs\suitesparse\build\suitesparse\spqr\spqr.dir\release\spqr_rconvert.obj
c:\coding\vs\suitesparse\build\suitesparse\spqr\spqr.dir\release\spqr_maxcolnorm.obj
c:\coding\vs\suitesparse\build\suitesparse\spqr\spqr.dir\release\spqr_fsize.obj
c:\coding\vs\suitesparse\build\suitesparse\spqr\spqr.dir\release\spqr_freefac.obj
c:\coding\vs\suitesparse\build\suitesparse\spqr\spqr.dir\release\spqr_freesym.obj
c:\coding\vs\suitesparse\build\suitesparse\spqr\spqr.dir\release\spqr_freenum.obj
c:\coding\vs\suitesparse\build\suitesparse\spqr\spqr.dir\release\spqr_factorize.obj
c:\coding\vs\suitesparse\build\suitesparse\spqr\spqr.dir\release\spqr_front.obj
c:\coding\vs\suitesparse\build\suitesparse\spqr\spqr.dir\release\spqr_debug.obj
c:\coding\vs\suitesparse\build\suitesparse\spqr\spqr.dir\release\spqr_fcsize.obj
c:\coding\vs\suitesparse\build\suitesparse\spqr\spqr.dir\release\spqr_csize.obj
c:\coding\vs\suitesparse\build\suitesparse\spqr\spqr.dir\release\spqr_cpack.obj
c:\coding\vs\suitesparse\build\suitesparse\spqr\spqr.dir\release\spqr_assemble.obj
c:\coding\vs\suitesparse\build\suitesparse\spqr\spqr.dir\release\spqr_analyze.obj
c:\coding\vs\suitesparse\build\suitesparse\spqr\spqr.dir\release\spqr_kernel.obj
c:\coding\vs\suitesparse\build\suitesparse\spqr\spqr.dir\release\spqr_parallel.obj
c:\coding\vs\suitesparse\build\suitesparse\spqr\spqr.dir\release\suitesparseqr_expert.obj
c:\coding\vs\suitesparse\build\suitesparse\spqr\spqr.dir\release\suitesparseqr_c.obj
c:\coding\vs\suitesparse\build\suitesparse\spqr\spqr.dir\release\spqr_rmap.obj
c:\coding\vs\suitesparse\build\suitesparse\spqr\spqr.dir\release\spqr_tol.obj
c:\coding\vs\suitesparse\build\suitesparse\spqr\spqr.dir\release\spqr_type.obj
c:\coding\vs\suitesparse\build\suitesparse\spqr\spqr.dir\release\spqr_append.obj
c:\coding\vs\suitesparse\build\suitesparse\spqr\spqr.dir\release\spqr_larftb.obj
c:\coding\vs\suitesparse\build\suitesparse\spqr\spqr.dir\release\spqr_trapezoidal.obj
c:\coding\vs\suitesparse\build\suitesparse\spqr\spqr.dir\release\suitesparseqr_qmult.obj
c:\coding\vs\suitesparse\build\suitesparse\spqr\spqr.dir\release\spqr_happly_work.obj
c:\coding\vs\suitesparse\build\suitesparse\spqr\spqr.dir\release\spqr_panel.obj
c:\coding\vs\suitesparse\build\suitesparse\spqr\spqr.dir\release\spqr_happly.obj
c:\coding\vs\suitesparse\build\suitesparse\spqr\spqr.dir\release\spqr_shift.obj
c:\coding\vs\suitesparse\build\suitesparse\spqr\spqr.dir\release\spqr_cumsum.obj
c:\coding\vs\suitesparse\build\suitesparse\spqr\spqr.dir\release\spqr_1factor.obj
c:\coding\vs\suitesparse\build\suitesparse\spqr\spqr.dir\release\suitesparseqr.obj
c:\coding\vs\suitesparse\build\suitesparse\spqr\spqr.dir\release\spqr_1colamd.obj
c:\coding\vs\suitesparse\build\suitesparse\spqr\spqr.dir\release\spqr_1fixed.obj
c:\coding\vs\suitesparse\build\suitesparse\spqr\spqr.dir\release\spqr_hpinv.obj
c:\coding\vs\suitesparse\build\suitesparse\spqr\spqr.dir\release\spqr_stranspose2.obj
c:\coding\vs\suitesparse\build\suitesparse\spqr\spqr.dir\release\spqr_stranspose1.obj
c:\coding\vs\suitesparse\build\suitesparse\spqr\spqr.dir\release\spqr_rsolve.obj
c:\coding\vs\suitesparse\build\suitesparse\spqr\spqr.dir\release\spqr_rhpack.obj
c:\coding\vs\suitesparse\build\suitesparse\spqr\cmakefiles\generate.stamp
c:\coding\vs\suitesparse\build\lib\release\libspqr.dll
c:\coding\vs\suitesparse\build\lib\release\libspqr.lib
c:\coding\vs\suitesparse\build\lib\release\libspqr.exp
c:\coding\vs\suitesparse\build\suitesparse\spqr\spqr.dir\release\spqr.tlog\cl.command.1.tlog
c:\coding\vs\suitesparse\build\suitesparse\spqr\spqr.dir\release\spqr.tlog\cl.read.1.tlog
c:\coding\vs\suitesparse\build\suitesparse\spqr\spqr.dir\release\spqr.tlog\cl.write.1.tlog
c:\coding\vs\suitesparse\build\suitesparse\spqr\spqr.dir\release\spqr.tlog\custombuild.command.1.tlog
c:\coding\vs\suitesparse\build\suitesparse\spqr\spqr.dir\release\spqr.tlog\custombuild.read.1.tlog
c:\coding\vs\suitesparse\build\suitesparse\spqr\spqr.dir\release\spqr.tlog\custombuild.write.1.tlog
c:\coding\vs\suitesparse\build\suitesparse\spqr\spqr.dir\release\spqr.tlog\link.command.1.tlog
c:\coding\vs\suitesparse\build\suitesparse\spqr\spqr.dir\release\spqr.tlog\link.delete.1.tlog
c:\coding\vs\suitesparse\build\suitesparse\spqr\spqr.dir\release\spqr.tlog\link.read.1.tlog
c:\coding\vs\suitesparse\build\suitesparse\spqr\spqr.dir\release\spqr.tlog\link.write.1.tlog
c:\coding\vs\suitesparse\build\suitesparse\spqr\spqr.dir\release\spqr.tlog\spqr.write.1u.tlog
